ARM GAS  C:\Users\lenovo\AppData\Local\Temp\ccmFB0jI.s 			page 1


   1              		.cpu cortex-m4
   2              		.arch armv7e-m
   3              		.fpu fpv4-sp-d16
   4              		.eabi_attribute 27, 1
   5              		.eabi_attribute 28, 1
   6              		.eabi_attribute 20, 1
   7              		.eabi_attribute 21, 1
   8              		.eabi_attribute 23, 3
   9              		.eabi_attribute 24, 1
  10              		.eabi_attribute 25, 1
  11              		.eabi_attribute 26, 1
  12              		.eabi_attribute 30, 1
  13              		.eabi_attribute 34, 1
  14              		.eabi_attribute 18, 4
  15              		.file	"app.c"
  16              		.text
  17              	.Ltext0:
  18              		.cfi_sections	.debug_frame
  19              		.section	.text.APP_Layer_Init,"ax",%progbits
  20              		.align	1
  21              		.global	APP_Layer_Init
  22              		.syntax unified
  23              		.thumb
  24              		.thumb_func
  26              	APP_Layer_Init:
  27              	.LFB169:
  28              		.file 1 "Core/APP/app.c"
   1:Core/APP/app.c **** #include "app.h"
   2:Core/APP/app.c **** #include "robot_def.h"
   3:Core/APP/app.c **** #include "BMI088.h"
   4:Core/APP/app.c **** #include "bsp_def.h"
   5:Core/APP/app.c **** 
   6:Core/APP/app.c **** #include <arm_math.h>
   7:Core/APP/app.c **** #include <math.h>
   8:Core/APP/app.c **** 
   9:Core/APP/app.c **** #include "bsp.h"
  10:Core/APP/app.c **** #include "bsp_random.h"
  11:Core/APP/app.c **** #include "common.h"
  12:Core/APP/app.c **** // 功能模块
  13:Core/APP/app.c **** #include "chassis.h"
  14:Core/APP/app.c **** // 控制模块
  15:Core/APP/app.c **** // #include "robot_cmd.h"
  16:Core/APP/app.c **** 
  17:Core/APP/app.c **** Chassis* chassis;
  18:Core/APP/app.c **** void APP_Layer_Init() {
  29              		.loc 1 18 23 view -0
  30              		.cfi_startproc
  31              		@ args = 0, pretend = 0, frame = 0
  32              		@ frame_needed = 0, uses_anonymous_args = 0
  33 0000 08B5     		push	{r3, lr}
  34              	.LCFI0:
  35              		.cfi_def_cfa_offset 8
  36              		.cfi_offset 3, -8
  37              		.cfi_offset 14, -4
  19:Core/APP/app.c ****     // robot_cmd = Robot_CMD_Create();
  20:Core/APP/app.c ****     chassis = Chassis_Create();
  38              		.loc 1 20 5 view .LVU1
ARM GAS  C:\Users\lenovo\AppData\Local\Temp\ccmFB0jI.s 			page 2


  39              		.loc 1 20 15 is_stmt 0 view .LVU2
  40 0002 FFF7FEFF 		bl	Chassis_Create
  41              	.LVL0:
  42              		.loc 1 20 13 view .LVU3
  43 0006 014B     		ldr	r3, .L3
  44 0008 1860     		str	r0, [r3]
  21:Core/APP/app.c **** }
  45              		.loc 1 21 1 view .LVU4
  46 000a 08BD     		pop	{r3, pc}
  47              	.L4:
  48              		.align	2
  49              	.L3:
  50 000c 00000000 		.word	.LANCHOR0
  51              		.cfi_endproc
  52              	.LFE169:
  54              		.section	.text.APP_Loop,"ax",%progbits
  55              		.align	1
  56              		.global	APP_Loop
  57              		.syntax unified
  58              		.thumb
  59              		.thumb_func
  61              	APP_Loop:
  62              	.LFB170:
  22:Core/APP/app.c **** 
  23:Core/APP/app.c **** void APP_Loop() {
  63              		.loc 1 23 17 is_stmt 1 view -0
  64              		.cfi_startproc
  65              		@ args = 0, pretend = 0, frame = 0
  66              		@ frame_needed = 0, uses_anonymous_args = 0
  67 0000 08B5     		push	{r3, lr}
  68              	.LCFI1:
  69              		.cfi_def_cfa_offset 8
  70              		.cfi_offset 3, -8
  71              		.cfi_offset 14, -4
  24:Core/APP/app.c ****     // Robot_CMD_Update(robot_cmd);
  25:Core/APP/app.c ****     Chassis_Update(chassis);
  72              		.loc 1 25 5 view .LVU6
  73 0002 024B     		ldr	r3, .L7
  74 0004 1868     		ldr	r0, [r3]
  75 0006 FFF7FEFF 		bl	Chassis_Update
  76              	.LVL1:
  26:Core/APP/app.c **** }
  77              		.loc 1 26 1 is_stmt 0 view .LVU7
  78 000a 08BD     		pop	{r3, pc}
  79              	.L8:
  80              		.align	2
  81              	.L7:
  82 000c 00000000 		.word	.LANCHOR0
  83              		.cfi_endproc
  84              	.LFE170:
  86              		.global	__aeabi_f2d
  87              		.section	.rodata.APP_Log_Loop.str1.4,"aMS",%progbits,1
  88              		.align	2
  89              	.LC0:
  90 0000 4D6F6465 		.ascii	"Mode: %d, VX: %f, WZ: %f\012\000"
  90      3A202564 
  90      2C205658 
ARM GAS  C:\Users\lenovo\AppData\Local\Temp\ccmFB0jI.s 			page 3


  90      3A202566 
  90      2C20575A 
  91 001a 0000     		.align	2
  92              	.LC1:
  93 001c 4E6F2076 		.ascii	"No valid cmd_data available.\012\000"
  93      616C6964 
  93      20636D64 
  93      5F646174 
  93      61206176 
  94              		.section	.text.APP_Log_Loop,"ax",%progbits
  95              		.align	1
  96              		.global	APP_Log_Loop
  97              		.syntax unified
  98              		.thumb
  99              		.thumb_func
 101              	APP_Log_Loop:
 102              	.LFB171:
  27:Core/APP/app.c **** 
  28:Core/APP/app.c **** // 打印输出等到ozone的窗口 用于测试项目
  29:Core/APP/app.c **** void APP_Log_Loop() {
 103              		.loc 1 29 21 is_stmt 1 view -0
 104              		.cfi_startproc
 105              		@ args = 0, pretend = 0, frame = 0
 106              		@ frame_needed = 0, uses_anonymous_args = 0
 107 0000 F0B5     		push	{r4, r5, r6, r7, lr}
 108              	.LCFI2:
 109              		.cfi_def_cfa_offset 20
 110              		.cfi_offset 4, -20
 111              		.cfi_offset 5, -16
 112              		.cfi_offset 6, -12
 113              		.cfi_offset 7, -8
 114              		.cfi_offset 14, -4
 115 0002 83B0     		sub	sp, sp, #12
 116              	.LCFI3:
 117              		.cfi_def_cfa_offset 32
  30:Core/APP/app.c ****     if (chassis->cmd_data != NULL) {
 118              		.loc 1 30 5 view .LVU9
 119              		.loc 1 30 16 is_stmt 0 view .LVU10
 120 0004 0E4B     		ldr	r3, .L13
 121 0006 1B68     		ldr	r3, [r3]
 122 0008 5B69     		ldr	r3, [r3, #20]	@ unaligned
 123              		.loc 1 30 8 view .LVU11
 124 000a ABB1     		cbz	r3, .L10
  31:Core/APP/app.c ****         printf_log("Mode: %d, VX: %f, WZ: %f\n", chassis->cmd_data->mode, chassis->cmd_data->vx, ch
 125              		.loc 1 31 9 is_stmt 1 view .LVU12
 126              		.loc 1 31 67 is_stmt 0 view .LVU13
 127 000c 1E78     		ldrb	r6, [r3]	@ zero_extendqisi2
 128              		.loc 1 31 92 view .LVU14
 129 000e D3F80100 		ldr	r0, [r3, #1]	@ unaligned
 130              		.loc 1 31 115 view .LVU15
 131 0012 D3F80570 		ldr	r7, [r3, #5]	@ unaligned
 132              		.loc 1 31 9 view .LVU16
 133 0016 FFF7FEFF 		bl	__aeabi_f2d
 134              	.LVL2:
 135 001a 0446     		mov	r4, r0
 136 001c 0D46     		mov	r5, r1
 137 001e 3846     		mov	r0, r7	@ float
ARM GAS  C:\Users\lenovo\AppData\Local\Temp\ccmFB0jI.s 			page 4


 138 0020 FFF7FEFF 		bl	__aeabi_f2d
 139              	.LVL3:
 140 0024 CDE90001 		strd	r0, [sp]
 141 0028 2246     		mov	r2, r4
 142 002a 2B46     		mov	r3, r5
 143 002c 3146     		mov	r1, r6
 144 002e 0548     		ldr	r0, .L13+4
 145 0030 FFF7FEFF 		bl	printf_log
 146              	.LVL4:
 147              	.L9:
  32:Core/APP/app.c ****     } else {
  33:Core/APP/app.c ****         printf_log("No valid cmd_data available.\n");
  34:Core/APP/app.c ****     }
  35:Core/APP/app.c **** }
 148              		.loc 1 35 1 view .LVU17
 149 0034 03B0     		add	sp, sp, #12
 150              	.LCFI4:
 151              		.cfi_remember_state
 152              		.cfi_def_cfa_offset 20
 153              		@ sp needed
 154 0036 F0BD     		pop	{r4, r5, r6, r7, pc}
 155              	.L10:
 156              	.LCFI5:
 157              		.cfi_restore_state
  33:Core/APP/app.c ****     }
 158              		.loc 1 33 9 is_stmt 1 view .LVU18
 159 0038 0348     		ldr	r0, .L13+8
 160 003a FFF7FEFF 		bl	printf_log
 161              	.LVL5:
 162              		.loc 1 35 1 is_stmt 0 view .LVU19
 163 003e F9E7     		b	.L9
 164              	.L14:
 165              		.align	2
 166              	.L13:
 167 0040 00000000 		.word	.LANCHOR0
 168 0044 00000000 		.word	.LC0
 169 0048 1C000000 		.word	.LC1
 170              		.cfi_endproc
 171              	.LFE171:
 173              		.section	.text.APP_Layer_default_loop,"ax",%progbits
 174              		.align	1
 175              		.global	APP_Layer_default_loop
 176              		.syntax unified
 177              		.thumb
 178              		.thumb_func
 180              	APP_Layer_default_loop:
 181              	.LFB172:
  36:Core/APP/app.c **** 
  37:Core/APP/app.c **** void APP_Layer_default_loop() {
 182              		.loc 1 37 31 is_stmt 1 view -0
 183              		.cfi_startproc
 184              		@ args = 0, pretend = 0, frame = 0
 185              		@ frame_needed = 0, uses_anonymous_args = 0
 186              		@ link register save eliminated.
  38:Core/APP/app.c ****     // if (chassis->imu->bias_init_success) {
  39:Core/APP/app.c ****     //     Buzzer_Update(internal_buzzer);
  40:Core/APP/app.c ****     // }
ARM GAS  C:\Users\lenovo\AppData\Local\Temp\ccmFB0jI.s 			page 5


  41:Core/APP/app.c **** }
 187              		.loc 1 41 1 view .LVU21
 188 0000 7047     		bx	lr
 189              		.cfi_endproc
 190              	.LFE172:
 192              		.global	chassis
 193              		.section	.bss.chassis,"aw",%nobits
 194              		.align	2
 195              		.set	.LANCHOR0,. + 0
 198              	chassis:
 199 0000 00000000 		.space	4
 200              		.text
 201              	.Letext0:
 202              		.file 2 "d:\\gcc-arm-none-eabi\\arm-none-eabi\\include\\machine\\_default_types.h"
 203              		.file 3 "d:\\gcc-arm-none-eabi\\arm-none-eabi\\include\\sys\\_stdint.h"
 204              		.file 4 "Core/HAL/monitor/monitor.h"
 205              		.file 5 "d:\\gcc-arm-none-eabi\\lib\\gcc\\arm-none-eabi\\10.3.1\\include\\stddef.h"
 206              		.file 6 "Core/HAL/lib/controller/pid.h"
 207              		.file 7 "Core/HAL/lib/controller/controller.h"
 208              		.file 8 "Core/HAL/lib/circular_queue.h"
 209              		.file 9 "Core/HAL/driver/motor/can_motor.h"
 210              		.file 10 "Core/HAL/pub_sub.h"
 211              		.file 11 "Core/APP/robot_def.h"
 212              		.file 12 "Core/HAL/driver/super_cap/super_cap_wuli.h"
 213              		.file 13 "Core/APP/Chassis/chassis.h"
 214              		.file 14 "Core/BSP/lib/bsp_log.h"
ARM GAS  C:\Users\lenovo\AppData\Local\Temp\ccmFB0jI.s 			page 6


DEFINED SYMBOLS
                            *ABS*:00000000 app.c
C:\Users\lenovo\AppData\Local\Temp\ccmFB0jI.s:20     .text.APP_Layer_Init:00000000 $t
C:\Users\lenovo\AppData\Local\Temp\ccmFB0jI.s:26     .text.APP_Layer_Init:00000000 APP_Layer_Init
C:\Users\lenovo\AppData\Local\Temp\ccmFB0jI.s:50     .text.APP_Layer_Init:0000000c $d
C:\Users\lenovo\AppData\Local\Temp\ccmFB0jI.s:55     .text.APP_Loop:00000000 $t
C:\Users\lenovo\AppData\Local\Temp\ccmFB0jI.s:61     .text.APP_Loop:00000000 APP_Loop
C:\Users\lenovo\AppData\Local\Temp\ccmFB0jI.s:82     .text.APP_Loop:0000000c $d
C:\Users\lenovo\AppData\Local\Temp\ccmFB0jI.s:88     .rodata.APP_Log_Loop.str1.4:00000000 $d
C:\Users\lenovo\AppData\Local\Temp\ccmFB0jI.s:95     .text.APP_Log_Loop:00000000 $t
C:\Users\lenovo\AppData\Local\Temp\ccmFB0jI.s:101    .text.APP_Log_Loop:00000000 APP_Log_Loop
C:\Users\lenovo\AppData\Local\Temp\ccmFB0jI.s:167    .text.APP_Log_Loop:00000040 $d
C:\Users\lenovo\AppData\Local\Temp\ccmFB0jI.s:174    .text.APP_Layer_default_loop:00000000 $t
C:\Users\lenovo\AppData\Local\Temp\ccmFB0jI.s:180    .text.APP_Layer_default_loop:00000000 APP_Layer_default_loop
C:\Users\lenovo\AppData\Local\Temp\ccmFB0jI.s:198    .bss.chassis:00000000 chassis
C:\Users\lenovo\AppData\Local\Temp\ccmFB0jI.s:194    .bss.chassis:00000000 $d

UNDEFINED SYMBOLS
Chassis_Create
Chassis_Update
__aeabi_f2d
printf_log
