ARM GAS  C:\Users\lenovo\AppData\Local\Temp\cckCSypm.s 			page 1


   1              		.cpu cortex-m4
   2              		.arch armv7e-m
   3              		.fpu fpv4-sp-d16
   4              		.eabi_attribute 27, 1
   5              		.eabi_attribute 28, 1
   6              		.eabi_attribute 20, 1
   7              		.eabi_attribute 21, 1
   8              		.eabi_attribute 23, 3
   9              		.eabi_attribute 24, 1
  10              		.eabi_attribute 25, 1
  11              		.eabi_attribute 26, 1
  12              		.eabi_attribute 30, 1
  13              		.eabi_attribute 34, 1
  14              		.eabi_attribute 18, 4
  15              		.file	"bsp_time.c"
  16              		.text
  17              	.Ltext0:
  18              		.cfi_sections	.debug_frame
  19              		.section	.text.BSP_sys_time_ms,"ax",%progbits
  20              		.align	1
  21              		.global	BSP_sys_time_ms
  22              		.syntax unified
  23              		.thumb
  24              		.thumb_func
  26              	BSP_sys_time_ms:
  27              	.LFB130:
  28              		.file 1 "Core/BSP/interface/bsp_time.c"
   1:Core/BSP/interface/bsp_time.c **** #include "bsp_time.h"
   2:Core/BSP/interface/bsp_time.c **** 
   3:Core/BSP/interface/bsp_time.c **** #include "bsp_def.h"
   4:Core/BSP/interface/bsp_time.c **** #include "main.h"
   5:Core/BSP/interface/bsp_time.c **** uint32_t BSP_sys_time_ms() {
  29              		.loc 1 5 28 view -0
  30              		.cfi_startproc
  31              		@ args = 0, pretend = 0, frame = 0
  32              		@ frame_needed = 0, uses_anonymous_args = 0
  33 0000 08B5     		push	{r3, lr}
  34              	.LCFI0:
  35              		.cfi_def_cfa_offset 8
  36              		.cfi_offset 3, -8
  37              		.cfi_offset 14, -4
   6:Core/BSP/interface/bsp_time.c ****     return HAL_GetTick();
  38              		.loc 1 6 5 view .LVU1
  39              		.loc 1 6 12 is_stmt 0 view .LVU2
  40 0002 FFF7FEFF 		bl	HAL_GetTick
  41              	.LVL0:
   7:Core/BSP/interface/bsp_time.c **** }...
  42              		.loc 1 7 1 view .LVU3
  43 0006 08BD     		pop	{r3, pc}
  44              		.cfi_endproc
  45              	.LFE130:
  47              		.text
  48              	.Letext0:
  49              		.file 2 "d:\\gcc-arm-none-eabi\\arm-none-eabi\\include\\machine\\_default_types.h"
  50              		.file 3 "d:\\gcc-arm-none-eabi\\arm-none-eabi\\include\\sys\\_stdint.h"
  51              		.file 4 "Drivers/STM32F4xx_HAL_Driver/Inc/stm32f4xx_hal.h"
ARM GAS  C:\Users\lenovo\AppData\Local\Temp\cckCSypm.s 			page 2


DEFINED SYMBOLS
                            *ABS*:00000000 bsp_time.c
C:\Users\lenovo\AppData\Local\Temp\cckCSypm.s:20     .text.BSP_sys_time_ms:00000000 $t
C:\Users\lenovo\AppData\Local\Temp\cckCSypm.s:26     .text.BSP_sys_time_ms:00000000 BSP_sys_time_ms

UNDEFINED SYMBOLS
HAL_GetTick
