ARM GAS  C:\Users\lenovo\AppData\Local\Temp\cc9PEG8g.s 			page 1


   1              		.cpu cortex-m4
   2              		.arch armv7e-m
   3              		.fpu fpv4-sp-d16
   4              		.eabi_attribute 27, 1
   5              		.eabi_attribute 28, 1
   6              		.eabi_attribute 20, 1
   7              		.eabi_attribute 21, 1
   8              		.eabi_attribute 23, 3
   9              		.eabi_attribute 24, 1
  10              		.eabi_attribute 25, 1
  11              		.eabi_attribute 26, 1
  12              		.eabi_attribute 30, 1
  13              		.eabi_attribute 34, 1
  14              		.eabi_attribute 18, 4
  15              		.file	"bsp_supervise.c"
  16              		.text
  17              	.Ltext0:
  18              		.cfi_sections	.debug_frame
  19              		.section	.text.FrameRateStatistics,"ax",%progbits
  20              		.align	1
  21              		.global	FrameRateStatistics
  22              		.syntax unified
  23              		.thumb
  24              		.thumb_func
  26              	FrameRateStatistics:
  27              	.LVL0:
  28              	.LFB130:
  29              		.file 1 "Core/BSP/bsp_supervise.c"
   1:Core/BSP/bsp_supervise.c **** #include "bsp_supervise.h"
   2:Core/BSP/bsp_supervise.c **** #include "main.h"
   3:Core/BSP/bsp_supervise.c **** #include "string.h"
   4:Core/BSP/bsp_supervise.c **** FrameRate task_frameRate;
   5:Core/BSP/bsp_supervise.c **** void FrameRateStatistics(FPS_t *FPS) {
  30              		.loc 1 5 38 view -0
  31              		.cfi_startproc
  32              		@ args = 0, pretend = 0, frame = 0
  33              		@ frame_needed = 0, uses_anonymous_args = 0
  34              		.loc 1 5 38 is_stmt 0 view .LVU1
  35 0000 10B5     		push	{r4, lr}
  36              	.LCFI0:
  37              		.cfi_def_cfa_offset 8
  38              		.cfi_offset 4, -8
  39              		.cfi_offset 14, -4
  40 0002 0446     		mov	r4, r0
   6:Core/BSP/bsp_supervise.c ****     FPS->count++;
  41              		.loc 1 6 5 is_stmt 1 view .LVU2
  42              		.loc 1 6 8 is_stmt 0 view .LVU3
  43 0004 B0F90030 		ldrsh	r3, [r0]	@ unaligned
  44              		.loc 1 6 15 view .LVU4
  45 0008 0133     		adds	r3, r3, #1
  46 000a 0380     		strh	r3, [r0]	@ unaligned
   7:Core/BSP/bsp_supervise.c ****     FPS->now = HAL_GetTick();
  47              		.loc 1 7 5 is_stmt 1 view .LVU5
  48              		.loc 1 7 16 is_stmt 0 view .LVU6
  49 000c FFF7FEFF 		bl	HAL_GetTick
  50              	.LVL1:
  51              		.loc 1 7 14 view .LVU7
ARM GAS  C:\Users\lenovo\AppData\Local\Temp\cc9PEG8g.s 			page 2


  52 0010 6060     		str	r0, [r4, #4]	@ unaligned
   8:Core/BSP/bsp_supervise.c ****     int duration = FPS->now - FPS->last;
  53              		.loc 1 8 5 is_stmt 1 view .LVU8
  54              		.loc 1 8 34 is_stmt 0 view .LVU9
  55 0012 A368     		ldr	r3, [r4, #8]	@ unaligned
  56              		.loc 1 8 9 view .LVU10
  57 0014 C31A     		subs	r3, r0, r3
  58              	.LVL2:
   9:Core/BSP/bsp_supervise.c ****     if (duration >= 1000) {
  59              		.loc 1 9 5 is_stmt 1 view .LVU11
  60              		.loc 1 9 8 is_stmt 0 view .LVU12
  61 0016 B3F57A7F 		cmp	r3, #1000
  62 001a 0CDB     		blt	.L1
  10:Core/BSP/bsp_supervise.c ****         FPS->FPS = FPS->count * 1000 / duration;
  63              		.loc 1 10 9 is_stmt 1 view .LVU13
  64              		.loc 1 10 23 is_stmt 0 view .LVU14
  65 001c B4F90020 		ldrsh	r2, [r4]	@ unaligned
  66              		.loc 1 10 31 view .LVU15
  67 0020 4FF47A71 		mov	r1, #1000
  68 0024 01FB02F2 		mul	r2, r1, r2
  69              		.loc 1 10 38 view .LVU16
  70 0028 92FBF3F3 		sdiv	r3, r2, r3
  71              	.LVL3:
  72              		.loc 1 10 18 view .LVU17
  73 002c 6380     		strh	r3, [r4, #2]	@ unaligned
  11:Core/BSP/bsp_supervise.c ****         FPS->count = 0;
  74              		.loc 1 11 9 is_stmt 1 view .LVU18
  75              		.loc 1 11 20 is_stmt 0 view .LVU19
  76 002e 0023     		movs	r3, #0
  77 0030 2370     		strb	r3, [r4]
  78 0032 6370     		strb	r3, [r4, #1]
  12:Core/BSP/bsp_supervise.c ****         FPS->last = FPS->now;
  79              		.loc 1 12 9 is_stmt 1 view .LVU20
  80              		.loc 1 12 19 is_stmt 0 view .LVU21
  81 0034 A060     		str	r0, [r4, #8]	@ unaligned
  82              	.LVL4:
  83              	.L1:
  13:Core/BSP/bsp_supervise.c ****     }
  14:Core/BSP/bsp_supervise.c **** }...
  84              		.loc 1 14 1 view .LVU22
  85 0036 10BD     		pop	{r4, pc}
  86              		.loc 1 14 1 view .LVU23
  87              		.cfi_endproc
  88              	.LFE130:
  90              		.global	task_frameRate
  91              		.section	.bss.task_frameRate,"aw",%nobits
  92              		.align	2
  95              	task_frameRate:
  96 0000 00000000 		.space	72
  96      00000000 
  96      00000000 
  96      00000000 
  96      00000000 
  97              		.text
  98              	.Letext0:
  99              		.file 2 "Core/BSP/bsp_supervise.h"
 100              		.file 3 "Drivers/STM32F4xx_HAL_Driver/Inc/stm32f4xx_hal.h"
ARM GAS  C:\Users\lenovo\AppData\Local\Temp\cc9PEG8g.s 			page 3


ARM GAS  C:\Users\lenovo\AppData\Local\Temp\cc9PEG8g.s 			page 4


DEFINED SYMBOLS
                            *ABS*:00000000 bsp_supervise.c
C:\Users\lenovo\AppData\Local\Temp\cc9PEG8g.s:20     .text.FrameRateStatistics:00000000 $t
C:\Users\lenovo\AppData\Local\Temp\cc9PEG8g.s:26     .text.FrameRateStatistics:00000000 FrameRateStatistics
C:\Users\lenovo\AppData\Local\Temp\cc9PEG8g.s:95     .bss.task_frameRate:00000000 task_frameRate
C:\Users\lenovo\AppData\Local\Temp\cc9PEG8g.s:92     .bss.task_frameRate:00000000 $d

UNDEFINED SYMBOLS
HAL_GetTick
