ARM GAS  C:\Users\lenovo\AppData\Local\Temp\ccikEH7f.s 			page 1


   1              		.cpu cortex-m4
   2              		.arch armv7e-m
   3              		.fpu fpv4-sp-d16
   4              		.eabi_attribute 27, 1
   5              		.eabi_attribute 28, 1
   6              		.eabi_attribute 20, 1
   7              		.eabi_attribute 21, 1
   8              		.eabi_attribute 23, 3
   9              		.eabi_attribute 24, 1
  10              		.eabi_attribute 25, 1
  11              		.eabi_attribute 26, 1
  12              		.eabi_attribute 30, 1
  13              		.eabi_attribute 34, 1
  14              		.eabi_attribute 18, 4
  15              		.file	"freertos.c"
  16              		.text
  17              	.Ltext0:
  18              		.cfi_sections	.debug_frame
  19              		.section	.text.StartDefaultTask,"ax",%progbits
  20              		.align	1
  21              		.global	StartDefaultTask
  22              		.syntax unified
  23              		.thumb
  24              		.thumb_func
  26              	StartDefaultTask:
  27              	.LVL0:
  28              	.LFB138:
  29              		.file 1 "Core/Src/freertos.c"
   1:Core/Src/freertos.c **** /* USER CODE BEGIN Header */
   2:Core/Src/freertos.c **** /**
   3:Core/Src/freertos.c ****  ******************************************************************************
   4:Core/Src/freertos.c ****  * File Name          : freertos.c
   5:Core/Src/freertos.c ****  * Description        : Code for freertos applications
   6:Core/Src/freertos.c ****  ******************************************************************************
   7:Core/Src/freertos.c ****  * @attention
   8:Core/Src/freertos.c ****  *
   9:Core/Src/freertos.c ****  * <h2><center>&copy; Copyright (c) 2021 STMicroelectronics.
  10:Core/Src/freertos.c ****  * All rights reserved.</center></h2>
  11:Core/Src/freertos.c ****  *
  12:Core/Src/freertos.c ****  * This software component is licensed by ST under Ultimate Liberty license
  13:Core/Src/freertos.c ****  * SLA0044, the "License"; You may not use this file except in compliance with
  14:Core/Src/freertos.c ****  * the License. You may obtain a copy of the License at:
  15:Core/Src/freertos.c ****  *                             www.st.com/SLA0044
  16:Core/Src/freertos.c ****  *
  17:Core/Src/freertos.c ****  ******************************************************************************
  18:Core/Src/freertos.c ****  */
  19:Core/Src/freertos.c **** /* USER CODE END Header */
  20:Core/Src/freertos.c **** 
  21:Core/Src/freertos.c **** /* Includes ------------------------------------------------------------------*/
  22:Core/Src/freertos.c **** #include "FreeRTOS.h"
  23:Core/Src/freertos.c **** #include "task.h"
  24:Core/Src/freertos.c **** #include "main.h"
  25:Core/Src/freertos.c **** #include "cmsis_os.h"
  26:Core/Src/freertos.c **** 
  27:Core/Src/freertos.c **** /* Private includes ----------------------------------------------------------*/
  28:Core/Src/freertos.c **** /* USER CODE BEGIN Includes */
  29:Core/Src/freertos.c **** #include "app.h"
ARM GAS  C:\Users\lenovo\AppData\Local\Temp\ccikEH7f.s 			page 2


  30:Core/Src/freertos.c **** #include "bsp.h"
  31:Core/Src/freertos.c **** #include "hal.h"
  32:Core/Src/freertos.c **** #include "stdio.h"
  33:Core/Src/freertos.c **** /* USER CODE END Includes */
  34:Core/Src/freertos.c **** 
  35:Core/Src/freertos.c **** /* Private typedef -----------------------------------------------------------*/
  36:Core/Src/freertos.c **** /* USER CODE BEGIN PTD */
  37:Core/Src/freertos.c **** 
  38:Core/Src/freertos.c **** /* USER CODE END PTD */
  39:Core/Src/freertos.c **** 
  40:Core/Src/freertos.c **** /* Private define ------------------------------------------------------------*/
  41:Core/Src/freertos.c **** /* USER CODE BEGIN PD */
  42:Core/Src/freertos.c **** 
  43:Core/Src/freertos.c **** /* USER CODE END PD */
  44:Core/Src/freertos.c **** 
  45:Core/Src/freertos.c **** /* Private macro -------------------------------------------------------------*/
  46:Core/Src/freertos.c **** /* USER CODE BEGIN PM */
  47:Core/Src/freertos.c **** 
  48:Core/Src/freertos.c **** /* USER CODE END PM */
  49:Core/Src/freertos.c **** 
  50:Core/Src/freertos.c **** /* Private variables ---------------------------------------------------------*/
  51:Core/Src/freertos.c **** /* USER CODE BEGIN Variables */
  52:Core/Src/freertos.c **** 
  53:Core/Src/freertos.c **** /* USER CODE END Variables */
  54:Core/Src/freertos.c **** /* Definitions for defaultTask */
  55:Core/Src/freertos.c **** osThreadId_t defaultTaskHandle;
  56:Core/Src/freertos.c **** const osThreadAttr_t defaultTask_attributes = {
  57:Core/Src/freertos.c ****   .name = "defaultTask",
  58:Core/Src/freertos.c ****   .stack_size = 128 * 4,
  59:Core/Src/freertos.c ****   .priority = (osPriority_t) osPriorityNormal,
  60:Core/Src/freertos.c **** };
  61:Core/Src/freertos.c **** /* Definitions for ImuTask */
  62:Core/Src/freertos.c **** osThreadId_t ImuTaskHandle;
  63:Core/Src/freertos.c **** const osThreadAttr_t ImuTask_attributes = {
  64:Core/Src/freertos.c ****   .name = "ImuTask",
  65:Core/Src/freertos.c ****   .stack_size = 128 * 4,
  66:Core/Src/freertos.c ****   .priority = (osPriority_t) osPriorityHigh,
  67:Core/Src/freertos.c **** };
  68:Core/Src/freertos.c **** /* Definitions for LogTask */
  69:Core/Src/freertos.c **** osThreadId_t LogTaskHandle;
  70:Core/Src/freertos.c **** const osThreadAttr_t LogTask_attributes = {
  71:Core/Src/freertos.c ****   .name = "LogTask",
  72:Core/Src/freertos.c ****   .stack_size = 128 * 4,
  73:Core/Src/freertos.c ****   .priority = (osPriority_t) osPriorityNormal,
  74:Core/Src/freertos.c **** };
  75:Core/Src/freertos.c **** /* Definitions for MotorTask */
  76:Core/Src/freertos.c **** osThreadId_t MotorTaskHandle;
  77:Core/Src/freertos.c **** const osThreadAttr_t MotorTask_attributes = {
  78:Core/Src/freertos.c ****   .name = "MotorTask",
  79:Core/Src/freertos.c ****   .stack_size = 128 * 4,
  80:Core/Src/freertos.c ****   .priority = (osPriority_t) osPriorityHigh,
  81:Core/Src/freertos.c **** };
  82:Core/Src/freertos.c **** /* Definitions for MonitorTask */
  83:Core/Src/freertos.c **** osThreadId_t MonitorTaskHandle;
  84:Core/Src/freertos.c **** const osThreadAttr_t MonitorTask_attributes = {
  85:Core/Src/freertos.c ****   .name = "MonitorTask",
  86:Core/Src/freertos.c ****   .stack_size = 128 * 4,
ARM GAS  C:\Users\lenovo\AppData\Local\Temp\ccikEH7f.s 			page 3


  87:Core/Src/freertos.c ****   .priority = (osPriority_t) osPriorityHigh1,
  88:Core/Src/freertos.c **** };
  89:Core/Src/freertos.c **** /* Definitions for RobotCMDTask */
  90:Core/Src/freertos.c **** osThreadId_t RobotCMDTaskHandle;
  91:Core/Src/freertos.c **** const osThreadAttr_t RobotCMDTask_attributes = {
  92:Core/Src/freertos.c ****   .name = "RobotCMDTask",
  93:Core/Src/freertos.c ****   .stack_size = 128 * 4,
  94:Core/Src/freertos.c ****   .priority = (osPriority_t) osPriorityHigh,
  95:Core/Src/freertos.c **** };
  96:Core/Src/freertos.c **** /* Definitions for SuperCapTask */
  97:Core/Src/freertos.c **** osThreadId_t SuperCapTaskHandle;
  98:Core/Src/freertos.c **** const osThreadAttr_t SuperCapTask_attributes = {
  99:Core/Src/freertos.c ****   .name = "SuperCapTask",
 100:Core/Src/freertos.c ****   .stack_size = 128 * 4,
 101:Core/Src/freertos.c ****   .priority = (osPriority_t) osPriorityNormal,
 102:Core/Src/freertos.c **** };
 103:Core/Src/freertos.c **** /* Definitions for RefereeTask */
 104:Core/Src/freertos.c **** osThreadId_t RefereeTaskHandle;
 105:Core/Src/freertos.c **** const osThreadAttr_t RefereeTask_attributes = {
 106:Core/Src/freertos.c ****   .name = "RefereeTask",
 107:Core/Src/freertos.c ****   .stack_size = 128 * 4,
 108:Core/Src/freertos.c ****   .priority = (osPriority_t) osPriorityNormal,
 109:Core/Src/freertos.c **** };
 110:Core/Src/freertos.c **** /* Definitions for RefereeSendTask */
 111:Core/Src/freertos.c **** osThreadId_t RefereeSendTaskHandle;
 112:Core/Src/freertos.c **** const osThreadAttr_t RefereeSendTask_attributes = {
 113:Core/Src/freertos.c ****   .name = "RefereeSendTask",
 114:Core/Src/freertos.c ****   .stack_size = 128 * 4,
 115:Core/Src/freertos.c ****   .priority = (osPriority_t) osPriorityBelowNormal,
 116:Core/Src/freertos.c **** };
 117:Core/Src/freertos.c **** 
 118:Core/Src/freertos.c **** /* Private function prototypes -----------------------------------------------*/
 119:Core/Src/freertos.c **** /* USER CODE BEGIN FunctionPrototypes */
 120:Core/Src/freertos.c **** 
 121:Core/Src/freertos.c **** /* USER CODE END FunctionPrototypes */
 122:Core/Src/freertos.c **** 
 123:Core/Src/freertos.c **** void StartDefaultTask(void *argument);
 124:Core/Src/freertos.c **** void StartImuTask(void *argument);
 125:Core/Src/freertos.c **** void StartLogTask(void *argument);
 126:Core/Src/freertos.c **** void StartMotorTask(void *argument);
 127:Core/Src/freertos.c **** void StartMonitorTask(void *argument);
 128:Core/Src/freertos.c **** void StartRobotCMDTask(void *argument);
 129:Core/Src/freertos.c **** void StartCapTask(void *argument);
 130:Core/Src/freertos.c **** void StartRefereeTask(void *argument);
 131:Core/Src/freertos.c **** void StartRefereeSendTask(void *argument);
 132:Core/Src/freertos.c **** 
 133:Core/Src/freertos.c **** void MX_FREERTOS_Init(void); /* (MISRA C 2004 rule 8.1) */
 134:Core/Src/freertos.c **** 
 135:Core/Src/freertos.c **** /**
 136:Core/Src/freertos.c ****   * @brief  FreeRTOS initialization
 137:Core/Src/freertos.c ****   * @param  None
 138:Core/Src/freertos.c ****   * @retval None
 139:Core/Src/freertos.c ****   */
 140:Core/Src/freertos.c **** void MX_FREERTOS_Init(void) {
 141:Core/Src/freertos.c ****   /* USER CODE BEGIN Init */
 142:Core/Src/freertos.c **** 
 143:Core/Src/freertos.c ****   /* USER CODE END Init */
ARM GAS  C:\Users\lenovo\AppData\Local\Temp\ccikEH7f.s 			page 4


 144:Core/Src/freertos.c **** 
 145:Core/Src/freertos.c ****   /* USER CODE BEGIN RTOS_MUTEX */
 146:Core/Src/freertos.c ****     /* add mutexes, ... */
 147:Core/Src/freertos.c ****   /* USER CODE END RTOS_MUTEX */
 148:Core/Src/freertos.c **** 
 149:Core/Src/freertos.c ****   /* USER CODE BEGIN RTOS_SEMAPHORES */
 150:Core/Src/freertos.c ****     /* add semaphores, ... */
 151:Core/Src/freertos.c ****   /* USER CODE END RTOS_SEMAPHORES */
 152:Core/Src/freertos.c **** 
 153:Core/Src/freertos.c ****   /* USER CODE BEGIN RTOS_TIMERS */
 154:Core/Src/freertos.c ****     /* start timers, add new ones, ... */
 155:Core/Src/freertos.c ****   /* USER CODE END RTOS_TIMERS */
 156:Core/Src/freertos.c **** 
 157:Core/Src/freertos.c ****   /* USER CODE BEGIN RTOS_QUEUES */
 158:Core/Src/freertos.c ****     /* add queues, ... */
 159:Core/Src/freertos.c ****   /* USER CODE END RTOS_QUEUES */
 160:Core/Src/freertos.c **** 
 161:Core/Src/freertos.c ****   /* Create the thread(s) */
 162:Core/Src/freertos.c ****   /* creation of defaultTask */
 163:Core/Src/freertos.c ****   defaultTaskHandle = osThreadNew(StartDefaultTask, NULL, &defaultTask_attributes);
 164:Core/Src/freertos.c **** 
 165:Core/Src/freertos.c ****   /* creation of ImuTask */
 166:Core/Src/freertos.c ****   ImuTaskHandle = osThreadNew(StartImuTask, NULL, &ImuTask_attributes);
 167:Core/Src/freertos.c **** 
 168:Core/Src/freertos.c ****   /* creation of LogTask */
 169:Core/Src/freertos.c ****   LogTaskHandle = osThreadNew(StartLogTask, NULL, &LogTask_attributes);
 170:Core/Src/freertos.c **** 
 171:Core/Src/freertos.c ****   /* creation of MotorTask */
 172:Core/Src/freertos.c ****   MotorTaskHandle = osThreadNew(StartMotorTask, NULL, &MotorTask_attributes);
 173:Core/Src/freertos.c **** 
 174:Core/Src/freertos.c ****   /* creation of MonitorTask */
 175:Core/Src/freertos.c ****   MonitorTaskHandle = osThreadNew(StartMonitorTask, NULL, &MonitorTask_attributes);
 176:Core/Src/freertos.c **** 
 177:Core/Src/freertos.c ****   /* creation of RobotCMDTask */
 178:Core/Src/freertos.c ****   RobotCMDTaskHandle = osThreadNew(StartRobotCMDTask, NULL, &RobotCMDTask_attributes);
 179:Core/Src/freertos.c **** 
 180:Core/Src/freertos.c ****   /* creation of SuperCapTask */
 181:Core/Src/freertos.c ****   SuperCapTaskHandle = osThreadNew(StartCapTask, NULL, &SuperCapTask_attributes);
 182:Core/Src/freertos.c **** 
 183:Core/Src/freertos.c ****   /* creation of RefereeTask */
 184:Core/Src/freertos.c ****   RefereeTaskHandle = osThreadNew(StartRefereeTask, NULL, &RefereeTask_attributes);
 185:Core/Src/freertos.c **** 
 186:Core/Src/freertos.c ****   /* creation of RefereeSendTask */
 187:Core/Src/freertos.c ****   RefereeSendTaskHandle = osThreadNew(StartRefereeSendTask, NULL, &RefereeSendTask_attributes);
 188:Core/Src/freertos.c **** 
 189:Core/Src/freertos.c ****   /* USER CODE BEGIN RTOS_THREADS */
 190:Core/Src/freertos.c ****     /* add threads, ... */
 191:Core/Src/freertos.c ****   /* USER CODE END RTOS_THREADS */
 192:Core/Src/freertos.c **** 
 193:Core/Src/freertos.c ****   /* USER CODE BEGIN RTOS_EVENTS */
 194:Core/Src/freertos.c ****     /* add events, ... */
 195:Core/Src/freertos.c ****   /* USER CODE END RTOS_EVENTS */
 196:Core/Src/freertos.c **** 
 197:Core/Src/freertos.c **** }
 198:Core/Src/freertos.c **** 
 199:Core/Src/freertos.c **** /* USER CODE BEGIN Header_StartDefaultTask */
 200:Core/Src/freertos.c **** /**
ARM GAS  C:\Users\lenovo\AppData\Local\Temp\ccikEH7f.s 			page 5


 201:Core/Src/freertos.c ****  * @brief  Function implementing the defaultTask thread.
 202:Core/Src/freertos.c ****  * @param  argument: Not used
 203:Core/Src/freertos.c ****  * @retval None
 204:Core/Src/freertos.c ****  */
 205:Core/Src/freertos.c **** /* USER CODE END Header_StartDefaultTask */
 206:Core/Src/freertos.c **** void StartDefaultTask(void *argument)
 207:Core/Src/freertos.c **** {
  30              		.loc 1 207 1 view -0
  31              		.cfi_startproc
  32              		@ Volatile: function does not return.
  33              		@ args = 0, pretend = 0, frame = 8
  34              		@ frame_needed = 0, uses_anonymous_args = 0
  35              		.loc 1 207 1 is_stmt 0 view .LVU1
  36 0000 00B5     		push	{lr}
  37              	.LCFI0:
  38              		.cfi_def_cfa_offset 4
  39              		.cfi_offset 14, -4
  40 0002 83B0     		sub	sp, sp, #12
  41              	.LCFI1:
  42              		.cfi_def_cfa_offset 16
 208:Core/Src/freertos.c ****   /* USER CODE BEGIN StartDefaultTask */
 209:Core/Src/freertos.c ****     /* Infinite loop */
 210:Core/Src/freertos.c ****     // Buzzer_Init(&internal_buzzer,music2,14);
 211:Core/Src/freertos.c ****     portTickType currentTimeDefault;
  43              		.loc 1 211 5 is_stmt 1 view .LVU2
 212:Core/Src/freertos.c ****     currentTimeDefault = xTaskGetTickCount();
  44              		.loc 1 212 5 view .LVU3
  45              		.loc 1 212 26 is_stmt 0 view .LVU4
  46 0004 FFF7FEFF 		bl	xTaskGetTickCount
  47              	.LVL1:
  48              		.loc 1 212 24 view .LVU5
  49 0008 0190     		str	r0, [sp, #4]
  50              	.L2:
 213:Core/Src/freertos.c ****     for (;;) {
  51              		.loc 1 213 5 is_stmt 1 discriminator 1 view .LVU6
 214:Core/Src/freertos.c ****         APP_Layer_default_loop();
  52              		.loc 1 214 9 discriminator 1 view .LVU7
  53 000a FFF7FEFF 		bl	APP_Layer_default_loop
  54              	.LVL2:
 215:Core/Src/freertos.c ****         HAL_Layer_Default_Loop();
  55              		.loc 1 215 9 discriminator 1 view .LVU8
  56 000e FFF7FEFF 		bl	HAL_Layer_Default_Loop
  57              	.LVL3:
 216:Core/Src/freertos.c ****         HAL_Buzzer_Loop();
  58              		.loc 1 216 9 discriminator 1 view .LVU9
  59 0012 FFF7FEFF 		bl	HAL_Buzzer_Loop
  60              	.LVL4:
 217:Core/Src/freertos.c ****         vTaskDelayUntil(&currentTimeDefault, 100);
  61              		.loc 1 217 9 discriminator 1 view .LVU10
  62 0016 6421     		movs	r1, #100
  63 0018 01A8     		add	r0, sp, #4
  64 001a FFF7FEFF 		bl	vTaskDelayUntil
  65              	.LVL5:
 213:Core/Src/freertos.c ****         APP_Layer_default_loop();
  66              		.loc 1 213 11 discriminator 1 view .LVU11
  67 001e F4E7     		b	.L2
  68              		.cfi_endproc
ARM GAS  C:\Users\lenovo\AppData\Local\Temp\ccikEH7f.s 			page 6


  69              	.LFE138:
  71              		.section	.text.StartImuTask,"ax",%progbits
  72              		.align	1
  73              		.global	StartImuTask
  74              		.syntax unified
  75              		.thumb
  76              		.thumb_func
  78              	StartImuTask:
  79              	.LVL6:
  80              	.LFB139:
 218:Core/Src/freertos.c ****     }
 219:Core/Src/freertos.c ****   /* USER CODE END StartDefaultTask */
 220:Core/Src/freertos.c **** }
 221:Core/Src/freertos.c **** 
 222:Core/Src/freertos.c **** /* USER CODE BEGIN Header_StartImuTask */
 223:Core/Src/freertos.c **** /**
 224:Core/Src/freertos.c ****  * @brief Function implementing the ImuTask thread.
 225:Core/Src/freertos.c ****  * @param argument: Not used
 226:Core/Src/freertos.c ****  * @retval None
 227:Core/Src/freertos.c ****  */
 228:Core/Src/freertos.c **** /* USER CODE END Header_StartImuTask */
 229:Core/Src/freertos.c **** void StartImuTask(void *argument)
 230:Core/Src/freertos.c **** {
  81              		.loc 1 230 1 view -0
  82              		.cfi_startproc
  83              		@ Volatile: function does not return.
  84              		@ args = 0, pretend = 0, frame = 8
  85              		@ frame_needed = 0, uses_anonymous_args = 0
  86              		.loc 1 230 1 is_stmt 0 view .LVU13
  87 0000 00B5     		push	{lr}
  88              	.LCFI2:
  89              		.cfi_def_cfa_offset 4
  90              		.cfi_offset 14, -4
  91 0002 83B0     		sub	sp, sp, #12
  92              	.LCFI3:
  93              		.cfi_def_cfa_offset 16
 231:Core/Src/freertos.c ****   /* USER CODE BEGIN StartImuTask */
 232:Core/Src/freertos.c ****     /* Infinite loop */
 233:Core/Src/freertos.c ****     portTickType currentTimeImu;
  94              		.loc 1 233 5 is_stmt 1 view .LVU14
 234:Core/Src/freertos.c ****     currentTimeImu = xTaskGetTickCount();
  95              		.loc 1 234 5 view .LVU15
  96              		.loc 1 234 22 is_stmt 0 view .LVU16
  97 0004 FFF7FEFF 		bl	xTaskGetTickCount
  98              	.LVL7:
  99              		.loc 1 234 20 view .LVU17
 100 0008 0190     		str	r0, [sp, #4]
 101              	.L5:
 235:Core/Src/freertos.c ****     for (;;) {
 102              		.loc 1 235 5 is_stmt 1 discriminator 1 view .LVU18
 236:Core/Src/freertos.c ****         FrameRateStatistics(&task_frameRate.FPS_IMU);
 103              		.loc 1 236 9 discriminator 1 view .LVU19
 104 000a 0548     		ldr	r0, .L7
 105 000c FFF7FEFF 		bl	FrameRateStatistics
 106              	.LVL8:
 237:Core/Src/freertos.c ****         HAL_Imu_Loop();
 107              		.loc 1 237 9 discriminator 1 view .LVU20
ARM GAS  C:\Users\lenovo\AppData\Local\Temp\ccikEH7f.s 			page 7


 108 0010 FFF7FEFF 		bl	HAL_Imu_Loop
 109              	.LVL9:
 238:Core/Src/freertos.c ****         vTaskDelayUntil(&currentTimeImu, 2);
 110              		.loc 1 238 9 discriminator 1 view .LVU21
 111 0014 0221     		movs	r1, #2
 112 0016 01A8     		add	r0, sp, #4
 113 0018 FFF7FEFF 		bl	vTaskDelayUntil
 114              	.LVL10:
 235:Core/Src/freertos.c ****         FrameRateStatistics(&task_frameRate.FPS_IMU);
 115              		.loc 1 235 11 discriminator 1 view .LVU22
 116 001c F5E7     		b	.L5
 117              	.L8:
 118 001e 00BF     		.align	2
 119              	.L7:
 120 0020 18000000 		.word	task_frameRate+24
 121              		.cfi_endproc
 122              	.LFE139:
 124              		.section	.text.StartLogTask,"ax",%progbits
 125              		.align	1
 126              		.global	StartLogTask
 127              		.syntax unified
 128              		.thumb
 129              		.thumb_func
 131              	StartLogTask:
 132              	.LVL11:
 133              	.LFB140:
 239:Core/Src/freertos.c ****     }
 240:Core/Src/freertos.c ****   /* USER CODE END StartImuTask */
 241:Core/Src/freertos.c **** }
 242:Core/Src/freertos.c **** 
 243:Core/Src/freertos.c **** /* USER CODE BEGIN Header_StartLogTask */
 244:Core/Src/freertos.c **** /**
 245:Core/Src/freertos.c ****  * @brief Function implementing the LogTask thread.
 246:Core/Src/freertos.c ****  * @param argument: Not used
 247:Core/Src/freertos.c ****  * @retval None
 248:Core/Src/freertos.c ****  */
 249:Core/Src/freertos.c **** /* USER CODE END Header_StartLogTask */
 250:Core/Src/freertos.c **** void StartLogTask(void *argument)
 251:Core/Src/freertos.c **** {
 134              		.loc 1 251 1 view -0
 135              		.cfi_startproc
 136              		@ Volatile: function does not return.
 137              		@ args = 0, pretend = 0, frame = 8
 138              		@ frame_needed = 0, uses_anonymous_args = 0
 139              		.loc 1 251 1 is_stmt 0 view .LVU24
 140 0000 00B5     		push	{lr}
 141              	.LCFI4:
 142              		.cfi_def_cfa_offset 4
 143              		.cfi_offset 14, -4
 144 0002 83B0     		sub	sp, sp, #12
 145              	.LCFI5:
 146              		.cfi_def_cfa_offset 16
 252:Core/Src/freertos.c ****   /* USER CODE BEGIN StartLogTask */
 253:Core/Src/freertos.c ****     portTickType currentTimeLog;
 147              		.loc 1 253 5 is_stmt 1 view .LVU25
 254:Core/Src/freertos.c ****     currentTimeLog = xTaskGetTickCount();
 148              		.loc 1 254 5 view .LVU26
ARM GAS  C:\Users\lenovo\AppData\Local\Temp\ccikEH7f.s 			page 8


 149              		.loc 1 254 22 is_stmt 0 view .LVU27
 150 0004 FFF7FEFF 		bl	xTaskGetTickCount
 151              	.LVL12:
 152              		.loc 1 254 20 view .LVU28
 153 0008 0190     		str	r0, [sp, #4]
 154              	.L10:
 255:Core/Src/freertos.c ****     for (;;) {
 155              		.loc 1 255 5 is_stmt 1 discriminator 1 view .LVU29
 256:Core/Src/freertos.c ****         APP_Log_Loop();
 156              		.loc 1 256 9 discriminator 1 view .LVU30
 157 000a FFF7FEFF 		bl	APP_Log_Loop
 158              	.LVL13:
 257:Core/Src/freertos.c ****         vTaskDelayUntil(&currentTimeLog, 10);
 159              		.loc 1 257 9 discriminator 1 view .LVU31
 160 000e 0A21     		movs	r1, #10
 161 0010 01A8     		add	r0, sp, #4
 162 0012 FFF7FEFF 		bl	vTaskDelayUntil
 163              	.LVL14:
 255:Core/Src/freertos.c ****     for (;;) {
 164              		.loc 1 255 11 discriminator 1 view .LVU32
 165 0016 F8E7     		b	.L10
 166              		.cfi_endproc
 167              	.LFE140:
 169              		.section	.text.StartMotorTask,"ax",%progbits
 170              		.align	1
 171              		.global	StartMotorTask
 172              		.syntax unified
 173              		.thumb
 174              		.thumb_func
 176              	StartMotorTask:
 177              	.LVL15:
 178              	.LFB141:
 258:Core/Src/freertos.c ****     }
 259:Core/Src/freertos.c ****   /* USER CODE END StartLogTask */
 260:Core/Src/freertos.c **** }
 261:Core/Src/freertos.c **** 
 262:Core/Src/freertos.c **** /* USER CODE BEGIN Header_StartMotorTask */
 263:Core/Src/freertos.c **** /**
 264:Core/Src/freertos.c ****  * @brief Function implementing the MotorTask thread.
 265:Core/Src/freertos.c ****  * @param argument: Not used
 266:Core/Src/freertos.c ****  * @retval None
 267:Core/Src/freertos.c ****  */
 268:Core/Src/freertos.c **** /* USER CODE END Header_StartMotorTask */
 269:Core/Src/freertos.c **** void StartMotorTask(void *argument)
 270:Core/Src/freertos.c **** {
 179              		.loc 1 270 1 view -0
 180              		.cfi_startproc
 181              		@ Volatile: function does not return.
 182              		@ args = 0, pretend = 0, frame = 8
 183              		@ frame_needed = 0, uses_anonymous_args = 0
 184              		.loc 1 270 1 is_stmt 0 view .LVU34
 185 0000 00B5     		push	{lr}
 186              	.LCFI6:
 187              		.cfi_def_cfa_offset 4
 188              		.cfi_offset 14, -4
 189 0002 83B0     		sub	sp, sp, #12
 190              	.LCFI7:
ARM GAS  C:\Users\lenovo\AppData\Local\Temp\ccikEH7f.s 			page 9


 191              		.cfi_def_cfa_offset 16
 271:Core/Src/freertos.c ****   /* USER CODE BEGIN StartMotorTask */
 272:Core/Src/freertos.c ****     portTickType currentTimeMotor;
 192              		.loc 1 272 5 is_stmt 1 view .LVU35
 273:Core/Src/freertos.c ****     currentTimeMotor = xTaskGetTickCount();
 193              		.loc 1 273 5 view .LVU36
 194              		.loc 1 273 24 is_stmt 0 view .LVU37
 195 0004 FFF7FEFF 		bl	xTaskGetTickCount
 196              	.LVL16:
 197              		.loc 1 273 22 view .LVU38
 198 0008 0190     		str	r0, [sp, #4]
 199              	.L13:
 274:Core/Src/freertos.c ****     /* Infinite loop */
 275:Core/Src/freertos.c ****     for (;;) {
 200              		.loc 1 275 5 is_stmt 1 discriminator 1 view .LVU39
 276:Core/Src/freertos.c ****         FrameRateStatistics(&task_frameRate.FPS_controller);
 201              		.loc 1 276 9 discriminator 1 view .LVU40
 202 000a 0548     		ldr	r0, .L15
 203 000c FFF7FEFF 		bl	FrameRateStatistics
 204              	.LVL17:
 277:Core/Src/freertos.c ****         HAL_Motor_Calc_Loop();
 205              		.loc 1 277 9 discriminator 1 view .LVU41
 206 0010 FFF7FEFF 		bl	HAL_Motor_Calc_Loop
 207              	.LVL18:
 278:Core/Src/freertos.c ****         vTaskDelayUntil(&currentTimeMotor, 1);
 208              		.loc 1 278 9 discriminator 1 view .LVU42
 209 0014 0121     		movs	r1, #1
 210 0016 01A8     		add	r0, sp, #4
 211 0018 FFF7FEFF 		bl	vTaskDelayUntil
 212              	.LVL19:
 275:Core/Src/freertos.c ****         FrameRateStatistics(&task_frameRate.FPS_controller);
 213              		.loc 1 275 11 discriminator 1 view .LVU43
 214 001c F5E7     		b	.L13
 215              	.L16:
 216 001e 00BF     		.align	2
 217              	.L15:
 218 0020 24000000 		.word	task_frameRate+36
 219              		.cfi_endproc
 220              	.LFE141:
 222              		.section	.text.StartMonitorTask,"ax",%progbits
 223              		.align	1
 224              		.global	StartMonitorTask
 225              		.syntax unified
 226              		.thumb
 227              		.thumb_func
 229              	StartMonitorTask:
 230              	.LVL20:
 231              	.LFB142:
 279:Core/Src/freertos.c ****     }
 280:Core/Src/freertos.c ****   /* USER CODE END StartMotorTask */
 281:Core/Src/freertos.c **** }
 282:Core/Src/freertos.c **** 
 283:Core/Src/freertos.c **** /* USER CODE BEGIN Header_StartMonitorTask */
 284:Core/Src/freertos.c **** /**
 285:Core/Src/freertos.c ****  * @brief Function implementing the MonitorTask thread.
 286:Core/Src/freertos.c ****  * @param argument: Not used
 287:Core/Src/freertos.c ****  * @retval None
ARM GAS  C:\Users\lenovo\AppData\Local\Temp\ccikEH7f.s 			page 10


 288:Core/Src/freertos.c ****  */
 289:Core/Src/freertos.c **** /* USER CODE END Header_StartMonitorTask */
 290:Core/Src/freertos.c **** void StartMonitorTask(void *argument)
 291:Core/Src/freertos.c **** {
 232              		.loc 1 291 1 view -0
 233              		.cfi_startproc
 234              		@ Volatile: function does not return.
 235              		@ args = 0, pretend = 0, frame = 8
 236              		@ frame_needed = 0, uses_anonymous_args = 0
 237              		.loc 1 291 1 is_stmt 0 view .LVU45
 238 0000 00B5     		push	{lr}
 239              	.LCFI8:
 240              		.cfi_def_cfa_offset 4
 241              		.cfi_offset 14, -4
 242 0002 83B0     		sub	sp, sp, #12
 243              	.LCFI9:
 244              		.cfi_def_cfa_offset 16
 292:Core/Src/freertos.c ****   /* USER CODE BEGIN StartMonitorTask */
 293:Core/Src/freertos.c ****     /* Infinite loop */
 294:Core/Src/freertos.c ****     portTickType currentTimeMonitor;
 245              		.loc 1 294 5 is_stmt 1 view .LVU46
 295:Core/Src/freertos.c ****     currentTimeMonitor = xTaskGetTickCount();
 246              		.loc 1 295 5 view .LVU47
 247              		.loc 1 295 26 is_stmt 0 view .LVU48
 248 0004 FFF7FEFF 		bl	xTaskGetTickCount
 249              	.LVL21:
 250              		.loc 1 295 24 view .LVU49
 251 0008 0190     		str	r0, [sp, #4]
 252              	.L18:
 296:Core/Src/freertos.c ****     for (;;) {
 253              		.loc 1 296 5 is_stmt 1 discriminator 1 view .LVU50
 297:Core/Src/freertos.c ****         HAL_Monitor_Loop();
 254              		.loc 1 297 9 discriminator 1 view .LVU51
 255 000a FFF7FEFF 		bl	HAL_Monitor_Loop
 256              	.LVL22:
 298:Core/Src/freertos.c ****         vTaskDelayUntil(&currentTimeMonitor, 100);
 257              		.loc 1 298 9 discriminator 1 view .LVU52
 258 000e 6421     		movs	r1, #100
 259 0010 01A8     		add	r0, sp, #4
 260 0012 FFF7FEFF 		bl	vTaskDelayUntil
 261              	.LVL23:
 296:Core/Src/freertos.c ****     for (;;) {
 262              		.loc 1 296 11 discriminator 1 view .LVU53
 263 0016 F8E7     		b	.L18
 264              		.cfi_endproc
 265              	.LFE142:
 267              		.section	.text.StartRobotCMDTask,"ax",%progbits
 268              		.align	1
 269              		.global	StartRobotCMDTask
 270              		.syntax unified
 271              		.thumb
 272              		.thumb_func
 274              	StartRobotCMDTask:
 275              	.LVL24:
 276              	.LFB143:
 299:Core/Src/freertos.c ****     }
 300:Core/Src/freertos.c ****   /* USER CODE END StartMonitorTask */
ARM GAS  C:\Users\lenovo\AppData\Local\Temp\ccikEH7f.s 			page 11


 301:Core/Src/freertos.c **** }
 302:Core/Src/freertos.c **** 
 303:Core/Src/freertos.c **** /* USER CODE BEGIN Header_StartRobotCMDTask */
 304:Core/Src/freertos.c **** /**
 305:Core/Src/freertos.c ****  * @brief Function implementing the RobotCMDTask thread.
 306:Core/Src/freertos.c ****  * @param argument: Not used
 307:Core/Src/freertos.c ****  * @retval None
 308:Core/Src/freertos.c ****  */
 309:Core/Src/freertos.c **** /* USER CODE END Header_StartRobotCMDTask */
 310:Core/Src/freertos.c **** void StartRobotCMDTask(void *argument)
 311:Core/Src/freertos.c **** {
 277              		.loc 1 311 1 view -0
 278              		.cfi_startproc
 279              		@ Volatile: function does not return.
 280              		@ args = 0, pretend = 0, frame = 8
 281              		@ frame_needed = 0, uses_anonymous_args = 0
 282              		.loc 1 311 1 is_stmt 0 view .LVU55
 283 0000 00B5     		push	{lr}
 284              	.LCFI10:
 285              		.cfi_def_cfa_offset 4
 286              		.cfi_offset 14, -4
 287 0002 83B0     		sub	sp, sp, #12
 288              	.LCFI11:
 289              		.cfi_def_cfa_offset 16
 312:Core/Src/freertos.c ****   /* USER CODE BEGIN StartRobotCMDTask */
 313:Core/Src/freertos.c ****     /* Infinite loop */
 314:Core/Src/freertos.c ****     portTickType currentTimeRobotCMD;
 290              		.loc 1 314 5 is_stmt 1 view .LVU56
 315:Core/Src/freertos.c ****     currentTimeRobotCMD = xTaskGetTickCount();
 291              		.loc 1 315 5 view .LVU57
 292              		.loc 1 315 27 is_stmt 0 view .LVU58
 293 0004 FFF7FEFF 		bl	xTaskGetTickCount
 294              	.LVL25:
 295              		.loc 1 315 25 view .LVU59
 296 0008 0190     		str	r0, [sp, #4]
 297              	.L21:
 316:Core/Src/freertos.c ****     for (;;) {
 298              		.loc 1 316 5 is_stmt 1 discriminator 1 view .LVU60
 317:Core/Src/freertos.c ****         FrameRateStatistics(&task_frameRate.FPS_RobotCMD);
 299              		.loc 1 317 9 discriminator 1 view .LVU61
 300 000a 0548     		ldr	r0, .L23
 301 000c FFF7FEFF 		bl	FrameRateStatistics
 302              	.LVL26:
 318:Core/Src/freertos.c ****         APP_Loop();
 303              		.loc 1 318 9 discriminator 1 view .LVU62
 304 0010 FFF7FEFF 		bl	APP_Loop
 305              	.LVL27:
 319:Core/Src/freertos.c ****         vTaskDelayUntil(&currentTimeRobotCMD, 2);
 306              		.loc 1 319 9 discriminator 1 view .LVU63
 307 0014 0221     		movs	r1, #2
 308 0016 01A8     		add	r0, sp, #4
 309 0018 FFF7FEFF 		bl	vTaskDelayUntil
 310              	.LVL28:
 316:Core/Src/freertos.c ****         FrameRateStatistics(&task_frameRate.FPS_RobotCMD);
 311              		.loc 1 316 11 discriminator 1 view .LVU64
 312 001c F5E7     		b	.L21
 313              	.L24:
ARM GAS  C:\Users\lenovo\AppData\Local\Temp\ccikEH7f.s 			page 12


 314 001e 00BF     		.align	2
 315              	.L23:
 316 0020 0C000000 		.word	task_frameRate+12
 317              		.cfi_endproc
 318              	.LFE143:
 320              		.section	.text.StartCapTask,"ax",%progbits
 321              		.align	1
 322              		.global	StartCapTask
 323              		.syntax unified
 324              		.thumb
 325              		.thumb_func
 327              	StartCapTask:
 328              	.LVL29:
 329              	.LFB144:
 320:Core/Src/freertos.c ****     }
 321:Core/Src/freertos.c ****   /* USER CODE END StartRobotCMDTask */
 322:Core/Src/freertos.c **** }
 323:Core/Src/freertos.c **** 
 324:Core/Src/freertos.c **** /* USER CODE BEGIN Header_StartCapTask */
 325:Core/Src/freertos.c **** /**
 326:Core/Src/freertos.c ****  * @brief Function implementing the SuperCapTask thread.
 327:Core/Src/freertos.c ****  * @param argument: Not used
 328:Core/Src/freertos.c ****  * @retval None
 329:Core/Src/freertos.c ****  */
 330:Core/Src/freertos.c **** /* USER CODE END Header_StartCapTask */
 331:Core/Src/freertos.c **** void StartCapTask(void *argument)
 332:Core/Src/freertos.c **** {
 330              		.loc 1 332 1 view -0
 331              		.cfi_startproc
 332              		@ Volatile: function does not return.
 333              		@ args = 0, pretend = 0, frame = 8
 334              		@ frame_needed = 0, uses_anonymous_args = 0
 335              		.loc 1 332 1 is_stmt 0 view .LVU66
 336 0000 00B5     		push	{lr}
 337              	.LCFI12:
 338              		.cfi_def_cfa_offset 4
 339              		.cfi_offset 14, -4
 340 0002 83B0     		sub	sp, sp, #12
 341              	.LCFI13:
 342              		.cfi_def_cfa_offset 16
 333:Core/Src/freertos.c ****   /* USER CODE BEGIN StartCapTask */
 334:Core/Src/freertos.c ****     /* Infinite loop */
 335:Core/Src/freertos.c ****     portTickType currentTimeSuperCap;
 343              		.loc 1 335 5 is_stmt 1 view .LVU67
 336:Core/Src/freertos.c ****     currentTimeSuperCap = xTaskGetTickCount();
 344              		.loc 1 336 5 view .LVU68
 345              		.loc 1 336 27 is_stmt 0 view .LVU69
 346 0004 FFF7FEFF 		bl	xTaskGetTickCount
 347              	.LVL30:
 348              		.loc 1 336 25 view .LVU70
 349 0008 0190     		str	r0, [sp, #4]
 350              	.L26:
 337:Core/Src/freertos.c ****     for (;;) {
 351              		.loc 1 337 5 is_stmt 1 discriminator 1 view .LVU71
 338:Core/Src/freertos.c ****         FrameRateStatistics(&task_frameRate.FPS_Cap);
 352              		.loc 1 338 9 discriminator 1 view .LVU72
 353 000a 0548     		ldr	r0, .L28
ARM GAS  C:\Users\lenovo\AppData\Local\Temp\ccikEH7f.s 			page 13


 354 000c FFF7FEFF 		bl	FrameRateStatistics
 355              	.LVL31:
 339:Core/Src/freertos.c ****         HAL_Super_cap_wuli_Loop();
 356              		.loc 1 339 9 discriminator 1 view .LVU73
 357 0010 FFF7FEFF 		bl	HAL_Super_cap_wuli_Loop
 358              	.LVL32:
 340:Core/Src/freertos.c ****         vTaskDelayUntil(&currentTimeSuperCap, 2);
 359              		.loc 1 340 9 discriminator 1 view .LVU74
 360 0014 0221     		movs	r1, #2
 361 0016 01A8     		add	r0, sp, #4
 362 0018 FFF7FEFF 		bl	vTaskDelayUntil
 363              	.LVL33:
 337:Core/Src/freertos.c ****         FrameRateStatistics(&task_frameRate.FPS_Cap);
 364              		.loc 1 337 11 discriminator 1 view .LVU75
 365 001c F5E7     		b	.L26
 366              	.L29:
 367 001e 00BF     		.align	2
 368              	.L28:
 369 0020 00000000 		.word	task_frameRate
 370              		.cfi_endproc
 371              	.LFE144:
 373              		.section	.text.StartRefereeTask,"ax",%progbits
 374              		.align	1
 375              		.global	StartRefereeTask
 376              		.syntax unified
 377              		.thumb
 378              		.thumb_func
 380              	StartRefereeTask:
 381              	.LVL34:
 382              	.LFB145:
 341:Core/Src/freertos.c ****     }
 342:Core/Src/freertos.c ****   /* USER CODE END StartCapTask */
 343:Core/Src/freertos.c **** }
 344:Core/Src/freertos.c **** 
 345:Core/Src/freertos.c **** /* USER CODE BEGIN Header_StartRefereeTask */
 346:Core/Src/freertos.c **** /**
 347:Core/Src/freertos.c ****  * @brief Function implementing the RefereeTask thread.
 348:Core/Src/freertos.c ****  * @param argument: Not used
 349:Core/Src/freertos.c ****  * @retval None
 350:Core/Src/freertos.c ****  */
 351:Core/Src/freertos.c **** /* USER CODE END Header_StartRefereeTask */
 352:Core/Src/freertos.c **** void StartRefereeTask(void *argument)
 353:Core/Src/freertos.c **** {
 383              		.loc 1 353 1 view -0
 384              		.cfi_startproc
 385              		@ Volatile: function does not return.
 386              		@ args = 0, pretend = 0, frame = 8
 387              		@ frame_needed = 0, uses_anonymous_args = 0
 388              		.loc 1 353 1 is_stmt 0 view .LVU77
 389 0000 00B5     		push	{lr}
 390              	.LCFI14:
 391              		.cfi_def_cfa_offset 4
 392              		.cfi_offset 14, -4
 393 0002 83B0     		sub	sp, sp, #12
 394              	.LCFI15:
 395              		.cfi_def_cfa_offset 16
 354:Core/Src/freertos.c ****   /* USER CODE BEGIN StartRefereeTask */
ARM GAS  C:\Users\lenovo\AppData\Local\Temp\ccikEH7f.s 			page 14


 355:Core/Src/freertos.c ****     portTickType currentTimeReferee;
 396              		.loc 1 355 5 is_stmt 1 view .LVU78
 356:Core/Src/freertos.c ****     currentTimeReferee = xTaskGetTickCount();
 397              		.loc 1 356 5 view .LVU79
 398              		.loc 1 356 26 is_stmt 0 view .LVU80
 399 0004 FFF7FEFF 		bl	xTaskGetTickCount
 400              	.LVL35:
 401              		.loc 1 356 24 view .LVU81
 402 0008 0190     		str	r0, [sp, #4]
 403              	.L31:
 357:Core/Src/freertos.c ****     /* Infinite loop */
 358:Core/Src/freertos.c ****     for (;;) {
 404              		.loc 1 358 5 is_stmt 1 discriminator 1 view .LVU82
 359:Core/Src/freertos.c ****         FrameRateStatistics(&task_frameRate.FPS_Judge);
 405              		.loc 1 359 9 discriminator 1 view .LVU83
 406 000a 0548     		ldr	r0, .L33
 407 000c FFF7FEFF 		bl	FrameRateStatistics
 408              	.LVL36:
 360:Core/Src/freertos.c ****         HAL_Referee_Recv_Loop();
 409              		.loc 1 360 9 discriminator 1 view .LVU84
 410 0010 FFF7FEFF 		bl	HAL_Referee_Recv_Loop
 411              	.LVL37:
 361:Core/Src/freertos.c ****         vTaskDelayUntil(&currentTimeReferee, 10);
 412              		.loc 1 361 9 discriminator 1 view .LVU85
 413 0014 0A21     		movs	r1, #10
 414 0016 01A8     		add	r0, sp, #4
 415 0018 FFF7FEFF 		bl	vTaskDelayUntil
 416              	.LVL38:
 358:Core/Src/freertos.c ****         FrameRateStatistics(&task_frameRate.FPS_Judge);
 417              		.loc 1 358 11 discriminator 1 view .LVU86
 418 001c F5E7     		b	.L31
 419              	.L34:
 420 001e 00BF     		.align	2
 421              	.L33:
 422 0020 30000000 		.word	task_frameRate+48
 423              		.cfi_endproc
 424              	.LFE145:
 426              		.section	.text.StartRefereeSendTask,"ax",%progbits
 427              		.align	1
 428              		.global	StartRefereeSendTask
 429              		.syntax unified
 430              		.thumb
 431              		.thumb_func
 433              	StartRefereeSendTask:
 434              	.LFB146:
 362:Core/Src/freertos.c ****     }
 363:Core/Src/freertos.c ****   /* USER CODE END StartRefereeTask */
 364:Core/Src/freertos.c **** }
 365:Core/Src/freertos.c **** 
 366:Core/Src/freertos.c **** /* USER CODE BEGIN Header_StartRefereeSendTask */
 367:Core/Src/freertos.c **** /**
 368:Core/Src/freertos.c ****  * @brief Function implementing the RefereeSendTask thread.
 369:Core/Src/freertos.c ****  * @param argument: Not used
 370:Core/Src/freertos.c ****  * @retval None
 371:Core/Src/freertos.c ****  */
 372:Core/Src/freertos.c **** /* USER CODE END Header_StartRefereeSendTask */
 373:Core/Src/freertos.c **** void StartRefereeSendTask(void *argument)
ARM GAS  C:\Users\lenovo\AppData\Local\Temp\ccikEH7f.s 			page 15


 374:Core/Src/freertos.c **** {
 435              		.loc 1 374 1 view -0
 436              		.cfi_startproc
 437              		@ Volatile: function does not return.
 438              		@ args = 0, pretend = 0, frame = 0
 439              		@ frame_needed = 0, uses_anonymous_args = 0
 440              	.LVL39:
 441              		.loc 1 374 1 is_stmt 0 view .LVU88
 442 0000 08B5     		push	{r3, lr}
 443              	.LCFI16:
 444              		.cfi_def_cfa_offset 8
 445              		.cfi_offset 3, -8
 446              		.cfi_offset 14, -4
 447              	.LVL40:
 448              	.L36:
 375:Core/Src/freertos.c ****   /* USER CODE BEGIN StartRefereeSendTask */
 376:Core/Src/freertos.c ****     /* Infinite loop */
 377:Core/Src/freertos.c ****     for (;;) {
 449              		.loc 1 377 5 is_stmt 1 discriminator 1 view .LVU89
 378:Core/Src/freertos.c ****         FrameRateStatistics(&task_frameRate.FPS_JudgeSend);
 450              		.loc 1 378 9 discriminator 1 view .LVU90
 451 0002 0448     		ldr	r0, .L38
 452 0004 FFF7FEFF 		bl	FrameRateStatistics
 453              	.LVL41:
 379:Core/Src/freertos.c ****         HAL_Referee_Send_Loop();
 454              		.loc 1 379 9 discriminator 1 view .LVU91
 455 0008 FFF7FEFF 		bl	HAL_Referee_Send_Loop
 456              	.LVL42:
 380:Core/Src/freertos.c ****         osDelay(100);
 457              		.loc 1 380 9 discriminator 1 view .LVU92
 458 000c 6420     		movs	r0, #100
 459 000e FFF7FEFF 		bl	osDelay
 460              	.LVL43:
 377:Core/Src/freertos.c ****         FrameRateStatistics(&task_frameRate.FPS_JudgeSend);
 461              		.loc 1 377 11 discriminator 1 view .LVU93
 462 0012 F6E7     		b	.L36
 463              	.L39:
 464              		.align	2
 465              	.L38:
 466 0014 3C000000 		.word	task_frameRate+60
 467              		.cfi_endproc
 468              	.LFE146:
 470              		.section	.text.MX_FREERTOS_Init,"ax",%progbits
 471              		.align	1
 472              		.global	MX_FREERTOS_Init
 473              		.syntax unified
 474              		.thumb
 475              		.thumb_func
 477              	MX_FREERTOS_Init:
 478              	.LFB137:
 140:Core/Src/freertos.c ****   /* USER CODE BEGIN Init */
 479              		.loc 1 140 29 view -0
 480              		.cfi_startproc
 481              		@ args = 0, pretend = 0, frame = 0
 482              		@ frame_needed = 0, uses_anonymous_args = 0
 483 0000 08B5     		push	{r3, lr}
 484              	.LCFI17:
ARM GAS  C:\Users\lenovo\AppData\Local\Temp\ccikEH7f.s 			page 16


 485              		.cfi_def_cfa_offset 8
 486              		.cfi_offset 3, -8
 487              		.cfi_offset 14, -4
 163:Core/Src/freertos.c **** 
 488              		.loc 1 163 3 view .LVU95
 163:Core/Src/freertos.c **** 
 489              		.loc 1 163 23 is_stmt 0 view .LVU96
 490 0002 204A     		ldr	r2, .L42
 491 0004 0021     		movs	r1, #0
 492 0006 2048     		ldr	r0, .L42+4
 493 0008 FFF7FEFF 		bl	osThreadNew
 494              	.LVL44:
 163:Core/Src/freertos.c **** 
 495              		.loc 1 163 21 view .LVU97
 496 000c 1F4B     		ldr	r3, .L42+8
 497 000e 1860     		str	r0, [r3]
 166:Core/Src/freertos.c **** 
 498              		.loc 1 166 3 is_stmt 1 view .LVU98
 166:Core/Src/freertos.c **** 
 499              		.loc 1 166 19 is_stmt 0 view .LVU99
 500 0010 1F4A     		ldr	r2, .L42+12
 501 0012 0021     		movs	r1, #0
 502 0014 1F48     		ldr	r0, .L42+16
 503 0016 FFF7FEFF 		bl	osThreadNew
 504              	.LVL45:
 166:Core/Src/freertos.c **** 
 505              		.loc 1 166 17 view .LVU100
 506 001a 1F4B     		ldr	r3, .L42+20
 507 001c 1860     		str	r0, [r3]
 169:Core/Src/freertos.c **** 
 508              		.loc 1 169 3 is_stmt 1 view .LVU101
 169:Core/Src/freertos.c **** 
 509              		.loc 1 169 19 is_stmt 0 view .LVU102
 510 001e 1F4A     		ldr	r2, .L42+24
 511 0020 0021     		movs	r1, #0
 512 0022 1F48     		ldr	r0, .L42+28
 513 0024 FFF7FEFF 		bl	osThreadNew
 514              	.LVL46:
 169:Core/Src/freertos.c **** 
 515              		.loc 1 169 17 view .LVU103
 516 0028 1E4B     		ldr	r3, .L42+32
 517 002a 1860     		str	r0, [r3]
 172:Core/Src/freertos.c **** 
 518              		.loc 1 172 3 is_stmt 1 view .LVU104
 172:Core/Src/freertos.c **** 
 519              		.loc 1 172 21 is_stmt 0 view .LVU105
 520 002c 1E4A     		ldr	r2, .L42+36
 521 002e 0021     		movs	r1, #0
 522 0030 1E48     		ldr	r0, .L42+40
 523 0032 FFF7FEFF 		bl	osThreadNew
 524              	.LVL47:
 172:Core/Src/freertos.c **** 
 525              		.loc 1 172 19 view .LVU106
 526 0036 1E4B     		ldr	r3, .L42+44
 527 0038 1860     		str	r0, [r3]
 175:Core/Src/freertos.c **** 
 528              		.loc 1 175 3 is_stmt 1 view .LVU107
ARM GAS  C:\Users\lenovo\AppData\Local\Temp\ccikEH7f.s 			page 17


 175:Core/Src/freertos.c **** 
 529              		.loc 1 175 23 is_stmt 0 view .LVU108
 530 003a 1E4A     		ldr	r2, .L42+48
 531 003c 0021     		movs	r1, #0
 532 003e 1E48     		ldr	r0, .L42+52
 533 0040 FFF7FEFF 		bl	osThreadNew
 534              	.LVL48:
 175:Core/Src/freertos.c **** 
 535              		.loc 1 175 21 view .LVU109
 536 0044 1D4B     		ldr	r3, .L42+56
 537 0046 1860     		str	r0, [r3]
 178:Core/Src/freertos.c **** 
 538              		.loc 1 178 3 is_stmt 1 view .LVU110
 178:Core/Src/freertos.c **** 
 539              		.loc 1 178 24 is_stmt 0 view .LVU111
 540 0048 1D4A     		ldr	r2, .L42+60
 541 004a 0021     		movs	r1, #0
 542 004c 1D48     		ldr	r0, .L42+64
 543 004e FFF7FEFF 		bl	osThreadNew
 544              	.LVL49:
 178:Core/Src/freertos.c **** 
 545              		.loc 1 178 22 view .LVU112
 546 0052 1D4B     		ldr	r3, .L42+68
 547 0054 1860     		str	r0, [r3]
 181:Core/Src/freertos.c **** 
 548              		.loc 1 181 3 is_stmt 1 view .LVU113
 181:Core/Src/freertos.c **** 
 549              		.loc 1 181 24 is_stmt 0 view .LVU114
 550 0056 1D4A     		ldr	r2, .L42+72
 551 0058 0021     		movs	r1, #0
 552 005a 1D48     		ldr	r0, .L42+76
 553 005c FFF7FEFF 		bl	osThreadNew
 554              	.LVL50:
 181:Core/Src/freertos.c **** 
 555              		.loc 1 181 22 view .LVU115
 556 0060 1C4B     		ldr	r3, .L42+80
 557 0062 1860     		str	r0, [r3]
 184:Core/Src/freertos.c **** 
 558              		.loc 1 184 3 is_stmt 1 view .LVU116
 184:Core/Src/freertos.c **** 
 559              		.loc 1 184 23 is_stmt 0 view .LVU117
 560 0064 1C4A     		ldr	r2, .L42+84
 561 0066 0021     		movs	r1, #0
 562 0068 1C48     		ldr	r0, .L42+88
 563 006a FFF7FEFF 		bl	osThreadNew
 564              	.LVL51:
 184:Core/Src/freertos.c **** 
 565              		.loc 1 184 21 view .LVU118
 566 006e 1C4B     		ldr	r3, .L42+92
 567 0070 1860     		str	r0, [r3]
 187:Core/Src/freertos.c **** 
 568              		.loc 1 187 3 is_stmt 1 view .LVU119
 187:Core/Src/freertos.c **** 
 569              		.loc 1 187 27 is_stmt 0 view .LVU120
 570 0072 1C4A     		ldr	r2, .L42+96
 571 0074 0021     		movs	r1, #0
 572 0076 1C48     		ldr	r0, .L42+100
ARM GAS  C:\Users\lenovo\AppData\Local\Temp\ccikEH7f.s 			page 18


 573 0078 FFF7FEFF 		bl	osThreadNew
 574              	.LVL52:
 187:Core/Src/freertos.c **** 
 575              		.loc 1 187 25 view .LVU121
 576 007c 1B4B     		ldr	r3, .L42+104
 577 007e 1860     		str	r0, [r3]
 197:Core/Src/freertos.c **** 
 578              		.loc 1 197 1 view .LVU122
 579 0080 08BD     		pop	{r3, pc}
 580              	.L43:
 581 0082 00BF     		.align	2
 582              	.L42:
 583 0084 00000000 		.word	.LANCHOR0
 584 0088 00000000 		.word	StartDefaultTask
 585 008c 00000000 		.word	.LANCHOR1
 586 0090 00000000 		.word	.LANCHOR2
 587 0094 00000000 		.word	StartImuTask
 588 0098 00000000 		.word	.LANCHOR3
 589 009c 00000000 		.word	.LANCHOR4
 590 00a0 00000000 		.word	StartLogTask
 591 00a4 00000000 		.word	.LANCHOR5
 592 00a8 00000000 		.word	.LANCHOR6
 593 00ac 00000000 		.word	StartMotorTask
 594 00b0 00000000 		.word	.LANCHOR7
 595 00b4 00000000 		.word	.LANCHOR8
 596 00b8 00000000 		.word	StartMonitorTask
 597 00bc 00000000 		.word	.LANCHOR9
 598 00c0 00000000 		.word	.LANCHOR10
 599 00c4 00000000 		.word	StartRobotCMDTask
 600 00c8 00000000 		.word	.LANCHOR11
 601 00cc 00000000 		.word	.LANCHOR12
 602 00d0 00000000 		.word	StartCapTask
 603 00d4 00000000 		.word	.LANCHOR13
 604 00d8 00000000 		.word	.LANCHOR14
 605 00dc 00000000 		.word	StartRefereeTask
 606 00e0 00000000 		.word	.LANCHOR15
 607 00e4 00000000 		.word	.LANCHOR16
 608 00e8 00000000 		.word	StartRefereeSendTask
 609 00ec 00000000 		.word	.LANCHOR17
 610              		.cfi_endproc
 611              	.LFE137:
 613              		.global	RefereeSendTask_attributes
 614              		.section	.rodata.str1.4,"aMS",%progbits,1
 615              		.align	2
 616              	.LC0:
 617 0000 52656665 		.ascii	"RefereeSendTask\000"
 617      72656553 
 617      656E6454 
 617      61736B00 
 618              		.global	RefereeSendTaskHandle
 619              		.global	RefereeTask_attributes
 620              		.align	2
 621              	.LC1:
 622 0010 52656665 		.ascii	"RefereeTask\000"
 622      72656554 
 622      61736B00 
 623              		.global	RefereeTaskHandle
ARM GAS  C:\Users\lenovo\AppData\Local\Temp\ccikEH7f.s 			page 19


 624              		.global	SuperCapTask_attributes
 625              		.align	2
 626              	.LC2:
 627 001c 53757065 		.ascii	"SuperCapTask\000"
 627      72436170 
 627      5461736B 
 627      00
 628              		.global	SuperCapTaskHandle
 629              		.global	RobotCMDTask_attributes
 630 0029 000000   		.align	2
 631              	.LC3:
 632 002c 526F626F 		.ascii	"RobotCMDTask\000"
 632      74434D44 
 632      5461736B 
 632      00
 633              		.global	RobotCMDTaskHandle
 634              		.global	MonitorTask_attributes
 635 0039 000000   		.align	2
 636              	.LC4:
 637 003c 4D6F6E69 		.ascii	"MonitorTask\000"
 637      746F7254 
 637      61736B00 
 638              		.global	MonitorTaskHandle
 639              		.global	MotorTask_attributes
 640              		.align	2
 641              	.LC5:
 642 0048 4D6F746F 		.ascii	"MotorTask\000"
 642      72546173 
 642      6B00
 643              		.global	MotorTaskHandle
 644              		.global	LogTask_attributes
 645 0052 0000     		.align	2
 646              	.LC6:
 647 0054 4C6F6754 		.ascii	"LogTask\000"
 647      61736B00 
 648              		.global	LogTaskHandle
 649              		.global	ImuTask_attributes
 650              		.align	2
 651              	.LC7:
 652 005c 496D7554 		.ascii	"ImuTask\000"
 652      61736B00 
 653              		.global	ImuTaskHandle
 654              		.global	defaultTask_attributes
 655              		.align	2
 656              	.LC8:
 657 0064 64656661 		.ascii	"defaultTask\000"
 657      756C7454 
 657      61736B00 
 658              		.global	defaultTaskHandle
 659              		.section	.bss.ImuTaskHandle,"aw",%nobits
 660              		.align	2
 661              		.set	.LANCHOR3,. + 0
 664              	ImuTaskHandle:
 665 0000 00000000 		.space	4
 666              		.section	.bss.LogTaskHandle,"aw",%nobits
 667              		.align	2
 668              		.set	.LANCHOR5,. + 0
ARM GAS  C:\Users\lenovo\AppData\Local\Temp\ccikEH7f.s 			page 20


 671              	LogTaskHandle:
 672 0000 00000000 		.space	4
 673              		.section	.bss.MonitorTaskHandle,"aw",%nobits
 674              		.align	2
 675              		.set	.LANCHOR9,. + 0
 678              	MonitorTaskHandle:
 679 0000 00000000 		.space	4
 680              		.section	.bss.MotorTaskHandle,"aw",%nobits
 681              		.align	2
 682              		.set	.LANCHOR7,. + 0
 685              	MotorTaskHandle:
 686 0000 00000000 		.space	4
 687              		.section	.bss.RefereeSendTaskHandle,"aw",%nobits
 688              		.align	2
 689              		.set	.LANCHOR17,. + 0
 692              	RefereeSendTaskHandle:
 693 0000 00000000 		.space	4
 694              		.section	.bss.RefereeTaskHandle,"aw",%nobits
 695              		.align	2
 696              		.set	.LANCHOR15,. + 0
 699              	RefereeTaskHandle:
 700 0000 00000000 		.space	4
 701              		.section	.bss.RobotCMDTaskHandle,"aw",%nobits
 702              		.align	2
 703              		.set	.LANCHOR11,. + 0
 706              	RobotCMDTaskHandle:
 707 0000 00000000 		.space	4
 708              		.section	.bss.SuperCapTaskHandle,"aw",%nobits
 709              		.align	2
 710              		.set	.LANCHOR13,. + 0
 713              	SuperCapTaskHandle:
 714 0000 00000000 		.space	4
 715              		.section	.bss.defaultTaskHandle,"aw",%nobits
 716              		.align	2
 717              		.set	.LANCHOR1,. + 0
 720              	defaultTaskHandle:
 721 0000 00000000 		.space	4
 722              		.section	.rodata.ImuTask_attributes,"a"
 723              		.align	2
 724              		.set	.LANCHOR2,. + 0
 727              	ImuTask_attributes:
 728 0000 5C000000 		.word	.LC7
 729 0004 00000000 		.space	16
 729      00000000 
 729      00000000 
 729      00000000 
 730 0014 00020000 		.word	512
 731 0018 28000000 		.word	40
 732 001c 00000000 		.space	8
 732      00000000 
 733              		.section	.rodata.LogTask_attributes,"a"
 734              		.align	2
 735              		.set	.LANCHOR4,. + 0
 738              	LogTask_attributes:
 739 0000 54000000 		.word	.LC6
 740 0004 00000000 		.space	16
 740      00000000 
ARM GAS  C:\Users\lenovo\AppData\Local\Temp\ccikEH7f.s 			page 21


 740      00000000 
 740      00000000 
 741 0014 00020000 		.word	512
 742 0018 18000000 		.word	24
 743 001c 00000000 		.space	8
 743      00000000 
 744              		.section	.rodata.MonitorTask_attributes,"a"
 745              		.align	2
 746              		.set	.LANCHOR8,. + 0
 749              	MonitorTask_attributes:
 750 0000 3C000000 		.word	.LC4
 751 0004 00000000 		.space	16
 751      00000000 
 751      00000000 
 751      00000000 
 752 0014 00020000 		.word	512
 753 0018 29000000 		.word	41
 754 001c 00000000 		.space	8
 754      00000000 
 755              		.section	.rodata.MotorTask_attributes,"a"
 756              		.align	2
 757              		.set	.LANCHOR6,. + 0
 760              	MotorTask_attributes:
 761 0000 48000000 		.word	.LC5
 762 0004 00000000 		.space	16
 762      00000000 
 762      00000000 
 762      00000000 
 763 0014 00020000 		.word	512
 764 0018 28000000 		.word	40
 765 001c 00000000 		.space	8
 765      00000000 
 766              		.section	.rodata.RefereeSendTask_attributes,"a"
 767              		.align	2
 768              		.set	.LANCHOR16,. + 0
 771              	RefereeSendTask_attributes:
 772 0000 00000000 		.word	.LC0
 773 0004 00000000 		.space	16
 773      00000000 
 773      00000000 
 773      00000000 
 774 0014 00020000 		.word	512
 775 0018 10000000 		.word	16
 776 001c 00000000 		.space	8
 776      00000000 
 777              		.section	.rodata.RefereeTask_attributes,"a"
 778              		.align	2
 779              		.set	.LANCHOR14,. + 0
 782              	RefereeTask_attributes:
 783 0000 10000000 		.word	.LC1
 784 0004 00000000 		.space	16
 784      00000000 
 784      00000000 
 784      00000000 
 785 0014 00020000 		.word	512
 786 0018 18000000 		.word	24
 787 001c 00000000 		.space	8
ARM GAS  C:\Users\lenovo\AppData\Local\Temp\ccikEH7f.s 			page 22


 787      00000000 
 788              		.section	.rodata.RobotCMDTask_attributes,"a"
 789              		.align	2
 790              		.set	.LANCHOR10,. + 0
 793              	RobotCMDTask_attributes:
 794 0000 2C000000 		.word	.LC3
 795 0004 00000000 		.space	16
 795      00000000 
 795      00000000 
 795      00000000 
 796 0014 00020000 		.word	512
 797 0018 28000000 		.word	40
 798 001c 00000000 		.space	8
 798      00000000 
 799              		.section	.rodata.SuperCapTask_attributes,"a"
 800              		.align	2
 801              		.set	.LANCHOR12,. + 0
 804              	SuperCapTask_attributes:
 805 0000 1C000000 		.word	.LC2
 806 0004 00000000 		.space	16
 806      00000000 
 806      00000000 
 806      00000000 
 807 0014 00020000 		.word	512
 808 0018 18000000 		.word	24
 809 001c 00000000 		.space	8
 809      00000000 
 810              		.section	.rodata.defaultTask_attributes,"a"
 811              		.align	2
 812              		.set	.LANCHOR0,. + 0
 815              	defaultTask_attributes:
 816 0000 64000000 		.word	.LC8
 817 0004 00000000 		.space	16
 817      00000000 
 817      00000000 
 817      00000000 
 818 0014 00020000 		.word	512
 819 0018 18000000 		.word	24
 820 001c 00000000 		.space	8
 820      00000000 
 821              		.text
 822              	.Letext0:
 823              		.file 2 "d:\\gcc-arm-none-eabi\\arm-none-eabi\\include\\machine\\_default_types.h"
 824              		.file 3 "d:\\gcc-arm-none-eabi\\arm-none-eabi\\include\\sys\\_stdint.h"
 825              		.file 4 "Middlewares/Third_Party/FreeRTOS/Source/portable/GCC/ARM_CM4F/portmacro.h"
 826              		.file 5 "Middlewares/Third_Party/FreeRTOS/Source/CMSIS_RTOS_V2/cmsis_os2.h"
 827              		.file 6 "Core/BSP/bsp_supervise.h"
 828              		.file 7 "Core/HAL/hal.h"
 829              		.file 8 "Middlewares/Third_Party/FreeRTOS/Source/include/task.h"
 830              		.file 9 "Core/APP/app.h"
ARM GAS  C:\Users\lenovo\AppData\Local\Temp\ccikEH7f.s 			page 23


DEFINED SYMBOLS
                            *ABS*:00000000 freertos.c
C:\Users\lenovo\AppData\Local\Temp\ccikEH7f.s:20     .text.StartDefaultTask:00000000 $t
C:\Users\lenovo\AppData\Local\Temp\ccikEH7f.s:26     .text.StartDefaultTask:00000000 StartDefaultTask
C:\Users\lenovo\AppData\Local\Temp\ccikEH7f.s:72     .text.StartImuTask:00000000 $t
C:\Users\lenovo\AppData\Local\Temp\ccikEH7f.s:78     .text.StartImuTask:00000000 StartImuTask
C:\Users\lenovo\AppData\Local\Temp\ccikEH7f.s:120    .text.StartImuTask:00000020 $d
C:\Users\lenovo\AppData\Local\Temp\ccikEH7f.s:125    .text.StartLogTask:00000000 $t
C:\Users\lenovo\AppData\Local\Temp\ccikEH7f.s:131    .text.StartLogTask:00000000 StartLogTask
C:\Users\lenovo\AppData\Local\Temp\ccikEH7f.s:170    .text.StartMotorTask:00000000 $t
C:\Users\lenovo\AppData\Local\Temp\ccikEH7f.s:176    .text.StartMotorTask:00000000 StartMotorTask
C:\Users\lenovo\AppData\Local\Temp\ccikEH7f.s:218    .text.StartMotorTask:00000020 $d
C:\Users\lenovo\AppData\Local\Temp\ccikEH7f.s:223    .text.StartMonitorTask:00000000 $t
C:\Users\lenovo\AppData\Local\Temp\ccikEH7f.s:229    .text.StartMonitorTask:00000000 StartMonitorTask
C:\Users\lenovo\AppData\Local\Temp\ccikEH7f.s:268    .text.StartRobotCMDTask:00000000 $t
C:\Users\lenovo\AppData\Local\Temp\ccikEH7f.s:274    .text.StartRobotCMDTask:00000000 StartRobotCMDTask
C:\Users\lenovo\AppData\Local\Temp\ccikEH7f.s:316    .text.StartRobotCMDTask:00000020 $d
C:\Users\lenovo\AppData\Local\Temp\ccikEH7f.s:321    .text.StartCapTask:00000000 $t
C:\Users\lenovo\AppData\Local\Temp\ccikEH7f.s:327    .text.StartCapTask:00000000 StartCapTask
C:\Users\lenovo\AppData\Local\Temp\ccikEH7f.s:369    .text.StartCapTask:00000020 $d
C:\Users\lenovo\AppData\Local\Temp\ccikEH7f.s:374    .text.StartRefereeTask:00000000 $t
C:\Users\lenovo\AppData\Local\Temp\ccikEH7f.s:380    .text.StartRefereeTask:00000000 StartRefereeTask
C:\Users\lenovo\AppData\Local\Temp\ccikEH7f.s:422    .text.StartRefereeTask:00000020 $d
C:\Users\lenovo\AppData\Local\Temp\ccikEH7f.s:427    .text.StartRefereeSendTask:00000000 $t
C:\Users\lenovo\AppData\Local\Temp\ccikEH7f.s:433    .text.StartRefereeSendTask:00000000 StartRefereeSendTask
C:\Users\lenovo\AppData\Local\Temp\ccikEH7f.s:466    .text.StartRefereeSendTask:00000014 $d
C:\Users\lenovo\AppData\Local\Temp\ccikEH7f.s:471    .text.MX_FREERTOS_Init:00000000 $t
C:\Users\lenovo\AppData\Local\Temp\ccikEH7f.s:477    .text.MX_FREERTOS_Init:00000000 MX_FREERTOS_Init
C:\Users\lenovo\AppData\Local\Temp\ccikEH7f.s:583    .text.MX_FREERTOS_Init:00000084 $d
C:\Users\lenovo\AppData\Local\Temp\ccikEH7f.s:771    .rodata.RefereeSendTask_attributes:00000000 RefereeSendTask_attributes
C:\Users\lenovo\AppData\Local\Temp\ccikEH7f.s:615    .rodata.str1.4:00000000 $d
C:\Users\lenovo\AppData\Local\Temp\ccikEH7f.s:692    .bss.RefereeSendTaskHandle:00000000 RefereeSendTaskHandle
C:\Users\lenovo\AppData\Local\Temp\ccikEH7f.s:782    .rodata.RefereeTask_attributes:00000000 RefereeTask_attributes
C:\Users\lenovo\AppData\Local\Temp\ccikEH7f.s:699    .bss.RefereeTaskHandle:00000000 RefereeTaskHandle
C:\Users\lenovo\AppData\Local\Temp\ccikEH7f.s:804    .rodata.SuperCapTask_attributes:00000000 SuperCapTask_attributes
C:\Users\lenovo\AppData\Local\Temp\ccikEH7f.s:713    .bss.SuperCapTaskHandle:00000000 SuperCapTaskHandle
C:\Users\lenovo\AppData\Local\Temp\ccikEH7f.s:793    .rodata.RobotCMDTask_attributes:00000000 RobotCMDTask_attributes
C:\Users\lenovo\AppData\Local\Temp\ccikEH7f.s:706    .bss.RobotCMDTaskHandle:00000000 RobotCMDTaskHandle
C:\Users\lenovo\AppData\Local\Temp\ccikEH7f.s:749    .rodata.MonitorTask_attributes:00000000 MonitorTask_attributes
C:\Users\lenovo\AppData\Local\Temp\ccikEH7f.s:678    .bss.MonitorTaskHandle:00000000 MonitorTaskHandle
C:\Users\lenovo\AppData\Local\Temp\ccikEH7f.s:760    .rodata.MotorTask_attributes:00000000 MotorTask_attributes
C:\Users\lenovo\AppData\Local\Temp\ccikEH7f.s:685    .bss.MotorTaskHandle:00000000 MotorTaskHandle
C:\Users\lenovo\AppData\Local\Temp\ccikEH7f.s:738    .rodata.LogTask_attributes:00000000 LogTask_attributes
C:\Users\lenovo\AppData\Local\Temp\ccikEH7f.s:671    .bss.LogTaskHandle:00000000 LogTaskHandle
C:\Users\lenovo\AppData\Local\Temp\ccikEH7f.s:727    .rodata.ImuTask_attributes:00000000 ImuTask_attributes
C:\Users\lenovo\AppData\Local\Temp\ccikEH7f.s:664    .bss.ImuTaskHandle:00000000 ImuTaskHandle
C:\Users\lenovo\AppData\Local\Temp\ccikEH7f.s:815    .rodata.defaultTask_attributes:00000000 defaultTask_attributes
C:\Users\lenovo\AppData\Local\Temp\ccikEH7f.s:720    .bss.defaultTaskHandle:00000000 defaultTaskHandle
C:\Users\lenovo\AppData\Local\Temp\ccikEH7f.s:660    .bss.ImuTaskHandle:00000000 $d
C:\Users\lenovo\AppData\Local\Temp\ccikEH7f.s:667    .bss.LogTaskHandle:00000000 $d
C:\Users\lenovo\AppData\Local\Temp\ccikEH7f.s:674    .bss.MonitorTaskHandle:00000000 $d
C:\Users\lenovo\AppData\Local\Temp\ccikEH7f.s:681    .bss.MotorTaskHandle:00000000 $d
C:\Users\lenovo\AppData\Local\Temp\ccikEH7f.s:688    .bss.RefereeSendTaskHandle:00000000 $d
C:\Users\lenovo\AppData\Local\Temp\ccikEH7f.s:695    .bss.RefereeTaskHandle:00000000 $d
C:\Users\lenovo\AppData\Local\Temp\ccikEH7f.s:702    .bss.RobotCMDTaskHandle:00000000 $d
C:\Users\lenovo\AppData\Local\Temp\ccikEH7f.s:709    .bss.SuperCapTaskHandle:00000000 $d
C:\Users\lenovo\AppData\Local\Temp\ccikEH7f.s:716    .bss.defaultTaskHandle:00000000 $d
ARM GAS  C:\Users\lenovo\AppData\Local\Temp\ccikEH7f.s 			page 24


C:\Users\lenovo\AppData\Local\Temp\ccikEH7f.s:723    .rodata.ImuTask_attributes:00000000 $d
C:\Users\lenovo\AppData\Local\Temp\ccikEH7f.s:734    .rodata.LogTask_attributes:00000000 $d
C:\Users\lenovo\AppData\Local\Temp\ccikEH7f.s:745    .rodata.MonitorTask_attributes:00000000 $d
C:\Users\lenovo\AppData\Local\Temp\ccikEH7f.s:756    .rodata.MotorTask_attributes:00000000 $d
C:\Users\lenovo\AppData\Local\Temp\ccikEH7f.s:767    .rodata.RefereeSendTask_attributes:00000000 $d
C:\Users\lenovo\AppData\Local\Temp\ccikEH7f.s:778    .rodata.RefereeTask_attributes:00000000 $d
C:\Users\lenovo\AppData\Local\Temp\ccikEH7f.s:789    .rodata.RobotCMDTask_attributes:00000000 $d
C:\Users\lenovo\AppData\Local\Temp\ccikEH7f.s:800    .rodata.SuperCapTask_attributes:00000000 $d
C:\Users\lenovo\AppData\Local\Temp\ccikEH7f.s:811    .rodata.defaultTask_attributes:00000000 $d

UNDEFINED SYMBOLS
xTaskGetTickCount
APP_Layer_default_loop
HAL_Layer_Default_Loop
HAL_Buzzer_Loop
vTaskDelayUntil
FrameRateStatistics
HAL_Imu_Loop
task_frameRate
APP_Log_Loop
HAL_Motor_Calc_Loop
HAL_Monitor_Loop
APP_Loop
HAL_Super_cap_wuli_Loop
HAL_Referee_Recv_Loop
HAL_Referee_Send_Loop
osDelay
osThreadNew
