ARM GAS  C:\Users\lenovo\AppData\Local\Temp\ccCyuoIX.s 			page 1


   1              		.cpu cortex-m4
   2              		.arch armv7e-m
   3              		.fpu fpv4-sp-d16
   4              		.eabi_attribute 27, 1
   5              		.eabi_attribute 28, 1
   6              		.eabi_attribute 20, 1
   7              		.eabi_attribute 21, 1
   8              		.eabi_attribute 23, 3
   9              		.eabi_attribute 24, 1
  10              		.eabi_attribute 25, 1
  11              		.eabi_attribute 26, 1
  12              		.eabi_attribute 30, 1
  13              		.eabi_attribute 34, 1
  14              		.eabi_attribute 18, 4
  15              		.file	"gpio.c"
  16              		.text
  17              	.Ltext0:
  18              		.cfi_sections	.debug_frame
  19              		.section	.text.MX_GPIO_Init,"ax",%progbits
  20              		.align	1
  21              		.global	MX_GPIO_Init
  22              		.syntax unified
  23              		.thumb
  24              		.thumb_func
  26              	MX_GPIO_Init:
  27              	.LFB130:
  28              		.file 1 "Core/Src/gpio.c"
   1:Core/Src/gpio.c **** /* USER CODE BEGIN Header */
   2:Core/Src/gpio.c **** /**
   3:Core/Src/gpio.c ****   ******************************************************************************
   4:Core/Src/gpio.c ****   * @file    gpio.c
   5:Core/Src/gpio.c ****   * @brief   This file provides code for the configuration
   6:Core/Src/gpio.c ****   *          of all used GPIO pins.
   7:Core/Src/gpio.c ****   ******************************************************************************
   8:Core/Src/gpio.c ****   * @attention
   9:Core/Src/gpio.c ****   *
  10:Core/Src/gpio.c ****   * Copyright (c) 2021 STMicroelectronics.
  11:Core/Src/gpio.c ****   * All rights reserved.
  12:Core/Src/gpio.c ****   *
  13:Core/Src/gpio.c ****   * This software is licensed under terms that can be found in the LICENSE file
  14:Core/Src/gpio.c ****   * in the root directory of this software component.
  15:Core/Src/gpio.c ****   * If no LICENSE file comes with this software, it is provided AS-IS.
  16:Core/Src/gpio.c ****   *
  17:Core/Src/gpio.c ****   ******************************************************************************
  18:Core/Src/gpio.c ****   */
  19:Core/Src/gpio.c **** /* USER CODE END Header */
  20:Core/Src/gpio.c **** 
  21:Core/Src/gpio.c **** /* Includes ------------------------------------------------------------------*/
  22:Core/Src/gpio.c **** #include "gpio.h"
  23:Core/Src/gpio.c **** 
  24:Core/Src/gpio.c **** /* USER CODE BEGIN 0 */
  25:Core/Src/gpio.c **** 
  26:Core/Src/gpio.c **** /* USER CODE END 0 */
  27:Core/Src/gpio.c **** 
  28:Core/Src/gpio.c **** /*----------------------------------------------------------------------------*/
  29:Core/Src/gpio.c **** /* Configure GPIO                                                             */
  30:Core/Src/gpio.c **** /*----------------------------------------------------------------------------*/
ARM GAS  C:\Users\lenovo\AppData\Local\Temp\ccCyuoIX.s 			page 2


  31:Core/Src/gpio.c **** /* USER CODE BEGIN 1 */
  32:Core/Src/gpio.c **** 
  33:Core/Src/gpio.c **** /* USER CODE END 1 */
  34:Core/Src/gpio.c **** 
  35:Core/Src/gpio.c **** /** Configure pins as
  36:Core/Src/gpio.c ****         * Analog
  37:Core/Src/gpio.c ****         * Input
  38:Core/Src/gpio.c ****         * Output
  39:Core/Src/gpio.c ****         * EVENT_OUT
  40:Core/Src/gpio.c ****         * EXTI
  41:Core/Src/gpio.c **** */
  42:Core/Src/gpio.c **** void MX_GPIO_Init(void)
  43:Core/Src/gpio.c **** {
  29              		.loc 1 43 1 view -0
  30              		.cfi_startproc
  31              		@ args = 0, pretend = 0, frame = 56
  32              		@ frame_needed = 0, uses_anonymous_args = 0
  33 0000 2DE9F047 		push	{r4, r5, r6, r7, r8, r9, r10, lr}
  34              	.LCFI0:
  35              		.cfi_def_cfa_offset 32
  36              		.cfi_offset 4, -32
  37              		.cfi_offset 5, -28
  38              		.cfi_offset 6, -24
  39              		.cfi_offset 7, -20
  40              		.cfi_offset 8, -16
  41              		.cfi_offset 9, -12
  42              		.cfi_offset 10, -8
  43              		.cfi_offset 14, -4
  44 0004 8EB0     		sub	sp, sp, #56
  45              	.LCFI1:
  46              		.cfi_def_cfa_offset 88
  44:Core/Src/gpio.c **** 
  45:Core/Src/gpio.c ****   GPIO_InitTypeDef GPIO_InitStruct = {0};
  47              		.loc 1 45 3 view .LVU1
  48              		.loc 1 45 20 is_stmt 0 view .LVU2
  49 0006 0024     		movs	r4, #0
  50 0008 0994     		str	r4, [sp, #36]
  51 000a 0A94     		str	r4, [sp, #40]
  52 000c 0B94     		str	r4, [sp, #44]
  53 000e 0C94     		str	r4, [sp, #48]
  54 0010 0D94     		str	r4, [sp, #52]
  46:Core/Src/gpio.c **** 
  47:Core/Src/gpio.c ****   /* GPIO Ports Clock Enable */
  48:Core/Src/gpio.c ****   __HAL_RCC_GPIOB_CLK_ENABLE();
  55              		.loc 1 48 3 is_stmt 1 view .LVU3
  56              	.LBB2:
  57              		.loc 1 48 3 view .LVU4
  58 0012 0094     		str	r4, [sp]
  59              		.loc 1 48 3 view .LVU5
  60 0014 5C4B     		ldr	r3, .L3
  61 0016 1A6B     		ldr	r2, [r3, #48]
  62 0018 42F00202 		orr	r2, r2, #2
  63 001c 1A63     		str	r2, [r3, #48]
  64              		.loc 1 48 3 view .LVU6
  65 001e 1A6B     		ldr	r2, [r3, #48]
  66 0020 02F00202 		and	r2, r2, #2
  67 0024 0092     		str	r2, [sp]
ARM GAS  C:\Users\lenovo\AppData\Local\Temp\ccCyuoIX.s 			page 3


  68              		.loc 1 48 3 view .LVU7
  69 0026 009A     		ldr	r2, [sp]
  70              	.LBE2:
  71              		.loc 1 48 3 view .LVU8
  49:Core/Src/gpio.c ****   __HAL_RCC_GPIOG_CLK_ENABLE();
  72              		.loc 1 49 3 view .LVU9
  73              	.LBB3:
  74              		.loc 1 49 3 view .LVU10
  75 0028 0194     		str	r4, [sp, #4]
  76              		.loc 1 49 3 view .LVU11
  77 002a 1A6B     		ldr	r2, [r3, #48]
  78 002c 42F04002 		orr	r2, r2, #64
  79 0030 1A63     		str	r2, [r3, #48]
  80              		.loc 1 49 3 view .LVU12
  81 0032 1A6B     		ldr	r2, [r3, #48]
  82 0034 02F04002 		and	r2, r2, #64
  83 0038 0192     		str	r2, [sp, #4]
  84              		.loc 1 49 3 view .LVU13
  85 003a 019A     		ldr	r2, [sp, #4]
  86              	.LBE3:
  87              		.loc 1 49 3 view .LVU14
  50:Core/Src/gpio.c ****   __HAL_RCC_GPIOA_CLK_ENABLE();
  88              		.loc 1 50 3 view .LVU15
  89              	.LBB4:
  90              		.loc 1 50 3 view .LVU16
  91 003c 0294     		str	r4, [sp, #8]
  92              		.loc 1 50 3 view .LVU17
  93 003e 1A6B     		ldr	r2, [r3, #48]
  94 0040 42F00102 		orr	r2, r2, #1
  95 0044 1A63     		str	r2, [r3, #48]
  96              		.loc 1 50 3 view .LVU18
  97 0046 1A6B     		ldr	r2, [r3, #48]
  98 0048 02F00102 		and	r2, r2, #1
  99 004c 0292     		str	r2, [sp, #8]
 100              		.loc 1 50 3 view .LVU19
 101 004e 029A     		ldr	r2, [sp, #8]
 102              	.LBE4:
 103              		.loc 1 50 3 view .LVU20
  51:Core/Src/gpio.c ****   __HAL_RCC_GPIOD_CLK_ENABLE();
 104              		.loc 1 51 3 view .LVU21
 105              	.LBB5:
 106              		.loc 1 51 3 view .LVU22
 107 0050 0394     		str	r4, [sp, #12]
 108              		.loc 1 51 3 view .LVU23
 109 0052 1A6B     		ldr	r2, [r3, #48]
 110 0054 42F00802 		orr	r2, r2, #8
 111 0058 1A63     		str	r2, [r3, #48]
 112              		.loc 1 51 3 view .LVU24
 113 005a 1A6B     		ldr	r2, [r3, #48]
 114 005c 02F00802 		and	r2, r2, #8
 115 0060 0392     		str	r2, [sp, #12]
 116              		.loc 1 51 3 view .LVU25
 117 0062 039A     		ldr	r2, [sp, #12]
 118              	.LBE5:
 119              		.loc 1 51 3 view .LVU26
  52:Core/Src/gpio.c ****   __HAL_RCC_GPIOC_CLK_ENABLE();
 120              		.loc 1 52 3 view .LVU27
ARM GAS  C:\Users\lenovo\AppData\Local\Temp\ccCyuoIX.s 			page 4


 121              	.LBB6:
 122              		.loc 1 52 3 view .LVU28
 123 0064 0494     		str	r4, [sp, #16]
 124              		.loc 1 52 3 view .LVU29
 125 0066 1A6B     		ldr	r2, [r3, #48]
 126 0068 42F00402 		orr	r2, r2, #4
 127 006c 1A63     		str	r2, [r3, #48]
 128              		.loc 1 52 3 view .LVU30
 129 006e 1A6B     		ldr	r2, [r3, #48]
 130 0070 02F00402 		and	r2, r2, #4
 131 0074 0492     		str	r2, [sp, #16]
 132              		.loc 1 52 3 view .LVU31
 133 0076 049A     		ldr	r2, [sp, #16]
 134              	.LBE6:
 135              		.loc 1 52 3 view .LVU32
  53:Core/Src/gpio.c ****   __HAL_RCC_GPIOI_CLK_ENABLE();
 136              		.loc 1 53 3 view .LVU33
 137              	.LBB7:
 138              		.loc 1 53 3 view .LVU34
 139 0078 0594     		str	r4, [sp, #20]
 140              		.loc 1 53 3 view .LVU35
 141 007a 1A6B     		ldr	r2, [r3, #48]
 142 007c 42F48072 		orr	r2, r2, #256
 143 0080 1A63     		str	r2, [r3, #48]
 144              		.loc 1 53 3 view .LVU36
 145 0082 1A6B     		ldr	r2, [r3, #48]
 146 0084 02F48072 		and	r2, r2, #256
 147 0088 0592     		str	r2, [sp, #20]
 148              		.loc 1 53 3 view .LVU37
 149 008a 059A     		ldr	r2, [sp, #20]
 150              	.LBE7:
 151              		.loc 1 53 3 view .LVU38
  54:Core/Src/gpio.c ****   __HAL_RCC_GPIOF_CLK_ENABLE();
 152              		.loc 1 54 3 view .LVU39
 153              	.LBB8:
 154              		.loc 1 54 3 view .LVU40
 155 008c 0694     		str	r4, [sp, #24]
 156              		.loc 1 54 3 view .LVU41
 157 008e 1A6B     		ldr	r2, [r3, #48]
 158 0090 42F02002 		orr	r2, r2, #32
 159 0094 1A63     		str	r2, [r3, #48]
 160              		.loc 1 54 3 view .LVU42
 161 0096 1A6B     		ldr	r2, [r3, #48]
 162 0098 02F02002 		and	r2, r2, #32
 163 009c 0692     		str	r2, [sp, #24]
 164              		.loc 1 54 3 view .LVU43
 165 009e 069A     		ldr	r2, [sp, #24]
 166              	.LBE8:
 167              		.loc 1 54 3 view .LVU44
  55:Core/Src/gpio.c ****   __HAL_RCC_GPIOH_CLK_ENABLE();
 168              		.loc 1 55 3 view .LVU45
 169              	.LBB9:
 170              		.loc 1 55 3 view .LVU46
 171 00a0 0794     		str	r4, [sp, #28]
 172              		.loc 1 55 3 view .LVU47
 173 00a2 1A6B     		ldr	r2, [r3, #48]
 174 00a4 42F08002 		orr	r2, r2, #128
ARM GAS  C:\Users\lenovo\AppData\Local\Temp\ccCyuoIX.s 			page 5


 175 00a8 1A63     		str	r2, [r3, #48]
 176              		.loc 1 55 3 view .LVU48
 177 00aa 1A6B     		ldr	r2, [r3, #48]
 178 00ac 02F08002 		and	r2, r2, #128
 179 00b0 0792     		str	r2, [sp, #28]
 180              		.loc 1 55 3 view .LVU49
 181 00b2 079A     		ldr	r2, [sp, #28]
 182              	.LBE9:
 183              		.loc 1 55 3 view .LVU50
  56:Core/Src/gpio.c ****   __HAL_RCC_GPIOE_CLK_ENABLE();
 184              		.loc 1 56 3 view .LVU51
 185              	.LBB10:
 186              		.loc 1 56 3 view .LVU52
 187 00b4 0894     		str	r4, [sp, #32]
 188              		.loc 1 56 3 view .LVU53
 189 00b6 1A6B     		ldr	r2, [r3, #48]
 190 00b8 42F01002 		orr	r2, r2, #16
 191 00bc 1A63     		str	r2, [r3, #48]
 192              		.loc 1 56 3 view .LVU54
 193 00be 1B6B     		ldr	r3, [r3, #48]
 194 00c0 03F01003 		and	r3, r3, #16
 195 00c4 0893     		str	r3, [sp, #32]
 196              		.loc 1 56 3 view .LVU55
 197 00c6 089B     		ldr	r3, [sp, #32]
 198              	.LBE10:
 199              		.loc 1 56 3 view .LVU56
  57:Core/Src/gpio.c **** 
  58:Core/Src/gpio.c ****   /*Configure GPIO pin Output Level */
  59:Core/Src/gpio.c ****   HAL_GPIO_WritePin(GPIOI, GPIO_PIN_7|GPIO_PIN_6, GPIO_PIN_RESET);
 200              		.loc 1 59 3 view .LVU57
 201 00c8 304E     		ldr	r6, .L3+4
 202 00ca 2246     		mov	r2, r4
 203 00cc C021     		movs	r1, #192
 204 00ce 3046     		mov	r0, r6
 205 00d0 FFF7FEFF 		bl	HAL_GPIO_WritePin
 206              	.LVL0:
  60:Core/Src/gpio.c **** 
  61:Core/Src/gpio.c ****   /*Configure GPIO pin Output Level */
  62:Core/Src/gpio.c ****   HAL_GPIO_WritePin(GPIOC, GPIO_PIN_8, GPIO_PIN_RESET);
 207              		.loc 1 62 3 view .LVU58
 208 00d4 DFF8BCA0 		ldr	r10, .L3+12
 209 00d8 2246     		mov	r2, r4
 210 00da 4FF48071 		mov	r1, #256
 211 00de 5046     		mov	r0, r10
 212 00e0 FFF7FEFF 		bl	HAL_GPIO_WritePin
 213              	.LVL1:
  63:Core/Src/gpio.c **** 
  64:Core/Src/gpio.c ****   /*Configure GPIO pin Output Level */
  65:Core/Src/gpio.c ****   HAL_GPIO_WritePin(GPIOH, GPIO_PIN_12|GPIO_PIN_11|GPIO_PIN_10, GPIO_PIN_RESET);
 214              		.loc 1 65 3 view .LVU59
 215 00e4 DFF8B090 		ldr	r9, .L3+16
 216 00e8 2246     		mov	r2, r4
 217 00ea 4FF4E051 		mov	r1, #7168
 218 00ee 4846     		mov	r0, r9
 219 00f0 FFF7FEFF 		bl	HAL_GPIO_WritePin
 220              	.LVL2:
  66:Core/Src/gpio.c **** 
ARM GAS  C:\Users\lenovo\AppData\Local\Temp\ccCyuoIX.s 			page 6


  67:Core/Src/gpio.c ****   /*Configure GPIO pin Output Level */
  68:Core/Src/gpio.c ****   HAL_GPIO_WritePin(GPIOA, GPIO_PIN_4, GPIO_PIN_SET);
 221              		.loc 1 68 3 view .LVU60
 222 00f4 DFF8A480 		ldr	r8, .L3+20
 223 00f8 0122     		movs	r2, #1
 224 00fa 1021     		movs	r1, #16
 225 00fc 4046     		mov	r0, r8
 226 00fe FFF7FEFF 		bl	HAL_GPIO_WritePin
 227              	.LVL3:
  69:Core/Src/gpio.c **** 
  70:Core/Src/gpio.c ****   /*Configure GPIO pin Output Level */
  71:Core/Src/gpio.c ****   HAL_GPIO_WritePin(GPIOB, GPIO_PIN_0, GPIO_PIN_SET);
 228              		.loc 1 71 3 view .LVU61
 229 0102 234F     		ldr	r7, .L3+8
 230 0104 0122     		movs	r2, #1
 231 0106 1146     		mov	r1, r2
 232 0108 3846     		mov	r0, r7
 233 010a FFF7FEFF 		bl	HAL_GPIO_WritePin
 234              	.LVL4:
  72:Core/Src/gpio.c **** 
  73:Core/Src/gpio.c ****   /*Configure GPIO pin : PI7 */
  74:Core/Src/gpio.c ****   GPIO_InitStruct.Pin = GPIO_PIN_7;
 235              		.loc 1 74 3 view .LVU62
 236              		.loc 1 74 23 is_stmt 0 view .LVU63
 237 010e 8023     		movs	r3, #128
 238 0110 0993     		str	r3, [sp, #36]
  75:Core/Src/gpio.c ****   GPIO_InitStruct.Mode = GPIO_MODE_OUTPUT_PP;
 239              		.loc 1 75 3 is_stmt 1 view .LVU64
 240              		.loc 1 75 24 is_stmt 0 view .LVU65
 241 0112 0125     		movs	r5, #1
 242 0114 0A95     		str	r5, [sp, #40]
  76:Core/Src/gpio.c ****   GPIO_InitStruct.Pull = GPIO_PULLUP;
 243              		.loc 1 76 3 is_stmt 1 view .LVU66
 244              		.loc 1 76 24 is_stmt 0 view .LVU67
 245 0116 0B95     		str	r5, [sp, #44]
  77:Core/Src/gpio.c ****   GPIO_InitStruct.Speed = GPIO_SPEED_FREQ_LOW;
 246              		.loc 1 77 3 is_stmt 1 view .LVU68
 247              		.loc 1 77 25 is_stmt 0 view .LVU69
 248 0118 0C94     		str	r4, [sp, #48]
  78:Core/Src/gpio.c ****   HAL_GPIO_Init(GPIOI, &GPIO_InitStruct);
 249              		.loc 1 78 3 is_stmt 1 view .LVU70
 250 011a 09A9     		add	r1, sp, #36
 251 011c 3046     		mov	r0, r6
 252 011e FFF7FEFF 		bl	HAL_GPIO_Init
 253              	.LVL5:
  79:Core/Src/gpio.c **** 
  80:Core/Src/gpio.c ****   /*Configure GPIO pin : PI6 */
  81:Core/Src/gpio.c ****   GPIO_InitStruct.Pin = GPIO_PIN_6;
 254              		.loc 1 81 3 view .LVU71
 255              		.loc 1 81 23 is_stmt 0 view .LVU72
 256 0122 4023     		movs	r3, #64
 257 0124 0993     		str	r3, [sp, #36]
  82:Core/Src/gpio.c ****   GPIO_InitStruct.Mode = GPIO_MODE_OUTPUT_PP;
 258              		.loc 1 82 3 is_stmt 1 view .LVU73
 259              		.loc 1 82 24 is_stmt 0 view .LVU74
 260 0126 0A95     		str	r5, [sp, #40]
  83:Core/Src/gpio.c ****   GPIO_InitStruct.Pull = GPIO_PULLUP;
ARM GAS  C:\Users\lenovo\AppData\Local\Temp\ccCyuoIX.s 			page 7


 261              		.loc 1 83 3 is_stmt 1 view .LVU75
 262              		.loc 1 83 24 is_stmt 0 view .LVU76
 263 0128 0B95     		str	r5, [sp, #44]
  84:Core/Src/gpio.c ****   GPIO_InitStruct.Speed = GPIO_SPEED_FREQ_VERY_HIGH;
 264              		.loc 1 84 3 is_stmt 1 view .LVU77
 265              		.loc 1 84 25 is_stmt 0 view .LVU78
 266 012a 0323     		movs	r3, #3
 267 012c 0C93     		str	r3, [sp, #48]
  85:Core/Src/gpio.c ****   HAL_GPIO_Init(GPIOI, &GPIO_InitStruct);
 268              		.loc 1 85 3 is_stmt 1 view .LVU79
 269 012e 09A9     		add	r1, sp, #36
 270 0130 3046     		mov	r0, r6
 271 0132 FFF7FEFF 		bl	HAL_GPIO_Init
 272              	.LVL6:
  86:Core/Src/gpio.c **** 
  87:Core/Src/gpio.c ****   /*Configure GPIO pin : PC8 */
  88:Core/Src/gpio.c ****   GPIO_InitStruct.Pin = GPIO_PIN_8;
 273              		.loc 1 88 3 view .LVU80
 274              		.loc 1 88 23 is_stmt 0 view .LVU81
 275 0136 4FF48073 		mov	r3, #256
 276 013a 0993     		str	r3, [sp, #36]
  89:Core/Src/gpio.c ****   GPIO_InitStruct.Mode = GPIO_MODE_OUTPUT_PP;
 277              		.loc 1 89 3 is_stmt 1 view .LVU82
 278              		.loc 1 89 24 is_stmt 0 view .LVU83
 279 013c 0A95     		str	r5, [sp, #40]
  90:Core/Src/gpio.c ****   GPIO_InitStruct.Pull = GPIO_NOPULL;
 280              		.loc 1 90 3 is_stmt 1 view .LVU84
 281              		.loc 1 90 24 is_stmt 0 view .LVU85
 282 013e 0B94     		str	r4, [sp, #44]
  91:Core/Src/gpio.c ****   GPIO_InitStruct.Speed = GPIO_SPEED_FREQ_LOW;
 283              		.loc 1 91 3 is_stmt 1 view .LVU86
 284              		.loc 1 91 25 is_stmt 0 view .LVU87
 285 0140 0C94     		str	r4, [sp, #48]
  92:Core/Src/gpio.c ****   HAL_GPIO_Init(GPIOC, &GPIO_InitStruct);
 286              		.loc 1 92 3 is_stmt 1 view .LVU88
 287 0142 09A9     		add	r1, sp, #36
 288 0144 5046     		mov	r0, r10
 289 0146 FFF7FEFF 		bl	HAL_GPIO_Init
 290              	.LVL7:
  93:Core/Src/gpio.c **** 
  94:Core/Src/gpio.c ****   /*Configure GPIO pins : PH12 PH11 PH10 */
  95:Core/Src/gpio.c ****   GPIO_InitStruct.Pin = GPIO_PIN_12|GPIO_PIN_11|GPIO_PIN_10;
 291              		.loc 1 95 3 view .LVU89
 292              		.loc 1 95 23 is_stmt 0 view .LVU90
 293 014a 4FF4E053 		mov	r3, #7168
 294 014e 0993     		str	r3, [sp, #36]
  96:Core/Src/gpio.c ****   GPIO_InitStruct.Mode = GPIO_MODE_OUTPUT_PP;
 295              		.loc 1 96 3 is_stmt 1 view .LVU91
 296              		.loc 1 96 24 is_stmt 0 view .LVU92
 297 0150 0A95     		str	r5, [sp, #40]
  97:Core/Src/gpio.c ****   GPIO_InitStruct.Pull = GPIO_NOPULL;
 298              		.loc 1 97 3 is_stmt 1 view .LVU93
 299              		.loc 1 97 24 is_stmt 0 view .LVU94
 300 0152 0B94     		str	r4, [sp, #44]
  98:Core/Src/gpio.c ****   GPIO_InitStruct.Speed = GPIO_SPEED_FREQ_LOW;
 301              		.loc 1 98 3 is_stmt 1 view .LVU95
 302              		.loc 1 98 25 is_stmt 0 view .LVU96
ARM GAS  C:\Users\lenovo\AppData\Local\Temp\ccCyuoIX.s 			page 8


 303 0154 0C94     		str	r4, [sp, #48]
  99:Core/Src/gpio.c ****   HAL_GPIO_Init(GPIOH, &GPIO_InitStruct);
 304              		.loc 1 99 3 is_stmt 1 view .LVU97
 305 0156 09A9     		add	r1, sp, #36
 306 0158 4846     		mov	r0, r9
 307 015a FFF7FEFF 		bl	HAL_GPIO_Init
 308              	.LVL8:
 100:Core/Src/gpio.c **** 
 101:Core/Src/gpio.c ****   /*Configure GPIO pin : PA4 */
 102:Core/Src/gpio.c ****   GPIO_InitStruct.Pin = GPIO_PIN_4;
 309              		.loc 1 102 3 view .LVU98
 310              		.loc 1 102 23 is_stmt 0 view .LVU99
 311 015e 1023     		movs	r3, #16
 312 0160 0993     		str	r3, [sp, #36]
 103:Core/Src/gpio.c ****   GPIO_InitStruct.Mode = GPIO_MODE_OUTPUT_PP;
 313              		.loc 1 103 3 is_stmt 1 view .LVU100
 314              		.loc 1 103 24 is_stmt 0 view .LVU101
 315 0162 0A95     		str	r5, [sp, #40]
 104:Core/Src/gpio.c ****   GPIO_InitStruct.Pull = GPIO_PULLUP;
 316              		.loc 1 104 3 is_stmt 1 view .LVU102
 317              		.loc 1 104 24 is_stmt 0 view .LVU103
 318 0164 0B95     		str	r5, [sp, #44]
 105:Core/Src/gpio.c ****   GPIO_InitStruct.Speed = GPIO_SPEED_FREQ_HIGH;
 319              		.loc 1 105 3 is_stmt 1 view .LVU104
 320              		.loc 1 105 25 is_stmt 0 view .LVU105
 321 0166 0224     		movs	r4, #2
 322 0168 0C94     		str	r4, [sp, #48]
 106:Core/Src/gpio.c ****   HAL_GPIO_Init(GPIOA, &GPIO_InitStruct);
 323              		.loc 1 106 3 is_stmt 1 view .LVU106
 324 016a 09A9     		add	r1, sp, #36
 325 016c 4046     		mov	r0, r8
 326 016e FFF7FEFF 		bl	HAL_GPIO_Init
 327              	.LVL9:
 107:Core/Src/gpio.c **** 
 108:Core/Src/gpio.c ****   /*Configure GPIO pin : PB0 */
 109:Core/Src/gpio.c ****   GPIO_InitStruct.Pin = GPIO_PIN_0;
 328              		.loc 1 109 3 view .LVU107
 329              		.loc 1 109 23 is_stmt 0 view .LVU108
 330 0172 0995     		str	r5, [sp, #36]
 110:Core/Src/gpio.c ****   GPIO_InitStruct.Mode = GPIO_MODE_OUTPUT_PP;
 331              		.loc 1 110 3 is_stmt 1 view .LVU109
 332              		.loc 1 110 24 is_stmt 0 view .LVU110
 333 0174 0A95     		str	r5, [sp, #40]
 111:Core/Src/gpio.c ****   GPIO_InitStruct.Pull = GPIO_PULLUP;
 334              		.loc 1 111 3 is_stmt 1 view .LVU111
 335              		.loc 1 111 24 is_stmt 0 view .LVU112
 336 0176 0B95     		str	r5, [sp, #44]
 112:Core/Src/gpio.c ****   GPIO_InitStruct.Speed = GPIO_SPEED_FREQ_HIGH;
 337              		.loc 1 112 3 is_stmt 1 view .LVU113
 338              		.loc 1 112 25 is_stmt 0 view .LVU114
 339 0178 0C94     		str	r4, [sp, #48]
 113:Core/Src/gpio.c ****   HAL_GPIO_Init(GPIOB, &GPIO_InitStruct);
 340              		.loc 1 113 3 is_stmt 1 view .LVU115
 341 017a 09A9     		add	r1, sp, #36
 342 017c 3846     		mov	r0, r7
 343 017e FFF7FEFF 		bl	HAL_GPIO_Init
 344              	.LVL10:
ARM GAS  C:\Users\lenovo\AppData\Local\Temp\ccCyuoIX.s 			page 9


 114:Core/Src/gpio.c **** 
 115:Core/Src/gpio.c **** }
 345              		.loc 1 115 1 is_stmt 0 view .LVU116
 346 0182 0EB0     		add	sp, sp, #56
 347              	.LCFI2:
 348              		.cfi_def_cfa_offset 32
 349              		@ sp needed
 350 0184 BDE8F087 		pop	{r4, r5, r6, r7, r8, r9, r10, pc}
 351              	.L4:
 352              		.align	2
 353              	.L3:
 354 0188 00380240 		.word	1073887232
 355 018c 00200240 		.word	1073881088
 356 0190 00040240 		.word	1073873920
 357 0194 00080240 		.word	1073874944
 358 0198 001C0240 		.word	1073880064
 359 019c 00000240 		.word	1073872896
 360              		.cfi_endproc
 361              	.LFE130:
 363              		.text
 364              	.Letext0:
 365              		.file 2 "d:\\gcc-arm-none-eabi\\arm-none-eabi\\include\\machine\\_default_types.h"
 366              		.file 3 "d:\\gcc-arm-none-eabi\\arm-none-eabi\\include\\sys\\_stdint.h"
 367              		.file 4 "Drivers/CMSIS/Device/ST/STM32F4xx/Include/stm32f407xx.h"
 368              		.file 5 "Drivers/STM32F4xx_HAL_Driver/Inc/stm32f4xx_hal_gpio.h"
ARM GAS  C:\Users\lenovo\AppData\Local\Temp\ccCyuoIX.s 			page 10


DEFINED SYMBOLS
                            *ABS*:00000000 gpio.c
C:\Users\lenovo\AppData\Local\Temp\ccCyuoIX.s:20     .text.MX_GPIO_Init:00000000 $t
C:\Users\lenovo\AppData\Local\Temp\ccCyuoIX.s:26     .text.MX_GPIO_Init:00000000 MX_GPIO_Init
C:\Users\lenovo\AppData\Local\Temp\ccCyuoIX.s:354    .text.MX_GPIO_Init:00000188 $d

UNDEFINED SYMBOLS
HAL_GPIO_WritePin
HAL_GPIO_Init
