ARM GAS  C:\Users\lenovo\AppData\Local\Temp\ccwGT3yV.s 			page 1


   1              		.cpu cortex-m4
   2              		.arch armv7e-m
   3              		.fpu fpv4-sp-d16
   4              		.eabi_attribute 27, 1
   5              		.eabi_attribute 28, 1
   6              		.eabi_attribute 20, 1
   7              		.eabi_attribute 21, 1
   8              		.eabi_attribute 23, 3
   9              		.eabi_attribute 24, 1
  10              		.eabi_attribute 25, 1
  11              		.eabi_attribute 26, 1
  12              		.eabi_attribute 30, 1
  13              		.eabi_attribute 34, 1
  14              		.eabi_attribute 18, 4
  15              		.file	"stm32f4xx_it.c"
  16              		.text
  17              	.Ltext0:
  18              		.cfi_sections	.debug_frame
  19              		.section	.text.NMI_Handler,"ax",%progbits
  20              		.align	1
  21              		.global	NMI_Handler
  22              		.syntax unified
  23              		.thumb
  24              		.thumb_func
  26              	NMI_Handler:
  27              	.LFB130:
  28              		.file 1 "Core/Src/stm32f4xx_it.c"
   1:Core/Src/stm32f4xx_it.c **** /* USER CODE BEGIN Header */
   2:Core/Src/stm32f4xx_it.c **** /**
   3:Core/Src/stm32f4xx_it.c ****   ******************************************************************************
   4:Core/Src/stm32f4xx_it.c ****   * @file    stm32f4xx_it.c
   5:Core/Src/stm32f4xx_it.c ****   * @brief   Interrupt Service Routines.
   6:Core/Src/stm32f4xx_it.c ****   ******************************************************************************
   7:Core/Src/stm32f4xx_it.c ****   * @attention
   8:Core/Src/stm32f4xx_it.c ****   *
   9:Core/Src/stm32f4xx_it.c ****   * <h2><center>&copy; Copyright (c) 2021 STMicroelectronics.
  10:Core/Src/stm32f4xx_it.c ****   * All rights reserved.</center></h2>
  11:Core/Src/stm32f4xx_it.c ****   *
  12:Core/Src/stm32f4xx_it.c ****   * This software component is licensed by ST under Ultimate Liberty license
  13:Core/Src/stm32f4xx_it.c ****   * SLA0044, the "License"; You may not use this file except in compliance with
  14:Core/Src/stm32f4xx_it.c ****   * the License. You may obtain a copy of the License at:
  15:Core/Src/stm32f4xx_it.c ****   *                             www.st.com/SLA0044
  16:Core/Src/stm32f4xx_it.c ****   *
  17:Core/Src/stm32f4xx_it.c ****   ******************************************************************************
  18:Core/Src/stm32f4xx_it.c ****   */
  19:Core/Src/stm32f4xx_it.c **** /* USER CODE END Header */
  20:Core/Src/stm32f4xx_it.c **** 
  21:Core/Src/stm32f4xx_it.c **** /* Includes ------------------------------------------------------------------*/
  22:Core/Src/stm32f4xx_it.c **** #include "main.h"
  23:Core/Src/stm32f4xx_it.c **** #include "stm32f4xx_it.h"
  24:Core/Src/stm32f4xx_it.c **** /* Private includes ----------------------------------------------------------*/
  25:Core/Src/stm32f4xx_it.c **** /* USER CODE BEGIN Includes */
  26:Core/Src/stm32f4xx_it.c **** #include "bsp_uart.h"
  27:Core/Src/stm32f4xx_it.c **** /* USER CODE END Includes */
  28:Core/Src/stm32f4xx_it.c **** 
  29:Core/Src/stm32f4xx_it.c **** /* Private typedef -----------------------------------------------------------*/
  30:Core/Src/stm32f4xx_it.c **** /* USER CODE BEGIN TD */
ARM GAS  C:\Users\lenovo\AppData\Local\Temp\ccwGT3yV.s 			page 2


  31:Core/Src/stm32f4xx_it.c **** 
  32:Core/Src/stm32f4xx_it.c **** /* USER CODE END TD */
  33:Core/Src/stm32f4xx_it.c **** 
  34:Core/Src/stm32f4xx_it.c **** /* Private define ------------------------------------------------------------*/
  35:Core/Src/stm32f4xx_it.c **** /* USER CODE BEGIN PD */
  36:Core/Src/stm32f4xx_it.c **** 
  37:Core/Src/stm32f4xx_it.c **** /* USER CODE END PD */
  38:Core/Src/stm32f4xx_it.c **** 
  39:Core/Src/stm32f4xx_it.c **** /* Private macro -------------------------------------------------------------*/
  40:Core/Src/stm32f4xx_it.c **** /* USER CODE BEGIN PM */
  41:Core/Src/stm32f4xx_it.c **** 
  42:Core/Src/stm32f4xx_it.c **** /* USER CODE END PM */
  43:Core/Src/stm32f4xx_it.c **** 
  44:Core/Src/stm32f4xx_it.c **** /* Private variables ---------------------------------------------------------*/
  45:Core/Src/stm32f4xx_it.c **** /* USER CODE BEGIN PV */
  46:Core/Src/stm32f4xx_it.c **** 
  47:Core/Src/stm32f4xx_it.c **** /* USER CODE END PV */
  48:Core/Src/stm32f4xx_it.c **** 
  49:Core/Src/stm32f4xx_it.c **** /* Private function prototypes -----------------------------------------------*/
  50:Core/Src/stm32f4xx_it.c **** /* USER CODE BEGIN PFP */
  51:Core/Src/stm32f4xx_it.c **** 
  52:Core/Src/stm32f4xx_it.c **** /* USER CODE END PFP */
  53:Core/Src/stm32f4xx_it.c **** 
  54:Core/Src/stm32f4xx_it.c **** /* Private user code ---------------------------------------------------------*/
  55:Core/Src/stm32f4xx_it.c **** /* USER CODE BEGIN 0 */
  56:Core/Src/stm32f4xx_it.c **** 
  57:Core/Src/stm32f4xx_it.c **** /* USER CODE END 0 */
  58:Core/Src/stm32f4xx_it.c **** 
  59:Core/Src/stm32f4xx_it.c **** /* External variables --------------------------------------------------------*/
  60:Core/Src/stm32f4xx_it.c **** extern CAN_HandleTypeDef hcan1;
  61:Core/Src/stm32f4xx_it.c **** extern CAN_HandleTypeDef hcan2;
  62:Core/Src/stm32f4xx_it.c **** extern TIM_HandleTypeDef htim8;
  63:Core/Src/stm32f4xx_it.c **** extern DMA_HandleTypeDef hdma_usart1_tx;
  64:Core/Src/stm32f4xx_it.c **** extern DMA_HandleTypeDef hdma_usart1_rx;
  65:Core/Src/stm32f4xx_it.c **** extern DMA_HandleTypeDef hdma_usart3_rx;
  66:Core/Src/stm32f4xx_it.c **** extern DMA_HandleTypeDef hdma_usart6_rx;
  67:Core/Src/stm32f4xx_it.c **** extern DMA_HandleTypeDef hdma_usart6_tx;
  68:Core/Src/stm32f4xx_it.c **** extern UART_HandleTypeDef huart1;
  69:Core/Src/stm32f4xx_it.c **** extern UART_HandleTypeDef huart3;
  70:Core/Src/stm32f4xx_it.c **** extern UART_HandleTypeDef huart6;
  71:Core/Src/stm32f4xx_it.c **** extern TIM_HandleTypeDef htim14;
  72:Core/Src/stm32f4xx_it.c **** 
  73:Core/Src/stm32f4xx_it.c **** /* USER CODE BEGIN EV */
  74:Core/Src/stm32f4xx_it.c **** 
  75:Core/Src/stm32f4xx_it.c **** /* USER CODE END EV */
  76:Core/Src/stm32f4xx_it.c **** 
  77:Core/Src/stm32f4xx_it.c **** /******************************************************************************/
  78:Core/Src/stm32f4xx_it.c **** /*           Cortex-M4 Processor Interruption and Exception Handlers          */
  79:Core/Src/stm32f4xx_it.c **** /******************************************************************************/
  80:Core/Src/stm32f4xx_it.c **** /**
  81:Core/Src/stm32f4xx_it.c ****   * @brief This function handles Non maskable interrupt.
  82:Core/Src/stm32f4xx_it.c ****   */
  83:Core/Src/stm32f4xx_it.c **** void NMI_Handler(void)
  84:Core/Src/stm32f4xx_it.c **** {
  29              		.loc 1 84 1 view -0
  30              		.cfi_startproc
  31              		@ Volatile: function does not return.
ARM GAS  C:\Users\lenovo\AppData\Local\Temp\ccwGT3yV.s 			page 3


  32              		@ args = 0, pretend = 0, frame = 0
  33              		@ frame_needed = 0, uses_anonymous_args = 0
  34              		@ link register save eliminated.
  35              	.L2:
  85:Core/Src/stm32f4xx_it.c ****   /* USER CODE BEGIN NonMaskableInt_IRQn 0 */
  86:Core/Src/stm32f4xx_it.c **** 
  87:Core/Src/stm32f4xx_it.c ****   /* USER CODE END NonMaskableInt_IRQn 0 */
  88:Core/Src/stm32f4xx_it.c ****   /* USER CODE BEGIN NonMaskableInt_IRQn 1 */
  89:Core/Src/stm32f4xx_it.c ****   while (1)
  36              		.loc 1 89 3 discriminator 1 view .LVU1
  90:Core/Src/stm32f4xx_it.c ****   {
  91:Core/Src/stm32f4xx_it.c ****   }
  37              		.loc 1 91 3 discriminator 1 view .LVU2
  89:Core/Src/stm32f4xx_it.c ****   {
  38              		.loc 1 89 9 discriminator 1 view .LVU3
  39 0000 FEE7     		b	.L2
  40              		.cfi_endproc
  41              	.LFE130:
  43              		.section	.text.HardFault_Handler,"ax",%progbits
  44              		.align	1
  45              		.global	HardFault_Handler
  46              		.syntax unified
  47              		.thumb
  48              		.thumb_func
  50              	HardFault_Handler:
  51              	.LFB131:
  92:Core/Src/stm32f4xx_it.c ****   /* USER CODE END NonMaskableInt_IRQn 1 */
  93:Core/Src/stm32f4xx_it.c **** }
  94:Core/Src/stm32f4xx_it.c **** 
  95:Core/Src/stm32f4xx_it.c **** /**
  96:Core/Src/stm32f4xx_it.c ****   * @brief This function handles Hard fault interrupt.
  97:Core/Src/stm32f4xx_it.c ****   */
  98:Core/Src/stm32f4xx_it.c **** void HardFault_Handler(void)
  99:Core/Src/stm32f4xx_it.c **** {
  52              		.loc 1 99 1 view -0
  53              		.cfi_startproc
  54              		@ Volatile: function does not return.
  55              		@ args = 0, pretend = 0, frame = 0
  56              		@ frame_needed = 0, uses_anonymous_args = 0
  57              		@ link register save eliminated.
  58              	.L4:
 100:Core/Src/stm32f4xx_it.c ****   /* USER CODE BEGIN HardFault_IRQn 0 */
 101:Core/Src/stm32f4xx_it.c **** 
 102:Core/Src/stm32f4xx_it.c ****   /* USER CODE END HardFault_IRQn 0 */
 103:Core/Src/stm32f4xx_it.c ****   while (1)
  59              		.loc 1 103 3 discriminator 1 view .LVU5
 104:Core/Src/stm32f4xx_it.c ****   {
 105:Core/Src/stm32f4xx_it.c ****     /* USER CODE BEGIN W1_HardFault_IRQn 0 */
 106:Core/Src/stm32f4xx_it.c ****     /* USER CODE END W1_HardFault_IRQn 0 */
 107:Core/Src/stm32f4xx_it.c ****   }
  60              		.loc 1 107 3 discriminator 1 view .LVU6
 103:Core/Src/stm32f4xx_it.c ****   {
  61              		.loc 1 103 9 discriminator 1 view .LVU7
  62 0000 FEE7     		b	.L4
  63              		.cfi_endproc
  64              	.LFE131:
  66              		.section	.text.MemManage_Handler,"ax",%progbits
ARM GAS  C:\Users\lenovo\AppData\Local\Temp\ccwGT3yV.s 			page 4


  67              		.align	1
  68              		.global	MemManage_Handler
  69              		.syntax unified
  70              		.thumb
  71              		.thumb_func
  73              	MemManage_Handler:
  74              	.LFB132:
 108:Core/Src/stm32f4xx_it.c **** }
 109:Core/Src/stm32f4xx_it.c **** 
 110:Core/Src/stm32f4xx_it.c **** /**
 111:Core/Src/stm32f4xx_it.c ****   * @brief This function handles Memory management fault.
 112:Core/Src/stm32f4xx_it.c ****   */
 113:Core/Src/stm32f4xx_it.c **** void MemManage_Handler(void)
 114:Core/Src/stm32f4xx_it.c **** {
  75              		.loc 1 114 1 view -0
  76              		.cfi_startproc
  77              		@ Volatile: function does not return.
  78              		@ args = 0, pretend = 0, frame = 0
  79              		@ frame_needed = 0, uses_anonymous_args = 0
  80              		@ link register save eliminated.
  81              	.L6:
 115:Core/Src/stm32f4xx_it.c ****   /* USER CODE BEGIN MemoryManagement_IRQn 0 */
 116:Core/Src/stm32f4xx_it.c **** 
 117:Core/Src/stm32f4xx_it.c ****   /* USER CODE END MemoryManagement_IRQn 0 */
 118:Core/Src/stm32f4xx_it.c ****   while (1)
  82              		.loc 1 118 3 discriminator 1 view .LVU9
 119:Core/Src/stm32f4xx_it.c ****   {
 120:Core/Src/stm32f4xx_it.c ****     /* USER CODE BEGIN W1_MemoryManagement_IRQn 0 */
 121:Core/Src/stm32f4xx_it.c ****     /* USER CODE END W1_MemoryManagement_IRQn 0 */
 122:Core/Src/stm32f4xx_it.c ****   }
  83              		.loc 1 122 3 discriminator 1 view .LVU10
 118:Core/Src/stm32f4xx_it.c ****   {
  84              		.loc 1 118 9 discriminator 1 view .LVU11
  85 0000 FEE7     		b	.L6
  86              		.cfi_endproc
  87              	.LFE132:
  89              		.section	.text.BusFault_Handler,"ax",%progbits
  90              		.align	1
  91              		.global	BusFault_Handler
  92              		.syntax unified
  93              		.thumb
  94              		.thumb_func
  96              	BusFault_Handler:
  97              	.LFB133:
 123:Core/Src/stm32f4xx_it.c **** }
 124:Core/Src/stm32f4xx_it.c **** 
 125:Core/Src/stm32f4xx_it.c **** /**
 126:Core/Src/stm32f4xx_it.c ****   * @brief This function handles Pre-fetch fault, memory access fault.
 127:Core/Src/stm32f4xx_it.c ****   */
 128:Core/Src/stm32f4xx_it.c **** void BusFault_Handler(void)
 129:Core/Src/stm32f4xx_it.c **** {
  98              		.loc 1 129 1 view -0
  99              		.cfi_startproc
 100              		@ Volatile: function does not return.
 101              		@ args = 0, pretend = 0, frame = 0
 102              		@ frame_needed = 0, uses_anonymous_args = 0
 103              		@ link register save eliminated.
ARM GAS  C:\Users\lenovo\AppData\Local\Temp\ccwGT3yV.s 			page 5


 104              	.L8:
 130:Core/Src/stm32f4xx_it.c ****   /* USER CODE BEGIN BusFault_IRQn 0 */
 131:Core/Src/stm32f4xx_it.c **** 
 132:Core/Src/stm32f4xx_it.c ****   /* USER CODE END BusFault_IRQn 0 */
 133:Core/Src/stm32f4xx_it.c ****   while (1)
 105              		.loc 1 133 3 discriminator 1 view .LVU13
 134:Core/Src/stm32f4xx_it.c ****   {
 135:Core/Src/stm32f4xx_it.c ****     /* USER CODE BEGIN W1_BusFault_IRQn 0 */
 136:Core/Src/stm32f4xx_it.c ****     /* USER CODE END W1_BusFault_IRQn 0 */
 137:Core/Src/stm32f4xx_it.c ****   }
 106              		.loc 1 137 3 discriminator 1 view .LVU14
 133:Core/Src/stm32f4xx_it.c ****   {
 107              		.loc 1 133 9 discriminator 1 view .LVU15
 108 0000 FEE7     		b	.L8
 109              		.cfi_endproc
 110              	.LFE133:
 112              		.section	.text.UsageFault_Handler,"ax",%progbits
 113              		.align	1
 114              		.global	UsageFault_Handler
 115              		.syntax unified
 116              		.thumb
 117              		.thumb_func
 119              	UsageFault_Handler:
 120              	.LFB134:
 138:Core/Src/stm32f4xx_it.c **** }
 139:Core/Src/stm32f4xx_it.c **** 
 140:Core/Src/stm32f4xx_it.c **** /**
 141:Core/Src/stm32f4xx_it.c ****   * @brief This function handles Undefined instruction or illegal state.
 142:Core/Src/stm32f4xx_it.c ****   */
 143:Core/Src/stm32f4xx_it.c **** void UsageFault_Handler(void)
 144:Core/Src/stm32f4xx_it.c **** {
 121              		.loc 1 144 1 view -0
 122              		.cfi_startproc
 123              		@ Volatile: function does not return.
 124              		@ args = 0, pretend = 0, frame = 0
 125              		@ frame_needed = 0, uses_anonymous_args = 0
 126              		@ link register save eliminated.
 127              	.L10:
 145:Core/Src/stm32f4xx_it.c ****   /* USER CODE BEGIN UsageFault_IRQn 0 */
 146:Core/Src/stm32f4xx_it.c **** 
 147:Core/Src/stm32f4xx_it.c ****   /* USER CODE END UsageFault_IRQn 0 */
 148:Core/Src/stm32f4xx_it.c ****   while (1)
 128              		.loc 1 148 3 discriminator 1 view .LVU17
 149:Core/Src/stm32f4xx_it.c ****   {
 150:Core/Src/stm32f4xx_it.c ****     /* USER CODE BEGIN W1_UsageFault_IRQn 0 */
 151:Core/Src/stm32f4xx_it.c ****     /* USER CODE END W1_UsageFault_IRQn 0 */
 152:Core/Src/stm32f4xx_it.c ****   }
 129              		.loc 1 152 3 discriminator 1 view .LVU18
 148:Core/Src/stm32f4xx_it.c ****   {
 130              		.loc 1 148 9 discriminator 1 view .LVU19
 131 0000 FEE7     		b	.L10
 132              		.cfi_endproc
 133              	.LFE134:
 135              		.section	.text.DebugMon_Handler,"ax",%progbits
 136              		.align	1
 137              		.global	DebugMon_Handler
 138              		.syntax unified
ARM GAS  C:\Users\lenovo\AppData\Local\Temp\ccwGT3yV.s 			page 6


 139              		.thumb
 140              		.thumb_func
 142              	DebugMon_Handler:
 143              	.LFB135:
 153:Core/Src/stm32f4xx_it.c **** }
 154:Core/Src/stm32f4xx_it.c **** 
 155:Core/Src/stm32f4xx_it.c **** /**
 156:Core/Src/stm32f4xx_it.c ****   * @brief This function handles Debug monitor.
 157:Core/Src/stm32f4xx_it.c ****   */
 158:Core/Src/stm32f4xx_it.c **** void DebugMon_Handler(void)
 159:Core/Src/stm32f4xx_it.c **** {
 144              		.loc 1 159 1 view -0
 145              		.cfi_startproc
 146              		@ args = 0, pretend = 0, frame = 0
 147              		@ frame_needed = 0, uses_anonymous_args = 0
 148              		@ link register save eliminated.
 160:Core/Src/stm32f4xx_it.c ****   /* USER CODE BEGIN DebugMonitor_IRQn 0 */
 161:Core/Src/stm32f4xx_it.c **** 
 162:Core/Src/stm32f4xx_it.c ****   /* USER CODE END DebugMonitor_IRQn 0 */
 163:Core/Src/stm32f4xx_it.c ****   /* USER CODE BEGIN DebugMonitor_IRQn 1 */
 164:Core/Src/stm32f4xx_it.c **** 
 165:Core/Src/stm32f4xx_it.c ****   /* USER CODE END DebugMonitor_IRQn 1 */
 166:Core/Src/stm32f4xx_it.c **** }
 149              		.loc 1 166 1 view .LVU21
 150 0000 7047     		bx	lr
 151              		.cfi_endproc
 152              	.LFE135:
 154              		.section	.text.DMA1_Stream1_IRQHandler,"ax",%progbits
 155              		.align	1
 156              		.global	DMA1_Stream1_IRQHandler
 157              		.syntax unified
 158              		.thumb
 159              		.thumb_func
 161              	DMA1_Stream1_IRQHandler:
 162              	.LFB136:
 167:Core/Src/stm32f4xx_it.c **** 
 168:Core/Src/stm32f4xx_it.c **** /******************************************************************************/
 169:Core/Src/stm32f4xx_it.c **** /* STM32F4xx Peripheral Interrupt Handlers                                    */
 170:Core/Src/stm32f4xx_it.c **** /* Add here the Interrupt Handlers for the used peripherals.                  */
 171:Core/Src/stm32f4xx_it.c **** /* For the available peripheral interrupt handler names,                      */
 172:Core/Src/stm32f4xx_it.c **** /* please refer to the startup file (startup_stm32f4xx.s).                    */
 173:Core/Src/stm32f4xx_it.c **** /******************************************************************************/
 174:Core/Src/stm32f4xx_it.c **** 
 175:Core/Src/stm32f4xx_it.c **** /**
 176:Core/Src/stm32f4xx_it.c ****   * @brief This function handles DMA1 stream1 global interrupt.
 177:Core/Src/stm32f4xx_it.c ****   */
 178:Core/Src/stm32f4xx_it.c **** void DMA1_Stream1_IRQHandler(void)
 179:Core/Src/stm32f4xx_it.c **** {
 163              		.loc 1 179 1 view -0
 164              		.cfi_startproc
 165              		@ args = 0, pretend = 0, frame = 0
 166              		@ frame_needed = 0, uses_anonymous_args = 0
 167 0000 08B5     		push	{r3, lr}
 168              	.LCFI0:
 169              		.cfi_def_cfa_offset 8
 170              		.cfi_offset 3, -8
 171              		.cfi_offset 14, -4
ARM GAS  C:\Users\lenovo\AppData\Local\Temp\ccwGT3yV.s 			page 7


 180:Core/Src/stm32f4xx_it.c ****   /* USER CODE BEGIN DMA1_Stream1_IRQn 0 */
 181:Core/Src/stm32f4xx_it.c **** 
 182:Core/Src/stm32f4xx_it.c ****   /* USER CODE END DMA1_Stream1_IRQn 0 */
 183:Core/Src/stm32f4xx_it.c ****   HAL_DMA_IRQHandler(&hdma_usart3_rx);
 172              		.loc 1 183 3 view .LVU23
 173 0002 0248     		ldr	r0, .L14
 174 0004 FFF7FEFF 		bl	HAL_DMA_IRQHandler
 175              	.LVL0:
 184:Core/Src/stm32f4xx_it.c ****   /* USER CODE BEGIN DMA1_Stream1_IRQn 1 */
 185:Core/Src/stm32f4xx_it.c **** 
 186:Core/Src/stm32f4xx_it.c ****   /* USER CODE END DMA1_Stream1_IRQn 1 */
 187:Core/Src/stm32f4xx_it.c **** }
 176              		.loc 1 187 1 is_stmt 0 view .LVU24
 177 0008 08BD     		pop	{r3, pc}
 178              	.L15:
 179 000a 00BF     		.align	2
 180              	.L14:
 181 000c 00000000 		.word	hdma_usart3_rx
 182              		.cfi_endproc
 183              	.LFE136:
 185              		.section	.text.CAN1_RX0_IRQHandler,"ax",%progbits
 186              		.align	1
 187              		.global	CAN1_RX0_IRQHandler
 188              		.syntax unified
 189              		.thumb
 190              		.thumb_func
 192              	CAN1_RX0_IRQHandler:
 193              	.LFB137:
 188:Core/Src/stm32f4xx_it.c **** 
 189:Core/Src/stm32f4xx_it.c **** /**
 190:Core/Src/stm32f4xx_it.c ****   * @brief This function handles CAN1 RX0 interrupts.
 191:Core/Src/stm32f4xx_it.c ****   */
 192:Core/Src/stm32f4xx_it.c **** void CAN1_RX0_IRQHandler(void)
 193:Core/Src/stm32f4xx_it.c **** {
 194              		.loc 1 193 1 is_stmt 1 view -0
 195              		.cfi_startproc
 196              		@ args = 0, pretend = 0, frame = 0
 197              		@ frame_needed = 0, uses_anonymous_args = 0
 198 0000 08B5     		push	{r3, lr}
 199              	.LCFI1:
 200              		.cfi_def_cfa_offset 8
 201              		.cfi_offset 3, -8
 202              		.cfi_offset 14, -4
 194:Core/Src/stm32f4xx_it.c ****   /* USER CODE BEGIN CAN1_RX0_IRQn 0 */
 195:Core/Src/stm32f4xx_it.c **** 
 196:Core/Src/stm32f4xx_it.c ****   /* USER CODE END CAN1_RX0_IRQn 0 */
 197:Core/Src/stm32f4xx_it.c ****   HAL_CAN_IRQHandler(&hcan1);
 203              		.loc 1 197 3 view .LVU26
 204 0002 0248     		ldr	r0, .L18
 205 0004 FFF7FEFF 		bl	HAL_CAN_IRQHandler
 206              	.LVL1:
 198:Core/Src/stm32f4xx_it.c ****   /* USER CODE BEGIN CAN1_RX0_IRQn 1 */
 199:Core/Src/stm32f4xx_it.c **** 
 200:Core/Src/stm32f4xx_it.c ****   /* USER CODE END CAN1_RX0_IRQn 1 */
 201:Core/Src/stm32f4xx_it.c **** }
 207              		.loc 1 201 1 is_stmt 0 view .LVU27
 208 0008 08BD     		pop	{r3, pc}
ARM GAS  C:\Users\lenovo\AppData\Local\Temp\ccwGT3yV.s 			page 8


 209              	.L19:
 210 000a 00BF     		.align	2
 211              	.L18:
 212 000c 00000000 		.word	hcan1
 213              		.cfi_endproc
 214              	.LFE137:
 216              		.section	.text.CAN1_RX1_IRQHandler,"ax",%progbits
 217              		.align	1
 218              		.global	CAN1_RX1_IRQHandler
 219              		.syntax unified
 220              		.thumb
 221              		.thumb_func
 223              	CAN1_RX1_IRQHandler:
 224              	.LFB138:
 202:Core/Src/stm32f4xx_it.c **** 
 203:Core/Src/stm32f4xx_it.c **** /**
 204:Core/Src/stm32f4xx_it.c ****   * @brief This function handles CAN1 RX1 interrupt.
 205:Core/Src/stm32f4xx_it.c ****   */
 206:Core/Src/stm32f4xx_it.c **** void CAN1_RX1_IRQHandler(void)
 207:Core/Src/stm32f4xx_it.c **** {
 225              		.loc 1 207 1 is_stmt 1 view -0
 226              		.cfi_startproc
 227              		@ args = 0, pretend = 0, frame = 0
 228              		@ frame_needed = 0, uses_anonymous_args = 0
 229 0000 08B5     		push	{r3, lr}
 230              	.LCFI2:
 231              		.cfi_def_cfa_offset 8
 232              		.cfi_offset 3, -8
 233              		.cfi_offset 14, -4
 208:Core/Src/stm32f4xx_it.c ****   /* USER CODE BEGIN CAN1_RX1_IRQn 0 */
 209:Core/Src/stm32f4xx_it.c **** 
 210:Core/Src/stm32f4xx_it.c ****   /* USER CODE END CAN1_RX1_IRQn 0 */
 211:Core/Src/stm32f4xx_it.c ****   HAL_CAN_IRQHandler(&hcan1);
 234              		.loc 1 211 3 view .LVU29
 235 0002 0248     		ldr	r0, .L22
 236 0004 FFF7FEFF 		bl	HAL_CAN_IRQHandler
 237              	.LVL2:
 212:Core/Src/stm32f4xx_it.c ****   /* USER CODE BEGIN CAN1_RX1_IRQn 1 */
 213:Core/Src/stm32f4xx_it.c **** 
 214:Core/Src/stm32f4xx_it.c ****   /* USER CODE END CAN1_RX1_IRQn 1 */
 215:Core/Src/stm32f4xx_it.c **** }
 238              		.loc 1 215 1 is_stmt 0 view .LVU30
 239 0008 08BD     		pop	{r3, pc}
 240              	.L23:
 241 000a 00BF     		.align	2
 242              	.L22:
 243 000c 00000000 		.word	hcan1
 244              		.cfi_endproc
 245              	.LFE138:
 247              		.section	.text.USART1_IRQHandler,"ax",%progbits
 248              		.align	1
 249              		.global	USART1_IRQHandler
 250              		.syntax unified
 251              		.thumb
 252              		.thumb_func
 254              	USART1_IRQHandler:
 255              	.LFB139:
ARM GAS  C:\Users\lenovo\AppData\Local\Temp\ccwGT3yV.s 			page 9


 216:Core/Src/stm32f4xx_it.c **** 
 217:Core/Src/stm32f4xx_it.c **** /**
 218:Core/Src/stm32f4xx_it.c ****   * @brief This function handles USART1 global interrupt.
 219:Core/Src/stm32f4xx_it.c ****   */
 220:Core/Src/stm32f4xx_it.c **** void USART1_IRQHandler(void)
 221:Core/Src/stm32f4xx_it.c **** {
 256              		.loc 1 221 1 is_stmt 1 view -0
 257              		.cfi_startproc
 258              		@ args = 0, pretend = 0, frame = 0
 259              		@ frame_needed = 0, uses_anonymous_args = 0
 260 0000 10B5     		push	{r4, lr}
 261              	.LCFI3:
 262              		.cfi_def_cfa_offset 8
 263              		.cfi_offset 4, -8
 264              		.cfi_offset 14, -4
 222:Core/Src/stm32f4xx_it.c ****   /* USER CODE BEGIN USART1_IRQn 0 */
 223:Core/Src/stm32f4xx_it.c **** 
 224:Core/Src/stm32f4xx_it.c ****   /* USER CODE END USART1_IRQn 0 */
 225:Core/Src/stm32f4xx_it.c ****   HAL_UART_IRQHandler(&huart1);
 265              		.loc 1 225 3 view .LVU32
 266 0002 044C     		ldr	r4, .L26
 267 0004 2046     		mov	r0, r4
 268 0006 FFF7FEFF 		bl	HAL_UART_IRQHandler
 269              	.LVL3:
 226:Core/Src/stm32f4xx_it.c ****   /* USER CODE BEGIN USART1_IRQn 1 */
 227:Core/Src/stm32f4xx_it.c ****   BSP_UART_IRQHandler(&huart1);
 270              		.loc 1 227 3 view .LVU33
 271 000a 2046     		mov	r0, r4
 272 000c FFF7FEFF 		bl	BSP_UART_IRQHandler
 273              	.LVL4:
 228:Core/Src/stm32f4xx_it.c ****   /* USER CODE END USART1_IRQn 1 */
 229:Core/Src/stm32f4xx_it.c **** }
 274              		.loc 1 229 1 is_stmt 0 view .LVU34
 275 0010 10BD     		pop	{r4, pc}
 276              	.L27:
 277 0012 00BF     		.align	2
 278              	.L26:
 279 0014 00000000 		.word	huart1
 280              		.cfi_endproc
 281              	.LFE139:
 283              		.section	.text.USART3_IRQHandler,"ax",%progbits
 284              		.align	1
 285              		.global	USART3_IRQHandler
 286              		.syntax unified
 287              		.thumb
 288              		.thumb_func
 290              	USART3_IRQHandler:
 291              	.LFB140:
 230:Core/Src/stm32f4xx_it.c **** 
 231:Core/Src/stm32f4xx_it.c **** /**
 232:Core/Src/stm32f4xx_it.c ****   * @brief This function handles USART3 global interrupt.
 233:Core/Src/stm32f4xx_it.c ****   */
 234:Core/Src/stm32f4xx_it.c **** void USART3_IRQHandler(void)
 235:Core/Src/stm32f4xx_it.c **** {
 292              		.loc 1 235 1 is_stmt 1 view -0
 293              		.cfi_startproc
 294              		@ args = 0, pretend = 0, frame = 0
ARM GAS  C:\Users\lenovo\AppData\Local\Temp\ccwGT3yV.s 			page 10


 295              		@ frame_needed = 0, uses_anonymous_args = 0
 296 0000 10B5     		push	{r4, lr}
 297              	.LCFI4:
 298              		.cfi_def_cfa_offset 8
 299              		.cfi_offset 4, -8
 300              		.cfi_offset 14, -4
 236:Core/Src/stm32f4xx_it.c ****   /* USER CODE BEGIN USART3_IRQn 0 */
 237:Core/Src/stm32f4xx_it.c **** 
 238:Core/Src/stm32f4xx_it.c ****   /* USER CODE END USART3_IRQn 0 */
 239:Core/Src/stm32f4xx_it.c ****   HAL_UART_IRQHandler(&huart3);
 301              		.loc 1 239 3 view .LVU36
 302 0002 044C     		ldr	r4, .L30
 303 0004 2046     		mov	r0, r4
 304 0006 FFF7FEFF 		bl	HAL_UART_IRQHandler
 305              	.LVL5:
 240:Core/Src/stm32f4xx_it.c ****   /* USER CODE BEGIN USART3_IRQn 1 */
 241:Core/Src/stm32f4xx_it.c ****   BSP_UART_IRQHandler(&huart3);
 306              		.loc 1 241 3 view .LVU37
 307 000a 2046     		mov	r0, r4
 308 000c FFF7FEFF 		bl	BSP_UART_IRQHandler
 309              	.LVL6:
 242:Core/Src/stm32f4xx_it.c ****   /* USER CODE END USART3_IRQn 1 */
 243:Core/Src/stm32f4xx_it.c **** }
 310              		.loc 1 243 1 is_stmt 0 view .LVU38
 311 0010 10BD     		pop	{r4, pc}
 312              	.L31:
 313 0012 00BF     		.align	2
 314              	.L30:
 315 0014 00000000 		.word	huart3
 316              		.cfi_endproc
 317              	.LFE140:
 319              		.section	.text.TIM8_TRG_COM_TIM14_IRQHandler,"ax",%progbits
 320              		.align	1
 321              		.global	TIM8_TRG_COM_TIM14_IRQHandler
 322              		.syntax unified
 323              		.thumb
 324              		.thumb_func
 326              	TIM8_TRG_COM_TIM14_IRQHandler:
 327              	.LFB141:
 244:Core/Src/stm32f4xx_it.c **** 
 245:Core/Src/stm32f4xx_it.c **** /**
 246:Core/Src/stm32f4xx_it.c ****   * @brief This function handles TIM8 trigger and commutation interrupts and TIM14 global interrupt
 247:Core/Src/stm32f4xx_it.c ****   */
 248:Core/Src/stm32f4xx_it.c **** void TIM8_TRG_COM_TIM14_IRQHandler(void)
 249:Core/Src/stm32f4xx_it.c **** {
 328              		.loc 1 249 1 is_stmt 1 view -0
 329              		.cfi_startproc
 330              		@ args = 0, pretend = 0, frame = 0
 331              		@ frame_needed = 0, uses_anonymous_args = 0
 332 0000 08B5     		push	{r3, lr}
 333              	.LCFI5:
 334              		.cfi_def_cfa_offset 8
 335              		.cfi_offset 3, -8
 336              		.cfi_offset 14, -4
 250:Core/Src/stm32f4xx_it.c ****   /* USER CODE BEGIN TIM8_TRG_COM_TIM14_IRQn 0 */
 251:Core/Src/stm32f4xx_it.c **** 
 252:Core/Src/stm32f4xx_it.c ****   /* USER CODE END TIM8_TRG_COM_TIM14_IRQn 0 */
ARM GAS  C:\Users\lenovo\AppData\Local\Temp\ccwGT3yV.s 			page 11


 253:Core/Src/stm32f4xx_it.c ****   HAL_TIM_IRQHandler(&htim8);
 337              		.loc 1 253 3 view .LVU40
 338 0002 0348     		ldr	r0, .L34
 339 0004 FFF7FEFF 		bl	HAL_TIM_IRQHandler
 340              	.LVL7:
 254:Core/Src/stm32f4xx_it.c ****   HAL_TIM_IRQHandler(&htim14);
 341              		.loc 1 254 3 view .LVU41
 342 0008 0248     		ldr	r0, .L34+4
 343 000a FFF7FEFF 		bl	HAL_TIM_IRQHandler
 344              	.LVL8:
 255:Core/Src/stm32f4xx_it.c ****   /* USER CODE BEGIN TIM8_TRG_COM_TIM14_IRQn 1 */
 256:Core/Src/stm32f4xx_it.c **** 
 257:Core/Src/stm32f4xx_it.c ****   /* USER CODE END TIM8_TRG_COM_TIM14_IRQn 1 */
 258:Core/Src/stm32f4xx_it.c **** }
 345              		.loc 1 258 1 is_stmt 0 view .LVU42
 346 000e 08BD     		pop	{r3, pc}
 347              	.L35:
 348              		.align	2
 349              	.L34:
 350 0010 00000000 		.word	htim8
 351 0014 00000000 		.word	htim14
 352              		.cfi_endproc
 353              	.LFE141:
 355              		.section	.text.DMA2_Stream1_IRQHandler,"ax",%progbits
 356              		.align	1
 357              		.global	DMA2_Stream1_IRQHandler
 358              		.syntax unified
 359              		.thumb
 360              		.thumb_func
 362              	DMA2_Stream1_IRQHandler:
 363              	.LFB142:
 259:Core/Src/stm32f4xx_it.c **** 
 260:Core/Src/stm32f4xx_it.c **** /**
 261:Core/Src/stm32f4xx_it.c ****   * @brief This function handles DMA2 stream1 global interrupt.
 262:Core/Src/stm32f4xx_it.c ****   */
 263:Core/Src/stm32f4xx_it.c **** void DMA2_Stream1_IRQHandler(void)
 264:Core/Src/stm32f4xx_it.c **** {
 364              		.loc 1 264 1 is_stmt 1 view -0
 365              		.cfi_startproc
 366              		@ args = 0, pretend = 0, frame = 0
 367              		@ frame_needed = 0, uses_anonymous_args = 0
 368 0000 08B5     		push	{r3, lr}
 369              	.LCFI6:
 370              		.cfi_def_cfa_offset 8
 371              		.cfi_offset 3, -8
 372              		.cfi_offset 14, -4
 265:Core/Src/stm32f4xx_it.c ****   /* USER CODE BEGIN DMA2_Stream1_IRQn 0 */
 266:Core/Src/stm32f4xx_it.c **** 
 267:Core/Src/stm32f4xx_it.c ****   /* USER CODE END DMA2_Stream1_IRQn 0 */
 268:Core/Src/stm32f4xx_it.c ****   HAL_DMA_IRQHandler(&hdma_usart6_rx);
 373              		.loc 1 268 3 view .LVU44
 374 0002 0248     		ldr	r0, .L38
 375 0004 FFF7FEFF 		bl	HAL_DMA_IRQHandler
 376              	.LVL9:
 269:Core/Src/stm32f4xx_it.c ****   /* USER CODE BEGIN DMA2_Stream1_IRQn 1 */
 270:Core/Src/stm32f4xx_it.c **** 
 271:Core/Src/stm32f4xx_it.c ****   /* USER CODE END DMA2_Stream1_IRQn 1 */
ARM GAS  C:\Users\lenovo\AppData\Local\Temp\ccwGT3yV.s 			page 12


 272:Core/Src/stm32f4xx_it.c **** }
 377              		.loc 1 272 1 is_stmt 0 view .LVU45
 378 0008 08BD     		pop	{r3, pc}
 379              	.L39:
 380 000a 00BF     		.align	2
 381              	.L38:
 382 000c 00000000 		.word	hdma_usart6_rx
 383              		.cfi_endproc
 384              	.LFE142:
 386              		.section	.text.DMA2_Stream2_IRQHandler,"ax",%progbits
 387              		.align	1
 388              		.global	DMA2_Stream2_IRQHandler
 389              		.syntax unified
 390              		.thumb
 391              		.thumb_func
 393              	DMA2_Stream2_IRQHandler:
 394              	.LFB143:
 273:Core/Src/stm32f4xx_it.c **** 
 274:Core/Src/stm32f4xx_it.c **** /**
 275:Core/Src/stm32f4xx_it.c ****   * @brief This function handles DMA2 stream2 global interrupt.
 276:Core/Src/stm32f4xx_it.c ****   */
 277:Core/Src/stm32f4xx_it.c **** void DMA2_Stream2_IRQHandler(void)
 278:Core/Src/stm32f4xx_it.c **** {
 395              		.loc 1 278 1 is_stmt 1 view -0
 396              		.cfi_startproc
 397              		@ args = 0, pretend = 0, frame = 0
 398              		@ frame_needed = 0, uses_anonymous_args = 0
 399 0000 08B5     		push	{r3, lr}
 400              	.LCFI7:
 401              		.cfi_def_cfa_offset 8
 402              		.cfi_offset 3, -8
 403              		.cfi_offset 14, -4
 279:Core/Src/stm32f4xx_it.c ****   /* USER CODE BEGIN DMA2_Stream2_IRQn 0 */
 280:Core/Src/stm32f4xx_it.c **** 
 281:Core/Src/stm32f4xx_it.c ****   /* USER CODE END DMA2_Stream2_IRQn 0 */
 282:Core/Src/stm32f4xx_it.c ****   HAL_DMA_IRQHandler(&hdma_usart1_rx);
 404              		.loc 1 282 3 view .LVU47
 405 0002 0248     		ldr	r0, .L42
 406 0004 FFF7FEFF 		bl	HAL_DMA_IRQHandler
 407              	.LVL10:
 283:Core/Src/stm32f4xx_it.c ****   /* USER CODE BEGIN DMA2_Stream2_IRQn 1 */
 284:Core/Src/stm32f4xx_it.c **** 
 285:Core/Src/stm32f4xx_it.c ****   /* USER CODE END DMA2_Stream2_IRQn 1 */
 286:Core/Src/stm32f4xx_it.c **** }
 408              		.loc 1 286 1 is_stmt 0 view .LVU48
 409 0008 08BD     		pop	{r3, pc}
 410              	.L43:
 411 000a 00BF     		.align	2
 412              	.L42:
 413 000c 00000000 		.word	hdma_usart1_rx
 414              		.cfi_endproc
 415              	.LFE143:
 417              		.section	.text.CAN2_RX0_IRQHandler,"ax",%progbits
 418              		.align	1
 419              		.global	CAN2_RX0_IRQHandler
 420              		.syntax unified
 421              		.thumb
ARM GAS  C:\Users\lenovo\AppData\Local\Temp\ccwGT3yV.s 			page 13


 422              		.thumb_func
 424              	CAN2_RX0_IRQHandler:
 425              	.LFB144:
 287:Core/Src/stm32f4xx_it.c **** 
 288:Core/Src/stm32f4xx_it.c **** /**
 289:Core/Src/stm32f4xx_it.c ****   * @brief This function handles CAN2 RX0 interrupts.
 290:Core/Src/stm32f4xx_it.c ****   */
 291:Core/Src/stm32f4xx_it.c **** void CAN2_RX0_IRQHandler(void)
 292:Core/Src/stm32f4xx_it.c **** {
 426              		.loc 1 292 1 is_stmt 1 view -0
 427              		.cfi_startproc
 428              		@ args = 0, pretend = 0, frame = 0
 429              		@ frame_needed = 0, uses_anonymous_args = 0
 430 0000 08B5     		push	{r3, lr}
 431              	.LCFI8:
 432              		.cfi_def_cfa_offset 8
 433              		.cfi_offset 3, -8
 434              		.cfi_offset 14, -4
 293:Core/Src/stm32f4xx_it.c ****   /* USER CODE BEGIN CAN2_RX0_IRQn 0 */
 294:Core/Src/stm32f4xx_it.c **** 
 295:Core/Src/stm32f4xx_it.c ****   /* USER CODE END CAN2_RX0_IRQn 0 */
 296:Core/Src/stm32f4xx_it.c ****   HAL_CAN_IRQHandler(&hcan2);
 435              		.loc 1 296 3 view .LVU50
 436 0002 0248     		ldr	r0, .L46
 437 0004 FFF7FEFF 		bl	HAL_CAN_IRQHandler
 438              	.LVL11:
 297:Core/Src/stm32f4xx_it.c ****   /* USER CODE BEGIN CAN2_RX0_IRQn 1 */
 298:Core/Src/stm32f4xx_it.c **** 
 299:Core/Src/stm32f4xx_it.c ****   /* USER CODE END CAN2_RX0_IRQn 1 */
 300:Core/Src/stm32f4xx_it.c **** }
 439              		.loc 1 300 1 is_stmt 0 view .LVU51
 440 0008 08BD     		pop	{r3, pc}
 441              	.L47:
 442 000a 00BF     		.align	2
 443              	.L46:
 444 000c 00000000 		.word	hcan2
 445              		.cfi_endproc
 446              	.LFE144:
 448              		.section	.text.CAN2_RX1_IRQHandler,"ax",%progbits
 449              		.align	1
 450              		.global	CAN2_RX1_IRQHandler
 451              		.syntax unified
 452              		.thumb
 453              		.thumb_func
 455              	CAN2_RX1_IRQHandler:
 456              	.LFB145:
 301:Core/Src/stm32f4xx_it.c **** 
 302:Core/Src/stm32f4xx_it.c **** /**
 303:Core/Src/stm32f4xx_it.c ****   * @brief This function handles CAN2 RX1 interrupt.
 304:Core/Src/stm32f4xx_it.c ****   */
 305:Core/Src/stm32f4xx_it.c **** void CAN2_RX1_IRQHandler(void)
 306:Core/Src/stm32f4xx_it.c **** {
 457              		.loc 1 306 1 is_stmt 1 view -0
 458              		.cfi_startproc
 459              		@ args = 0, pretend = 0, frame = 0
 460              		@ frame_needed = 0, uses_anonymous_args = 0
 461 0000 08B5     		push	{r3, lr}
ARM GAS  C:\Users\lenovo\AppData\Local\Temp\ccwGT3yV.s 			page 14


 462              	.LCFI9:
 463              		.cfi_def_cfa_offset 8
 464              		.cfi_offset 3, -8
 465              		.cfi_offset 14, -4
 307:Core/Src/stm32f4xx_it.c ****   /* USER CODE BEGIN CAN2_RX1_IRQn 0 */
 308:Core/Src/stm32f4xx_it.c ****   /* USER CODE END CAN2_RX1_IRQn 0 */
 309:Core/Src/stm32f4xx_it.c ****   HAL_CAN_IRQHandler(&hcan2);
 466              		.loc 1 309 3 view .LVU53
 467 0002 0248     		ldr	r0, .L50
 468 0004 FFF7FEFF 		bl	HAL_CAN_IRQHandler
 469              	.LVL12:
 310:Core/Src/stm32f4xx_it.c ****   /* USER CODE BEGIN CAN2_RX1_IRQn 1 */
 311:Core/Src/stm32f4xx_it.c **** 
 312:Core/Src/stm32f4xx_it.c ****   /* USER CODE END CAN2_RX1_IRQn 1 */
 313:Core/Src/stm32f4xx_it.c **** }
 470              		.loc 1 313 1 is_stmt 0 view .LVU54
 471 0008 08BD     		pop	{r3, pc}
 472              	.L51:
 473 000a 00BF     		.align	2
 474              	.L50:
 475 000c 00000000 		.word	hcan2
 476              		.cfi_endproc
 477              	.LFE145:
 479              		.section	.text.DMA2_Stream6_IRQHandler,"ax",%progbits
 480              		.align	1
 481              		.global	DMA2_Stream6_IRQHandler
 482              		.syntax unified
 483              		.thumb
 484              		.thumb_func
 486              	DMA2_Stream6_IRQHandler:
 487              	.LFB146:
 314:Core/Src/stm32f4xx_it.c **** 
 315:Core/Src/stm32f4xx_it.c **** /**
 316:Core/Src/stm32f4xx_it.c ****   * @brief This function handles DMA2 stream6 global interrupt.
 317:Core/Src/stm32f4xx_it.c ****   */
 318:Core/Src/stm32f4xx_it.c **** void DMA2_Stream6_IRQHandler(void)
 319:Core/Src/stm32f4xx_it.c **** {
 488              		.loc 1 319 1 is_stmt 1 view -0
 489              		.cfi_startproc
 490              		@ args = 0, pretend = 0, frame = 0
 491              		@ frame_needed = 0, uses_anonymous_args = 0
 492 0000 08B5     		push	{r3, lr}
 493              	.LCFI10:
 494              		.cfi_def_cfa_offset 8
 495              		.cfi_offset 3, -8
 496              		.cfi_offset 14, -4
 320:Core/Src/stm32f4xx_it.c ****   /* USER CODE BEGIN DMA2_Stream6_IRQn 0 */
 321:Core/Src/stm32f4xx_it.c **** 
 322:Core/Src/stm32f4xx_it.c ****   /* USER CODE END DMA2_Stream6_IRQn 0 */
 323:Core/Src/stm32f4xx_it.c ****   HAL_DMA_IRQHandler(&hdma_usart6_tx);
 497              		.loc 1 323 3 view .LVU56
 498 0002 0248     		ldr	r0, .L54
 499 0004 FFF7FEFF 		bl	HAL_DMA_IRQHandler
 500              	.LVL13:
 324:Core/Src/stm32f4xx_it.c ****   /* USER CODE BEGIN DMA2_Stream6_IRQn 1 */
 325:Core/Src/stm32f4xx_it.c **** 
 326:Core/Src/stm32f4xx_it.c ****   /* USER CODE END DMA2_Stream6_IRQn 1 */
ARM GAS  C:\Users\lenovo\AppData\Local\Temp\ccwGT3yV.s 			page 15


 327:Core/Src/stm32f4xx_it.c **** }
 501              		.loc 1 327 1 is_stmt 0 view .LVU57
 502 0008 08BD     		pop	{r3, pc}
 503              	.L55:
 504 000a 00BF     		.align	2
 505              	.L54:
 506 000c 00000000 		.word	hdma_usart6_tx
 507              		.cfi_endproc
 508              	.LFE146:
 510              		.section	.text.DMA2_Stream7_IRQHandler,"ax",%progbits
 511              		.align	1
 512              		.global	DMA2_Stream7_IRQHandler
 513              		.syntax unified
 514              		.thumb
 515              		.thumb_func
 517              	DMA2_Stream7_IRQHandler:
 518              	.LFB147:
 328:Core/Src/stm32f4xx_it.c **** 
 329:Core/Src/stm32f4xx_it.c **** /**
 330:Core/Src/stm32f4xx_it.c ****   * @brief This function handles DMA2 stream7 global interrupt.
 331:Core/Src/stm32f4xx_it.c ****   */
 332:Core/Src/stm32f4xx_it.c **** void DMA2_Stream7_IRQHandler(void)
 333:Core/Src/stm32f4xx_it.c **** {
 519              		.loc 1 333 1 is_stmt 1 view -0
 520              		.cfi_startproc
 521              		@ args = 0, pretend = 0, frame = 0
 522              		@ frame_needed = 0, uses_anonymous_args = 0
 523 0000 08B5     		push	{r3, lr}
 524              	.LCFI11:
 525              		.cfi_def_cfa_offset 8
 526              		.cfi_offset 3, -8
 527              		.cfi_offset 14, -4
 334:Core/Src/stm32f4xx_it.c ****   /* USER CODE BEGIN DMA2_Stream7_IRQn 0 */
 335:Core/Src/stm32f4xx_it.c **** 
 336:Core/Src/stm32f4xx_it.c ****   /* USER CODE END DMA2_Stream7_IRQn 0 */
 337:Core/Src/stm32f4xx_it.c ****   HAL_DMA_IRQHandler(&hdma_usart1_tx);
 528              		.loc 1 337 3 view .LVU59
 529 0002 0248     		ldr	r0, .L58
 530 0004 FFF7FEFF 		bl	HAL_DMA_IRQHandler
 531              	.LVL14:
 338:Core/Src/stm32f4xx_it.c ****   /* USER CODE BEGIN DMA2_Stream7_IRQn 1 */
 339:Core/Src/stm32f4xx_it.c **** 
 340:Core/Src/stm32f4xx_it.c ****   /* USER CODE END DMA2_Stream7_IRQn 1 */
 341:Core/Src/stm32f4xx_it.c **** }
 532              		.loc 1 341 1 is_stmt 0 view .LVU60
 533 0008 08BD     		pop	{r3, pc}
 534              	.L59:
 535 000a 00BF     		.align	2
 536              	.L58:
 537 000c 00000000 		.word	hdma_usart1_tx
 538              		.cfi_endproc
 539              	.LFE147:
 541              		.section	.text.USART6_IRQHandler,"ax",%progbits
 542              		.align	1
 543              		.global	USART6_IRQHandler
 544              		.syntax unified
 545              		.thumb
ARM GAS  C:\Users\lenovo\AppData\Local\Temp\ccwGT3yV.s 			page 16


 546              		.thumb_func
 548              	USART6_IRQHandler:
 549              	.LFB148:
 342:Core/Src/stm32f4xx_it.c **** 
 343:Core/Src/stm32f4xx_it.c **** /**
 344:Core/Src/stm32f4xx_it.c ****   * @brief This function handles USART6 global interrupt.
 345:Core/Src/stm32f4xx_it.c ****   */
 346:Core/Src/stm32f4xx_it.c **** void USART6_IRQHandler(void)
 347:Core/Src/stm32f4xx_it.c **** {
 550              		.loc 1 347 1 is_stmt 1 view -0
 551              		.cfi_startproc
 552              		@ args = 0, pretend = 0, frame = 0
 553              		@ frame_needed = 0, uses_anonymous_args = 0
 554 0000 10B5     		push	{r4, lr}
 555              	.LCFI12:
 556              		.cfi_def_cfa_offset 8
 557              		.cfi_offset 4, -8
 558              		.cfi_offset 14, -4
 348:Core/Src/stm32f4xx_it.c ****   /* USER CODE BEGIN USART6_IRQn 0 */
 349:Core/Src/stm32f4xx_it.c **** 
 350:Core/Src/stm32f4xx_it.c ****   /* USER CODE END USART6_IRQn 0 */
 351:Core/Src/stm32f4xx_it.c ****   HAL_UART_IRQHandler(&huart6);
 559              		.loc 1 351 3 view .LVU62
 560 0002 044C     		ldr	r4, .L62
 561 0004 2046     		mov	r0, r4
 562 0006 FFF7FEFF 		bl	HAL_UART_IRQHandler
 563              	.LVL15:
 352:Core/Src/stm32f4xx_it.c ****   /* USER CODE BEGIN USART6_IRQn 1 */
 353:Core/Src/stm32f4xx_it.c ****   BSP_UART_IRQHandler(&huart6);
 564              		.loc 1 353 3 view .LVU63
 565 000a 2046     		mov	r0, r4
 566 000c FFF7FEFF 		bl	BSP_UART_IRQHandler
 567              	.LVL16:
 354:Core/Src/stm32f4xx_it.c ****   /* USER CODE END USART6_IRQn 1 */
 355:Core/Src/stm32f4xx_it.c **** }
 568              		.loc 1 355 1 is_stmt 0 view .LVU64
 569 0010 10BD     		pop	{r4, pc}
 570              	.L63:
 571 0012 00BF     		.align	2
 572              	.L62:
 573 0014 00000000 		.word	huart6
 574              		.cfi_endproc
 575              	.LFE148:
 577              		.text
 578              	.Letext0:
 579              		.file 2 "d:\\gcc-arm-none-eabi\\arm-none-eabi\\include\\machine\\_default_types.h"
 580              		.file 3 "d:\\gcc-arm-none-eabi\\arm-none-eabi\\include\\sys\\_stdint.h"
 581              		.file 4 "Drivers/CMSIS/Device/ST/STM32F4xx/Include/stm32f407xx.h"
 582              		.file 5 "Drivers/CMSIS/Device/ST/STM32F4xx/Include/stm32f4xx.h"
 583              		.file 6 "Drivers/STM32F4xx_HAL_Driver/Inc/stm32f4xx_hal_def.h"
 584              		.file 7 "Drivers/STM32F4xx_HAL_Driver/Inc/stm32f4xx_hal_dma.h"
 585              		.file 8 "Drivers/STM32F4xx_HAL_Driver/Inc/stm32f4xx_hal_can.h"
 586              		.file 9 "Drivers/STM32F4xx_HAL_Driver/Inc/stm32f4xx_hal_tim.h"
 587              		.file 10 "Drivers/STM32F4xx_HAL_Driver/Inc/stm32f4xx_hal_uart.h"
 588              		.file 11 "Core/Inc/usart.h"
 589              		.file 12 "Core/BSP/interface/bsp_uart.h"
ARM GAS  C:\Users\lenovo\AppData\Local\Temp\ccwGT3yV.s 			page 17


DEFINED SYMBOLS
                            *ABS*:00000000 stm32f4xx_it.c
C:\Users\lenovo\AppData\Local\Temp\ccwGT3yV.s:20     .text.NMI_Handler:00000000 $t
C:\Users\lenovo\AppData\Local\Temp\ccwGT3yV.s:26     .text.NMI_Handler:00000000 NMI_Handler
C:\Users\lenovo\AppData\Local\Temp\ccwGT3yV.s:44     .text.HardFault_Handler:00000000 $t
C:\Users\lenovo\AppData\Local\Temp\ccwGT3yV.s:50     .text.HardFault_Handler:00000000 HardFault_Handler
C:\Users\lenovo\AppData\Local\Temp\ccwGT3yV.s:67     .text.MemManage_Handler:00000000 $t
C:\Users\lenovo\AppData\Local\Temp\ccwGT3yV.s:73     .text.MemManage_Handler:00000000 MemManage_Handler
C:\Users\lenovo\AppData\Local\Temp\ccwGT3yV.s:90     .text.BusFault_Handler:00000000 $t
C:\Users\lenovo\AppData\Local\Temp\ccwGT3yV.s:96     .text.BusFault_Handler:00000000 BusFault_Handler
C:\Users\lenovo\AppData\Local\Temp\ccwGT3yV.s:113    .text.UsageFault_Handler:00000000 $t
C:\Users\lenovo\AppData\Local\Temp\ccwGT3yV.s:119    .text.UsageFault_Handler:00000000 UsageFault_Handler
C:\Users\lenovo\AppData\Local\Temp\ccwGT3yV.s:136    .text.DebugMon_Handler:00000000 $t
C:\Users\lenovo\AppData\Local\Temp\ccwGT3yV.s:142    .text.DebugMon_Handler:00000000 DebugMon_Handler
C:\Users\lenovo\AppData\Local\Temp\ccwGT3yV.s:155    .text.DMA1_Stream1_IRQHandler:00000000 $t
C:\Users\lenovo\AppData\Local\Temp\ccwGT3yV.s:161    .text.DMA1_Stream1_IRQHandler:00000000 DMA1_Stream1_IRQHandler
C:\Users\lenovo\AppData\Local\Temp\ccwGT3yV.s:181    .text.DMA1_Stream1_IRQHandler:0000000c $d
C:\Users\lenovo\AppData\Local\Temp\ccwGT3yV.s:186    .text.CAN1_RX0_IRQHandler:00000000 $t
C:\Users\lenovo\AppData\Local\Temp\ccwGT3yV.s:192    .text.CAN1_RX0_IRQHandler:00000000 CAN1_RX0_IRQHandler
C:\Users\lenovo\AppData\Local\Temp\ccwGT3yV.s:212    .text.CAN1_RX0_IRQHandler:0000000c $d
C:\Users\lenovo\AppData\Local\Temp\ccwGT3yV.s:217    .text.CAN1_RX1_IRQHandler:00000000 $t
C:\Users\lenovo\AppData\Local\Temp\ccwGT3yV.s:223    .text.CAN1_RX1_IRQHandler:00000000 CAN1_RX1_IRQHandler
C:\Users\lenovo\AppData\Local\Temp\ccwGT3yV.s:243    .text.CAN1_RX1_IRQHandler:0000000c $d
C:\Users\lenovo\AppData\Local\Temp\ccwGT3yV.s:248    .text.USART1_IRQHandler:00000000 $t
C:\Users\lenovo\AppData\Local\Temp\ccwGT3yV.s:254    .text.USART1_IRQHandler:00000000 USART1_IRQHandler
C:\Users\lenovo\AppData\Local\Temp\ccwGT3yV.s:279    .text.USART1_IRQHandler:00000014 $d
C:\Users\lenovo\AppData\Local\Temp\ccwGT3yV.s:284    .text.USART3_IRQHandler:00000000 $t
C:\Users\lenovo\AppData\Local\Temp\ccwGT3yV.s:290    .text.USART3_IRQHandler:00000000 USART3_IRQHandler
C:\Users\lenovo\AppData\Local\Temp\ccwGT3yV.s:315    .text.USART3_IRQHandler:00000014 $d
C:\Users\lenovo\AppData\Local\Temp\ccwGT3yV.s:320    .text.TIM8_TRG_COM_TIM14_IRQHandler:00000000 $t
C:\Users\lenovo\AppData\Local\Temp\ccwGT3yV.s:326    .text.TIM8_TRG_COM_TIM14_IRQHandler:00000000 TIM8_TRG_COM_TIM14_IRQHandler
C:\Users\lenovo\AppData\Local\Temp\ccwGT3yV.s:350    .text.TIM8_TRG_COM_TIM14_IRQHandler:00000010 $d
C:\Users\lenovo\AppData\Local\Temp\ccwGT3yV.s:356    .text.DMA2_Stream1_IRQHandler:00000000 $t
C:\Users\lenovo\AppData\Local\Temp\ccwGT3yV.s:362    .text.DMA2_Stream1_IRQHandler:00000000 DMA2_Stream1_IRQHandler
C:\Users\lenovo\AppData\Local\Temp\ccwGT3yV.s:382    .text.DMA2_Stream1_IRQHandler:0000000c $d
C:\Users\lenovo\AppData\Local\Temp\ccwGT3yV.s:387    .text.DMA2_Stream2_IRQHandler:00000000 $t
C:\Users\lenovo\AppData\Local\Temp\ccwGT3yV.s:393    .text.DMA2_Stream2_IRQHandler:00000000 DMA2_Stream2_IRQHandler
C:\Users\lenovo\AppData\Local\Temp\ccwGT3yV.s:413    .text.DMA2_Stream2_IRQHandler:0000000c $d
C:\Users\lenovo\AppData\Local\Temp\ccwGT3yV.s:418    .text.CAN2_RX0_IRQHandler:00000000 $t
C:\Users\lenovo\AppData\Local\Temp\ccwGT3yV.s:424    .text.CAN2_RX0_IRQHandler:00000000 CAN2_RX0_IRQHandler
C:\Users\lenovo\AppData\Local\Temp\ccwGT3yV.s:444    .text.CAN2_RX0_IRQHandler:0000000c $d
C:\Users\lenovo\AppData\Local\Temp\ccwGT3yV.s:449    .text.CAN2_RX1_IRQHandler:00000000 $t
C:\Users\lenovo\AppData\Local\Temp\ccwGT3yV.s:455    .text.CAN2_RX1_IRQHandler:00000000 CAN2_RX1_IRQHandler
C:\Users\lenovo\AppData\Local\Temp\ccwGT3yV.s:475    .text.CAN2_RX1_IRQHandler:0000000c $d
C:\Users\lenovo\AppData\Local\Temp\ccwGT3yV.s:480    .text.DMA2_Stream6_IRQHandler:00000000 $t
C:\Users\lenovo\AppData\Local\Temp\ccwGT3yV.s:486    .text.DMA2_Stream6_IRQHandler:00000000 DMA2_Stream6_IRQHandler
C:\Users\lenovo\AppData\Local\Temp\ccwGT3yV.s:506    .text.DMA2_Stream6_IRQHandler:0000000c $d
C:\Users\lenovo\AppData\Local\Temp\ccwGT3yV.s:511    .text.DMA2_Stream7_IRQHandler:00000000 $t
C:\Users\lenovo\AppData\Local\Temp\ccwGT3yV.s:517    .text.DMA2_Stream7_IRQHandler:00000000 DMA2_Stream7_IRQHandler
C:\Users\lenovo\AppData\Local\Temp\ccwGT3yV.s:537    .text.DMA2_Stream7_IRQHandler:0000000c $d
C:\Users\lenovo\AppData\Local\Temp\ccwGT3yV.s:542    .text.USART6_IRQHandler:00000000 $t
C:\Users\lenovo\AppData\Local\Temp\ccwGT3yV.s:548    .text.USART6_IRQHandler:00000000 USART6_IRQHandler
C:\Users\lenovo\AppData\Local\Temp\ccwGT3yV.s:573    .text.USART6_IRQHandler:00000014 $d

UNDEFINED SYMBOLS
HAL_DMA_IRQHandler
hdma_usart3_rx
ARM GAS  C:\Users\lenovo\AppData\Local\Temp\ccwGT3yV.s 			page 18


HAL_CAN_IRQHandler
hcan1
HAL_UART_IRQHandler
BSP_UART_IRQHandler
huart1
huart3
HAL_TIM_IRQHandler
htim8
htim14
hdma_usart6_rx
hdma_usart1_rx
hcan2
hdma_usart6_tx
hdma_usart1_tx
huart6
