ARM GAS  C:\Users\lenovo\AppData\Local\Temp\ccvERDC8.s 			page 1


   1              		.cpu cortex-m4
   2              		.arch armv7e-m
   3              		.fpu fpv4-sp-d16
   4              		.eabi_attribute 27, 1
   5              		.eabi_attribute 28, 1
   6              		.eabi_attribute 20, 1
   7              		.eabi_attribute 21, 1
   8              		.eabi_attribute 23, 3
   9              		.eabi_attribute 24, 1
  10              		.eabi_attribute 25, 1
  11              		.eabi_attribute 26, 1
  12              		.eabi_attribute 30, 1
  13              		.eabi_attribute 34, 1
  14              		.eabi_attribute 18, 4
  15              		.file	"uart_send.c"
  16              		.text
  17              	.Ltext0:
  18              		.cfi_sections	.debug_frame
  19              		.section	.text.UartSend_Create,"ax",%progbits
  20              		.align	1
  21              		.global	UartSend_Create
  22              		.syntax unified
  23              		.thumb
  24              		.thumb_func
  26              	UartSend_Create:
  27              	.LVL0:
  28              	.LFB130:
  29              		.file 1 "Core/HAL/driver/com/uart_send.c"
   1:Core/HAL/driver/com/uart_send.c **** #include "uart_send.h"
   2:Core/HAL/driver/com/uart_send.c **** 
   3:Core/HAL/driver/com/uart_send.c **** #include "bsp_uart.h"
   4:Core/HAL/driver/com/uart_send.c **** #include "stdlib.h"
   5:Core/HAL/driver/com/uart_send.c **** #include "string.h"
   6:Core/HAL/driver/com/uart_send.c **** uart_send* UartSend_Create(uart_send_config* config) {
  30              		.loc 1 6 54 view -0
  31              		.cfi_startproc
  32              		@ args = 0, pretend = 0, frame = 0
  33              		@ frame_needed = 0, uses_anonymous_args = 0
  34              		.loc 1 6 54 is_stmt 0 view .LVU1
  35 0000 38B5     		push	{r3, r4, r5, lr}
  36              	.LCFI0:
  37              		.cfi_def_cfa_offset 16
  38              		.cfi_offset 3, -16
  39              		.cfi_offset 4, -12
  40              		.cfi_offset 5, -8
  41              		.cfi_offset 14, -4
  42 0002 0546     		mov	r5, r0
   7:Core/HAL/driver/com/uart_send.c ****     uart_send* obj = (uart_send*)malloc(sizeof(uart_send));
  43              		.loc 1 7 5 is_stmt 1 view .LVU2
  44              		.loc 1 7 34 is_stmt 0 view .LVU3
  45 0004 0720     		movs	r0, #7
  46              	.LVL1:
  47              		.loc 1 7 34 view .LVU4
  48 0006 FFF7FEFF 		bl	malloc
  49              	.LVL2:
  50 000a 0446     		mov	r4, r0
  51              	.LVL3:
ARM GAS  C:\Users\lenovo\AppData\Local\Temp\ccvERDC8.s 			page 2


   8:Core/HAL/driver/com/uart_send.c ****     memset(obj, 0, sizeof(uart_send));
  52              		.loc 1 8 5 is_stmt 1 view .LVU5
  53 000c 0023     		movs	r3, #0
  54 000e 0360     		str	r3, [r0]	@ unaligned
  55 0010 C0F80330 		str	r3, [r0, #3]	@ unaligned
   9:Core/HAL/driver/com/uart_send.c ****     obj->config = *config;
  56              		.loc 1 9 5 view .LVU6
  57              		.loc 1 9 17 is_stmt 0 view .LVU7
  58 0014 2B88     		ldrh	r3, [r5]	@ unaligned
  59 0016 0380     		strh	r3, [r0]	@ unaligned
  10:Core/HAL/driver/com/uart_send.c ****     obj->buf_len = obj->config.data_len + 5;
  60              		.loc 1 10 5 is_stmt 1 view .LVU8
  61              		.loc 1 10 31 is_stmt 0 view .LVU9
  62 0018 4078     		ldrb	r0, [r0, #1]	@ zero_extendqisi2
  63              	.LVL4:
  64              		.loc 1 10 41 view .LVU10
  65 001a 0530     		adds	r0, r0, #5
  66 001c C0B2     		uxtb	r0, r0
  67              		.loc 1 10 18 view .LVU11
  68 001e A071     		strb	r0, [r4, #6]
  11:Core/HAL/driver/com/uart_send.c ****     obj->txbuf = (uint8_t*)malloc(obj->buf_len);
  69              		.loc 1 11 5 is_stmt 1 view .LVU12
  70              		.loc 1 11 28 is_stmt 0 view .LVU13
  71 0020 FFF7FEFF 		bl	malloc
  72              	.LVL5:
  73              		.loc 1 11 16 view .LVU14
  74 0024 C4F80200 		str	r0, [r4, #2]	@ unaligned
  12:Core/HAL/driver/com/uart_send.c ****     obj->txbuf[0] = 's';
  75              		.loc 1 12 5 is_stmt 1 view .LVU15
  76              		.loc 1 12 19 is_stmt 0 view .LVU16
  77 0028 7323     		movs	r3, #115
  78 002a 0370     		strb	r3, [r0]
  13:Core/HAL/driver/com/uart_send.c ****     obj->txbuf[1] = obj->config.data_len;
  79              		.loc 1 13 5 is_stmt 1 view .LVU17
  80              		.loc 1 13 8 is_stmt 0 view .LVU18
  81 002c D4F80230 		ldr	r3, [r4, #2]	@ unaligned
  82              		.loc 1 13 32 view .LVU19
  83 0030 6278     		ldrb	r2, [r4, #1]	@ zero_extendqisi2
  84              		.loc 1 13 19 view .LVU20
  85 0032 5A70     		strb	r2, [r3, #1]
  14:Core/HAL/driver/com/uart_send.c ****     obj->txbuf[obj->buf_len - 1] = 'e';
  86              		.loc 1 14 5 is_stmt 1 view .LVU21
  87              		.loc 1 14 8 is_stmt 0 view .LVU22
  88 0034 D4F80220 		ldr	r2, [r4, #2]	@ unaligned
  89              		.loc 1 14 19 view .LVU23
  90 0038 A379     		ldrb	r3, [r4, #6]	@ zero_extendqisi2
  91              		.loc 1 14 15 view .LVU24
  92 003a 013B     		subs	r3, r3, #1
  93              		.loc 1 14 34 view .LVU25
  94 003c 6521     		movs	r1, #101
  95 003e D154     		strb	r1, [r2, r3]
  15:Core/HAL/driver/com/uart_send.c ****     return obj;
  96              		.loc 1 15 5 is_stmt 1 view .LVU26
  16:Core/HAL/driver/com/uart_send.c **** }
  97              		.loc 1 16 1 is_stmt 0 view .LVU27
  98 0040 2046     		mov	r0, r4
  99 0042 38BD     		pop	{r3, r4, r5, pc}
ARM GAS  C:\Users\lenovo\AppData\Local\Temp\ccvERDC8.s 			page 3


 100              		.loc 1 16 1 view .LVU28
 101              		.cfi_endproc
 102              	.LFE130:
 104              		.section	.text.UartSend_Send,"ax",%progbits
 105              		.align	1
 106              		.global	UartSend_Send
 107              		.syntax unified
 108              		.thumb
 109              		.thumb_func
 111              	UartSend_Send:
 112              	.LVL6:
 113              	.LFB131:
  17:Core/HAL/driver/com/uart_send.c **** void UartSend_Send(uart_send* obj, uint8_t* data) {
 114              		.loc 1 17 51 is_stmt 1 view -0
 115              		.cfi_startproc
 116              		@ args = 0, pretend = 0, frame = 0
 117              		@ frame_needed = 0, uses_anonymous_args = 0
 118              		.loc 1 17 51 is_stmt 0 view .LVU30
 119 0000 10B5     		push	{r4, lr}
 120              	.LCFI1:
 121              		.cfi_def_cfa_offset 8
 122              		.cfi_offset 4, -8
 123              		.cfi_offset 14, -4
 124 0002 0446     		mov	r4, r0
  18:Core/HAL/driver/com/uart_send.c ****     memcpy(obj->txbuf + 2, data, obj->config.data_len);
 125              		.loc 1 18 5 is_stmt 1 view .LVU31
 126              		.loc 1 18 15 is_stmt 0 view .LVU32
 127 0004 D0F80200 		ldr	r0, [r0, #2]	@ unaligned
 128              	.LVL7:
 129              		.loc 1 18 5 view .LVU33
 130 0008 6278     		ldrb	r2, [r4, #1]	@ zero_extendqisi2
 131 000a 0230     		adds	r0, r0, #2
 132 000c FFF7FEFF 		bl	memcpy
 133              	.LVL8:
  19:Core/HAL/driver/com/uart_send.c ****     uint16_t crc_now = CRC16_Modbus_calc(obj->txbuf + 1, obj->config.data_len + 1, crc16_default);
 134              		.loc 1 19 5 is_stmt 1 view .LVU34
 135              		.loc 1 19 45 is_stmt 0 view .LVU35
 136 0010 D4F80200 		ldr	r0, [r4, #2]	@ unaligned
 137              		.loc 1 19 69 view .LVU36
 138 0014 6178     		ldrb	r1, [r4, #1]	@ zero_extendqisi2
 139              		.loc 1 19 24 view .LVU37
 140 0016 094B     		ldr	r3, .L5
 141 0018 1A68     		ldr	r2, [r3]
 142 001a 0131     		adds	r1, r1, #1
 143 001c 0130     		adds	r0, r0, #1
 144 001e FFF7FEFF 		bl	CRC16_Modbus_calc
 145              	.LVL9:
  20:Core/HAL/driver/com/uart_send.c ****     memcpy(obj->txbuf + 2 + obj->config.data_len, &crc_now, 2);
 146              		.loc 1 20 5 is_stmt 1 view .LVU38
 147              		.loc 1 20 15 is_stmt 0 view .LVU39
 148 0022 D4F80220 		ldr	r2, [r4, #2]	@ unaligned
 149              		.loc 1 20 40 view .LVU40
 150 0026 6378     		ldrb	r3, [r4, #1]	@ zero_extendqisi2
 151              		.loc 1 20 27 view .LVU41
 152 0028 0233     		adds	r3, r3, #2
 153              		.loc 1 20 5 view .LVU42
 154 002a D052     		strh	r0, [r2, r3]	@ unaligned
ARM GAS  C:\Users\lenovo\AppData\Local\Temp\ccvERDC8.s 			page 4


  21:Core/HAL/driver/com/uart_send.c ****     BSP_UART_Send_DMA(obj->config.bsp_uart_index, obj->txbuf, obj->buf_len);
 155              		.loc 1 21 5 is_stmt 1 view .LVU43
 156 002c A279     		ldrb	r2, [r4, #6]	@ zero_extendqisi2
 157 002e D4F80210 		ldr	r1, [r4, #2]	@ unaligned
 158 0032 2078     		ldrb	r0, [r4]	@ zero_extendqisi2
 159              	.LVL10:
 160              		.loc 1 21 5 is_stmt 0 view .LVU44
 161 0034 FFF7FEFF 		bl	BSP_UART_Send_DMA
 162              	.LVL11:
  22:Core/HAL/driver/com/uart_send.c **** }...
 163              		.loc 1 22 1 view .LVU45
 164 0038 10BD     		pop	{r4, pc}
 165              	.LVL12:
 166              	.L6:
 167              		.loc 1 22 1 view .LVU46
 168 003a 00BF     		.align	2
 169              	.L5:
 170 003c 00000000 		.word	crc16_default
 171              		.cfi_endproc
 172              	.LFE131:
 174              		.text
 175              	.Letext0:
 176              		.file 2 "d:\\gcc-arm-none-eabi\\arm-none-eabi\\include\\machine\\_default_types.h"
 177              		.file 3 "d:\\gcc-arm-none-eabi\\arm-none-eabi\\include\\sys\\_stdint.h"
 178              		.file 4 "Core/HAL/lib/soft_crc.h"
 179              		.file 5 "Core/HAL/driver/com/uart_send.h"
 180              		.file 6 "Core/BSP/interface/bsp_uart.h"
 181              		.file 7 "d:\\gcc-arm-none-eabi\\arm-none-eabi\\include\\stdlib.h"
 182              		.file 8 "<built-in>"
ARM GAS  C:\Users\lenovo\AppData\Local\Temp\ccvERDC8.s 			page 5


DEFINED SYMBOLS
                            *ABS*:00000000 uart_send.c
C:\Users\lenovo\AppData\Local\Temp\ccvERDC8.s:20     .text.UartSend_Create:00000000 $t
C:\Users\lenovo\AppData\Local\Temp\ccvERDC8.s:26     .text.UartSend_Create:00000000 UartSend_Create
C:\Users\lenovo\AppData\Local\Temp\ccvERDC8.s:105    .text.UartSend_Send:00000000 $t
C:\Users\lenovo\AppData\Local\Temp\ccvERDC8.s:111    .text.UartSend_Send:00000000 UartSend_Send
C:\Users\lenovo\AppData\Local\Temp\ccvERDC8.s:170    .text.UartSend_Send:0000003c $d

UNDEFINED SYMBOLS
malloc
memcpy
CRC16_Modbus_calc
BSP_UART_Send_DMA
crc16_default
